INFO:root:===> Loading datasets
INFO:root:===> Building model
INFO:root:Namespace(arch='FiveLayerCNN', batch_size=2, criterion='cross-entropy', data='256x256-split', epochs=3, lr=0.001, momentum=0.9, no_cuda=False, optimizer='SGD')
INFO:root:===> Training
INFO:root:Epoch 1
INFO:root:10 batches loss: 4.660768651962281
INFO:root:10 batches loss: 4.239681720733643
INFO:root:10 batches loss: 4.20183424949646
INFO:root:10 batches loss: 4.218427991867065
INFO:root:10 batches loss: 4.232431936264038
INFO:root:10 batches loss: 4.141986083984375
INFO:root:10 batches loss: 4.173608136177063
INFO:root:10 batches loss: 4.165451622009277
INFO:root:10 batches loss: 4.210505795478821
INFO:root:10 batches loss: 4.139139127731323
INFO:root:10 batches loss: 4.084095406532287
INFO:root:10 batches loss: 4.180768895149231
INFO:root:10 batches loss: 4.1544379711151125
INFO:root:10 batches loss: 4.186251187324524
INFO:root:10 batches loss: 4.115830063819885
INFO:root:10 batches loss: 4.161683225631714
INFO:root:10 batches loss: 4.178537893295288
INFO:root:10 batches loss: 4.132624650001526
INFO:root:10 batches loss: 4.190001678466797
INFO:root:10 batches loss: 4.269394493103027
INFO:root:10 batches loss: 4.119351816177368
INFO:root:10 batches loss: 4.171989250183105
INFO:root:10 batches loss: 4.110543847084045
INFO:root:10 batches loss: 4.088098001480103
INFO:root:10 batches loss: 4.044922423362732
INFO:root:10 batches loss: 4.14713487625122
INFO:root:10 batches loss: 4.101978659629822
INFO:root:10 batches loss: 4.178009843826294
INFO:root:10 batches loss: 4.1560509443283085
INFO:root:10 batches loss: 4.029131436347962
INFO:root:10 batches loss: 4.023175597190857
INFO:root:10 batches loss: 4.049510359764099
INFO:root:10 batches loss: 4.126156568527222
INFO:root:10 batches loss: 4.167132425308227
INFO:root:10 batches loss: 4.192755556106567
INFO:root:10 batches loss: 4.067258715629578
INFO:root:10 batches loss: 4.108405065536499
INFO:root:10 batches loss: 4.085486364364624
INFO:root:10 batches loss: 4.112939095497131
INFO:root:10 batches loss: 4.077780365943909
INFO:root:10 batches loss: 3.9852002620697022
INFO:root:10 batches loss: 4.123196005821228
INFO:root:10 batches loss: 4.134334444999695
INFO:root:10 batches loss: 4.0088438272476195
INFO:root:10 batches loss: 4.041264247894287
INFO:root:10 batches loss: 4.013938283920288
INFO:root:10 batches loss: 4.084655857086181
INFO:root:10 batches loss: 4.108555507659912
INFO:root:10 batches loss: 4.125001621246338
INFO:root:10 batches loss: 4.168230485916138
INFO:root:10 batches loss: 4.167260646820068
INFO:root:10 batches loss: 4.00516140460968
INFO:root:10 batches loss: 4.029290986061096
INFO:root:10 batches loss: 4.153900051116944
INFO:root:10 batches loss: 4.086809301376343
INFO:root:10 batches loss: 4.038635921478272
INFO:root:10 batches loss: 4.057224988937378
INFO:root:10 batches loss: 4.168892669677734
INFO:root:10 batches loss: 4.07542200088501
INFO:root:10 batches loss: 4.105597472190857
INFO:root:10 batches loss: 4.191627883911133
INFO:root:10 batches loss: 4.228348970413208
INFO:root:10 batches loss: 4.061181807518006
INFO:root:10 batches loss: 4.123332357406616
INFO:root:10 batches loss: 4.073885250091553
INFO:root:10 batches loss: 4.037701082229614
INFO:root:10 batches loss: 4.079771399497986
INFO:root:10 batches loss: 4.178792238235474
INFO:root:10 batches loss: 4.0555603981018065
INFO:root:10 batches loss: 4.056150960922241
INFO:root:10 batches loss: 4.128571391105652
INFO:root:10 batches loss: 4.0966185331344604
INFO:root:10 batches loss: 3.9864824295043944
INFO:root:10 batches loss: 3.962488603591919
INFO:root:10 batches loss: 4.054094457626343
INFO:root:10 batches loss: 4.09253077507019
INFO:root:10 batches loss: 4.005224514007568
INFO:root:10 batches loss: 3.940295433998108
INFO:root:10 batches loss: 4.0588237047195435
INFO:root:10 batches loss: 4.019738340377808
INFO:root:10 batches loss: 4.042347431182861
INFO:root:10 batches loss: 4.078399515151977
INFO:root:10 batches loss: 4.102115869522095
INFO:root:10 batches loss: 3.9947004556655883
INFO:root:10 batches loss: 3.988375425338745
INFO:root:10 batches loss: 4.030364990234375
INFO:root:10 batches loss: 3.8644404649734496
INFO:root:10 batches loss: 3.926950550079346
INFO:root:10 batches loss: 4.034887051582336
INFO:root:10 batches loss: 3.999600648880005
INFO:root:10 batches loss: 4.0632630586624146
INFO:root:10 batches loss: 4.083608150482178
INFO:root:10 batches loss: 3.9609044075012205
INFO:root:10 batches loss: 3.990808057785034
INFO:root:10 batches loss: 4.139871048927307
INFO:root:10 batches loss: 4.120079302787781
INFO:root:10 batches loss: 4.004666590690613
INFO:root:10 batches loss: 3.952927851676941
INFO:root:10 batches loss: 4.085997271537781
INFO:root:10 batches loss: 4.117576622962952
INFO:root:10 batches loss: 4.122021222114563
INFO:root:10 batches loss: 4.020177745819092
INFO:root:10 batches loss: 4.038898468017578
INFO:root:10 batches loss: 4.2023125171661375
INFO:root:10 batches loss: 4.16449134349823
INFO:root:10 batches loss: 4.033587503433227
INFO:root:10 batches loss: 4.083490991592408
INFO:root:10 batches loss: 3.9799087285995483
INFO:root:10 batches loss: 4.025107765197754
INFO:root:10 batches loss: 3.9858974695205687
INFO:root:10 batches loss: 4.023002505302429
INFO:root:10 batches loss: 4.106309533119202
INFO:root:10 batches loss: 3.9999736309051515
INFO:root:10 batches loss: 3.9649322271347045
INFO:root:10 batches loss: 4.021178936958313
INFO:root:10 batches loss: 4.028616094589234
INFO:root:10 batches loss: 4.06575379371643
INFO:root:10 batches loss: 4.149219083786011
INFO:root:10 batches loss: 4.024108600616455
INFO:root:10 batches loss: 3.9683494567871094
INFO:root:10 batches loss: 4.095061039924621
INFO:root:10 batches loss: 4.0447056770324705
INFO:root:10 batches loss: 3.930928897857666
INFO:root:10 batches loss: 3.9721010446548464
INFO:root:10 batches loss: 4.092898321151734
INFO:root:10 batches loss: 3.994588923454285
INFO:root:10 batches loss: 4.056469082832336
INFO:root:10 batches loss: 4.019259119033814
INFO:root:10 batches loss: 4.060764861106873
INFO:root:10 batches loss: 3.957047200202942
INFO:root:10 batches loss: 4.083783364295959
INFO:root:10 batches loss: 4.106477522850037
INFO:root:10 batches loss: 3.9525922775268554
INFO:root:10 batches loss: 4.105331635475158
INFO:root:10 batches loss: 4.023788595199585
INFO:root:10 batches loss: 3.936111235618591
INFO:root:10 batches loss: 3.9691718101501463
INFO:root:10 batches loss: 4.029299354553222
INFO:root:10 batches loss: 4.113393092155457
INFO:root:10 batches loss: 4.138855147361755
INFO:root:10 batches loss: 4.0629305124282835
INFO:root:10 batches loss: 3.9955767154693604
INFO:root:10 batches loss: 3.858023476600647
INFO:root:10 batches loss: 4.046768593788147
INFO:root:10 batches loss: 4.088291430473328
INFO:root:10 batches loss: 3.9899367570877073
INFO:root:10 batches loss: 3.985131525993347
INFO:root:10 batches loss: 4.0001202583312985
INFO:root:10 batches loss: 3.9920277118682863
INFO:root:10 batches loss: 3.870815324783325
INFO:root:10 batches loss: 4.0348451137542725
INFO:root:10 batches loss: 4.032011151313782
INFO:root:10 batches loss: 3.975154685974121
INFO:root:10 batches loss: 3.976992440223694
INFO:root:10 batches loss: 4.0659773588180546
INFO:root:10 batches loss: 4.127088570594788
INFO:root:10 batches loss: 4.067008471488952
INFO:root:10 batches loss: 3.9249375581741335
INFO:root:10 batches loss: 4.07301619052887
INFO:root:10 batches loss: 4.02233099937439
INFO:root:10 batches loss: 4.026872277259827
INFO:root:10 batches loss: 3.976643419265747
INFO:root:10 batches loss: 3.975869393348694
INFO:root:10 batches loss: 3.99763822555542
INFO:root:10 batches loss: 3.92842059135437
INFO:root:10 batches loss: 3.846256470680237
INFO:root:10 batches loss: 4.073279619216919
INFO:root:10 batches loss: 4.053820681571961
INFO:root:10 batches loss: 4.028120112419129
INFO:root:10 batches loss: 3.9927098989486693
INFO:root:10 batches loss: 4.076053619384766
INFO:root:10 batches loss: 4.048277831077575
INFO:root:10 batches loss: 3.938821291923523
INFO:root:10 batches loss: 4.03490309715271
INFO:root:10 batches loss: 3.912618398666382
INFO:root:10 batches loss: 4.038739967346191
INFO:root:10 batches loss: 3.92292582988739
INFO:root:10 batches loss: 4.037713718414307
INFO:root:10 batches loss: 3.985451602935791
INFO:root:10 batches loss: 4.025998854637146
INFO:root:10 batches loss: 4.151470184326172
INFO:root:10 batches loss: 4.00588891506195
INFO:root:10 batches loss: 4.031349849700928
INFO:root:10 batches loss: 3.9422268629074098
INFO:root:10 batches loss: 4.027740621566773
INFO:root:10 batches loss: 4.0514424562454225
INFO:root:10 batches loss: 3.932613706588745
INFO:root:10 batches loss: 3.895557236671448
INFO:root:10 batches loss: 4.068468832969666
INFO:root:10 batches loss: 3.916007971763611
INFO:root:10 batches loss: 4.007697558403015
INFO:root:10 batches loss: 4.018327355384827
INFO:root:10 batches loss: 4.083161687850952
INFO:root:10 batches loss: 4.0604312181472775
INFO:root:10 batches loss: 4.03075909614563
INFO:root:10 batches loss: 4.021367120742798
INFO:root:10 batches loss: 4.014342617988587
INFO:root:10 batches loss: 4.009354829788208
INFO:root:10 batches loss: 4.113558220863342
INFO:root:10 batches loss: 3.8695448637008667
INFO:root:10 batches loss: 3.87537887096405
INFO:root:10 batches loss: 3.8176061630249025
INFO:root:10 batches loss: 4.110459637641907
INFO:root:10 batches loss: 3.8807568550109863
INFO:root:10 batches loss: 4.121217656135559
INFO:root:10 batches loss: 4.027043247222901
INFO:root:10 batches loss: 3.9131288290023805
INFO:root:10 batches loss: 3.998299217224121
INFO:root:10 batches loss: 3.9997642993927003
INFO:root:10 batches loss: 3.886360597610474
INFO:root:10 batches loss: 4.101086282730103
INFO:root:10 batches loss: 3.9571699142456054
INFO:root:10 batches loss: 4.029556035995483
INFO:root:10 batches loss: 3.9929802894592283
INFO:root:10 batches loss: 3.903799319267273
INFO:root:10 batches loss: 4.034050250053406
INFO:root:10 batches loss: 3.9603678464889525
INFO:root:10 batches loss: 4.1386141061782835
INFO:root:10 batches loss: 4.065165615081787
INFO:root:10 batches loss: 4.148490834236145
INFO:root:10 batches loss: 4.013030242919922
INFO:root:10 batches loss: 3.9913623571395873
INFO:root:10 batches loss: 3.9341516494750977
INFO:root:10 batches loss: 3.9141820669174194
INFO:root:10 batches loss: 3.995697784423828
INFO:root:10 batches loss: 3.9630215883255007
INFO:root:10 batches loss: 3.8306142330169677
INFO:root:10 batches loss: 3.9205250263214113
INFO:root:10 batches loss: 4.015049862861633
INFO:root:10 batches loss: 3.8549060344696047
INFO:root:10 batches loss: 4.037020850181579
INFO:root:10 batches loss: 4.062449860572815
INFO:root:10 batches loss: 3.8593937873840334
INFO:root:10 batches loss: 4.005690479278565
INFO:root:10 batches loss: 3.763594555854797
INFO:root:10 batches loss: 4.116661810874939
INFO:root:10 batches loss: 4.037774062156677
INFO:root:10 batches loss: 3.8049037218093873
INFO:root:10 batches loss: 3.893883466720581
INFO:root:10 batches loss: 4.12852258682251
INFO:root:10 batches loss: 3.9838369369506834
INFO:root:10 batches loss: 3.923118829727173
INFO:root:10 batches loss: 4.043303036689759
INFO:root:10 batches loss: 3.94269278049469
INFO:root:10 batches loss: 4.019520688056946
INFO:root:10 batches loss: 4.081812381744385
INFO:root:10 batches loss: 3.9447235107421874
INFO:root:10 batches loss: 3.9825802564620973
INFO:root:10 batches loss: 3.9253422021865845
INFO:root:10 batches loss: 3.868034100532532
INFO:root:10 batches loss: 3.9437989950180055
INFO:root:10 batches loss: 4.182503747940063
INFO:root:10 batches loss: 3.8536365747451784
INFO:root:10 batches loss: 3.9700455904006957
INFO:root:10 batches loss: 4.002566504478454
INFO:root:10 batches loss: 4.000799083709717
INFO:root:10 batches loss: 3.926548647880554
INFO:root:10 batches loss: 4.032674026489258
INFO:root:10 batches loss: 3.987199831008911
INFO:root:10 batches loss: 4.0556916952133175
INFO:root:10 batches loss: 3.8819306612014772
INFO:root:10 batches loss: 3.909547734260559
INFO:root:10 batches loss: 3.949431133270264
INFO:root:10 batches loss: 4.0892938613891605
INFO:root:10 batches loss: 3.8550940990447997
INFO:root:10 batches loss: 4.139876198768616
INFO:root:10 batches loss: 3.8807316541671755
INFO:root:10 batches loss: 3.7896345376968386
INFO:root:10 batches loss: 3.9807990312576296
INFO:root:10 batches loss: 4.065818500518799
INFO:root:10 batches loss: 3.869390296936035
INFO:root:10 batches loss: 3.9676830530166627
INFO:root:10 batches loss: 3.814777636528015
INFO:root:10 batches loss: 4.073141884803772
INFO:root:10 batches loss: 3.768170976638794
INFO:root:10 batches loss: 3.9667398929595947
INFO:root:10 batches loss: 4.111306953430176
INFO:root:10 batches loss: 3.8354596376419066
INFO:root:10 batches loss: 3.814364194869995
INFO:root:10 batches loss: 3.9465599060058594
INFO:root:10 batches loss: 4.042896318435669
INFO:root:10 batches loss: 3.9624820709228517
INFO:root:10 batches loss: 3.8788954973220826
INFO:root:10 batches loss: 3.8724228382110595
INFO:root:10 batches loss: 3.9974382638931276
INFO:root:10 batches loss: 3.998429465293884
INFO:root:10 batches loss: 4.050199055671692
INFO:root:10 batches loss: 4.048348498344422
INFO:root:10 batches loss: 3.865581822395325
INFO:root:10 batches loss: 3.9018999576568603
INFO:root:10 batches loss: 3.9990753889083863
INFO:root:10 batches loss: 3.8947924852371214
INFO:root:10 batches loss: 4.001839327812195
INFO:root:10 batches loss: 3.7724858045578005
INFO:root:10 batches loss: 4.077198958396911
INFO:root:10 batches loss: 4.256865215301514
INFO:root:10 batches loss: 3.9783401250839234
INFO:root:10 batches loss: 3.7717427730560305
INFO:root:10 batches loss: 3.9115432024002077
INFO:root:10 batches loss: 3.867552065849304
INFO:root:10 batches loss: 3.950601577758789
INFO:root:10 batches loss: 4.0305753469467165
INFO:root:10 batches loss: 3.870982217788696
INFO:root:10 batches loss: 3.879888343811035
INFO:root:10 batches loss: 3.8671799659729005
INFO:root:10 batches loss: 3.8600945234298707
INFO:root:10 batches loss: 3.79586284160614
INFO:root:10 batches loss: 3.7829408407211305
INFO:root:10 batches loss: 3.977186155319214
INFO:root:10 batches loss: 3.8772663831710816
INFO:root:10 batches loss: 3.976699113845825
INFO:root:10 batches loss: 3.9794775247573853
INFO:root:10 batches loss: 4.047330522537232
INFO:root:10 batches loss: 3.97457869052887
INFO:root:10 batches loss: 4.005737590789795
INFO:root:10 batches loss: 4.018881607055664
INFO:root:10 batches loss: 3.8368181943893434
INFO:root:10 batches loss: 3.9823621034622194
INFO:root:10 batches loss: 3.891996383666992
INFO:root:10 batches loss: 4.084091329574585
INFO:root:10 batches loss: 3.929023289680481
INFO:root:10 batches loss: 3.9208280086517333
INFO:root:10 batches loss: 3.931773066520691
INFO:root:10 batches loss: 3.874671530723572
INFO:root:10 batches loss: 4.015280723571777
INFO:root:10 batches loss: 3.9652471780776977
INFO:root:10 batches loss: 3.9672049045562745
INFO:root:10 batches loss: 3.8554363012313844
INFO:root:10 batches loss: 3.7529570341110228
INFO:root:10 batches loss: 4.073588728904724
INFO:root:10 batches loss: 3.8245970487594603
INFO:root:10 batches loss: 3.855108451843262
INFO:root:10 batches loss: 3.807747459411621
INFO:root:10 batches loss: 3.9805799961090087
INFO:root:10 batches loss: 3.734811878204346
INFO:root:10 batches loss: 4.009305381774903
INFO:root:10 batches loss: 3.8230887413024903
INFO:root:10 batches loss: 4.067676091194153
INFO:root:10 batches loss: 4.08868043422699
INFO:root:10 batches loss: 3.871692252159119
INFO:root:10 batches loss: 3.945319390296936
INFO:root:10 batches loss: 3.813973045349121
INFO:root:10 batches loss: 4.085997152328491
INFO:root:10 batches loss: 3.996860694885254
INFO:root:10 batches loss: 3.8486318826675414
INFO:root:10 batches loss: 3.961576509475708
INFO:root:10 batches loss: 3.8757964611053466
INFO:root:10 batches loss: 3.969168710708618
INFO:root:10 batches loss: 3.9974122047424316
INFO:root:10 batches loss: 3.851359748840332
INFO:root:10 batches loss: 4.067227411270141
INFO:root:10 batches loss: 3.89671151638031
INFO:root:10 batches loss: 3.8005114078521727
INFO:root:10 batches loss: 3.9114767789840696
INFO:root:10 batches loss: 3.82213819026947
INFO:root:10 batches loss: 3.971799945831299
INFO:root:10 batches loss: 4.100405931472778
INFO:root:10 batches loss: 3.8953283786773683
INFO:root:10 batches loss: 3.9781182289123533
INFO:root:10 batches loss: 4.107940459251404
INFO:root:10 batches loss: 4.072245264053345
INFO:root:10 batches loss: 3.9766650199890137
INFO:root:10 batches loss: 3.8515795707702636
INFO:root:10 batches loss: 3.944477105140686
INFO:root:10 batches loss: 4.025115871429444
INFO:root:10 batches loss: 4.132037830352783
INFO:root:10 batches loss: 3.8696073293685913
INFO:root:10 batches loss: 3.8260071516036986
INFO:root:10 batches loss: 3.9903421640396117
INFO:root:10 batches loss: 3.8808576583862306
INFO:root:10 batches loss: 4.045078468322754
INFO:root:10 batches loss: 4.0534385442733765
INFO:root:10 batches loss: 3.88080837726593
INFO:root:10 batches loss: 4.092123198509216
INFO:root:10 batches loss: 3.852650547027588
INFO:root:10 batches loss: 3.850613903999329
INFO:root:10 batches loss: 3.9388280391693113
INFO:root:10 batches loss: 3.9533979415893556
INFO:root:10 batches loss: 3.902222752571106
INFO:root:10 batches loss: 3.7699567556381224
INFO:root:10 batches loss: 3.9592968702316282
INFO:root:10 batches loss: 3.7690770864486693
INFO:root:10 batches loss: 3.9410621881484986
INFO:root:10 batches loss: 3.886596441268921
INFO:root:10 batches loss: 3.8661743640899657
INFO:root:10 batches loss: 3.840353584289551
INFO:root:10 batches loss: 3.7898598194122313
INFO:root:10 batches loss: 3.970158886909485
INFO:root:10 batches loss: 3.9250982284545897
INFO:root:10 batches loss: 3.9987021923065185
INFO:root:10 batches loss: 3.8460418701171877
INFO:root:10 batches loss: 3.890392303466797
INFO:root:10 batches loss: 4.081717014312744
INFO:root:10 batches loss: 4.080418729782105
INFO:root:10 batches loss: 3.9161305904388426
INFO:root:10 batches loss: 3.954121994972229
INFO:root:10 batches loss: 3.9335166215896606
INFO:root:10 batches loss: 3.8242857217788697
INFO:root:10 batches loss: 4.021739482879639
INFO:root:10 batches loss: 3.81902494430542
INFO:root:10 batches loss: 3.751187801361084
INFO:root:10 batches loss: 3.9958889484405518
INFO:root:10 batches loss: 3.9112147092819214
INFO:root:10 batches loss: 3.862467646598816
INFO:root:10 batches loss: 3.690946912765503
INFO:root:10 batches loss: 3.9019829273223876
INFO:root:10 batches loss: 4.100085783004761
INFO:root:10 batches loss: 3.879232954978943
INFO:root:10 batches loss: 3.9232470750808717
INFO:root:10 batches loss: 3.8451355695724487
INFO:root:10 batches loss: 3.783905267715454
INFO:root:10 batches loss: 3.940317177772522
INFO:root:10 batches loss: 3.9515354871749877
INFO:root:10 batches loss: 3.9497923374176027
INFO:root:10 batches loss: 3.9274475812911986
INFO:root:10 batches loss: 3.8553966283798218
INFO:root:10 batches loss: 4.142829966545105
INFO:root:10 batches loss: 3.783054828643799
INFO:root:10 batches loss: 3.911424660682678
INFO:root:10 batches loss: 3.6729487419128417
INFO:root:10 batches loss: 4.076997518539429
INFO:root:10 batches loss: 3.9120926380157472
INFO:root:10 batches loss: 3.818447542190552
INFO:root:10 batches loss: 4.082641887664795
INFO:root:10 batches loss: 3.9315054416656494
INFO:root:10 batches loss: 3.5849405765533446
INFO:root:10 batches loss: 4.006193995475769
INFO:root:10 batches loss: 3.918511962890625
INFO:root:10 batches loss: 3.8854987144470217
INFO:root:10 batches loss: 3.854994225502014
INFO:root:10 batches loss: 3.990839958190918
INFO:root:10 batches loss: 3.9800930976867677
INFO:root:10 batches loss: 3.7057204723358153
INFO:root:10 batches loss: 3.8928444623947143
INFO:root:10 batches loss: 3.7674627780914305
INFO:root:10 batches loss: 3.941799283027649
INFO:root:10 batches loss: 3.849253702163696
INFO:root:10 batches loss: 3.858887720108032
INFO:root:10 batches loss: 3.8076696157455445
INFO:root:10 batches loss: 3.9031591415405273
INFO:root:10 batches loss: 4.010845899581909
INFO:root:10 batches loss: 3.9463244676589966
INFO:root:10 batches loss: 3.7328148603439333
INFO:root:10 batches loss: 3.7858021736145018
INFO:root:10 batches loss: 4.01715304851532
INFO:root:10 batches loss: 3.757704496383667
INFO:root:10 batches loss: 4.0028337955474855
INFO:root:10 batches loss: 3.951322388648987
INFO:root:10 batches loss: 3.7966222047805784
INFO:root:10 batches loss: 4.1201568126678465
INFO:root:10 batches loss: 3.8290271282196047
INFO:root:10 batches loss: 4.018794083595276
INFO:root:10 batches loss: 4.015818095207214
INFO:root:10 batches loss: 3.9194618463516235
INFO:root:10 batches loss: 3.852108097076416
INFO:root:10 batches loss: 3.997422623634338
INFO:root:10 batches loss: 3.779415822029114
INFO:root:10 batches loss: 3.791928839683533
INFO:root:10 batches loss: 4.020457458496094
INFO:root:10 batches loss: 4.094754695892334
INFO:root:10 batches loss: 4.019436168670654
INFO:root:10 batches loss: 3.9884673357009888
INFO:root:10 batches loss: 3.840289092063904
INFO:root:10 batches loss: 3.942622518539429
INFO:root:10 batches loss: 3.9432060718536377
INFO:root:10 batches loss: 3.6692671298980715
INFO:root:10 batches loss: 3.987552857398987
INFO:root:10 batches loss: 4.085199975967408
INFO:root:10 batches loss: 3.89329936504364
INFO:root:10 batches loss: 3.8203691720962523
INFO:root:10 batches loss: 4.096015095710754
INFO:root:10 batches loss: 4.0078548192977905
INFO:root:10 batches loss: 3.9040391206741334
INFO:root:10 batches loss: 3.79722261428833
INFO:root:10 batches loss: 3.999799633026123
INFO:root:10 batches loss: 3.7814222812652587
INFO:root:10 batches loss: 3.8538615226745607
INFO:root:10 batches loss: 3.4790878534317016
INFO:root:10 batches loss: 3.7702807188034058
INFO:root:10 batches loss: 3.965682101249695
INFO:root:10 batches loss: 3.931593084335327
INFO:root:10 batches loss: 3.8706172943115233
INFO:root:10 batches loss: 3.8930010080337523
INFO:root:10 batches loss: 3.9147209882736207
INFO:root:10 batches loss: 4.011098718643188
INFO:root:10 batches loss: 3.8648449420928954
INFO:root:10 batches loss: 3.7789997100830077
INFO:root:10 batches loss: 3.9466548442840574
INFO:root:10 batches loss: 3.7233338832855223
INFO:root:10 batches loss: 3.7408820390701294
INFO:root:10 batches loss: 3.8048621892929075
INFO:root:10 batches loss: 4.025146269798279
INFO:root:10 batches loss: 3.879349613189697
INFO:root:10 batches loss: 3.8377895832061766
INFO:root:10 batches loss: 3.9553797960281374
INFO:root:10 batches loss: 3.878143048286438
INFO:root:10 batches loss: 3.9552462100982666
INFO:root:10 batches loss: 3.818752717971802
INFO:root:10 batches loss: 3.948349952697754
INFO:root:10 batches loss: 4.0146911382675174
INFO:root:10 batches loss: 3.8200329542160034
INFO:root:10 batches loss: 3.931026244163513
INFO:root:10 batches loss: 3.7844036340713503
INFO:root:10 batches loss: 3.8032541036605836
INFO:root:10 batches loss: 3.9127735137939452
INFO:root:10 batches loss: 4.03765082359314
INFO:root:10 batches loss: 3.939152240753174
INFO:root:10 batches loss: 3.9413101434707642
INFO:root:10 batches loss: 3.9501353979110716
INFO:root:10 batches loss: 3.9226139545440675
INFO:root:10 batches loss: 3.955354022979736
INFO:root:10 batches loss: 4.174049544334411
INFO:root:10 batches loss: 3.9754546642303468
INFO:root:10 batches loss: 3.9617573022842407
INFO:root:10 batches loss: 3.9245035648345947
INFO:root:10 batches loss: 3.802702713012695
INFO:root:10 batches loss: 3.855381941795349
INFO:root:10 batches loss: 3.9931372165679933
INFO:root:10 batches loss: 3.9678215980529785
INFO:root:10 batches loss: 4.08639166355133
INFO:root:10 batches loss: 3.9682430744171144
INFO:root:10 batches loss: 3.835376167297363
INFO:root:10 batches loss: 3.963559460639954
INFO:root:10 batches loss: 3.9377654790878296
INFO:root:10 batches loss: 3.9313376426696776
INFO:root:10 batches loss: 3.712477135658264
INFO:root:10 batches loss: 3.962350058555603
INFO:root:10 batches loss: 3.7372895240783692
INFO:root:10 batches loss: 3.82812557220459
INFO:root:10 batches loss: 3.8219489097595214
INFO:root:10 batches loss: 3.6971585750579834
INFO:root:10 batches loss: 4.008246064186096
INFO:root:10 batches loss: 3.6559866428375245
INFO:root:10 batches loss: 3.9552820205688475
INFO:root:10 batches loss: 3.98672730922699
INFO:root:10 batches loss: 3.8482584953308105
INFO:root:10 batches loss: 3.867508888244629
INFO:root:10 batches loss: 3.7252824306488037
INFO:root:10 batches loss: 3.953749394416809
INFO:root:10 batches loss: 4.097481274604798
INFO:root:10 batches loss: 3.706379771232605
INFO:root:10 batches loss: 3.830040955543518
INFO:root:10 batches loss: 3.990394711494446
INFO:root:10 batches loss: 3.7112923145294188
INFO:root:10 batches loss: 4.0160540580749515
INFO:root:10 batches loss: 3.9630780935287477
INFO:root:10 batches loss: 4.084405541419983
INFO:root:10 batches loss: 3.6814170360565184
INFO:root:10 batches loss: 3.6885923624038695
INFO:root:10 batches loss: 3.7391623497009276
INFO:root:10 batches loss: 4.010021805763245
INFO:root:10 batches loss: 3.989697790145874
INFO:root:10 batches loss: 3.8721275091171266
INFO:root:10 batches loss: 4.11318564414978
INFO:root:10 batches loss: 3.6739495277404783
INFO:root:10 batches loss: 3.9673099517822266
INFO:root:10 batches loss: 3.6776188135147097
INFO:root:10 batches loss: 3.79810516834259
INFO:root:10 batches loss: 3.8217502355575563
INFO:root:10 batches loss: 3.8151227951049806
INFO:root:10 batches loss: 3.699661922454834
INFO:root:10 batches loss: 4.019268202781677
INFO:root:10 batches loss: 3.746881294250488
INFO:root:10 batches loss: 3.9292433500289916
INFO:root:10 batches loss: 4.162801671028137
INFO:root:10 batches loss: 3.9080607652664185
INFO:root:10 batches loss: 3.842508816719055
INFO:root:10 batches loss: 4.006621503829956
INFO:root:10 batches loss: 3.9845461368560793
INFO:root:10 batches loss: 3.9008548974990847
INFO:root:10 batches loss: 3.842668294906616
INFO:root:10 batches loss: 3.750141716003418
INFO:root:10 batches loss: 3.584213876724243
INFO:root:10 batches loss: 3.8875802993774413
INFO:root:10 batches loss: 3.9116275548934936
INFO:root:10 batches loss: 3.8481153011322022
INFO:root:10 batches loss: 3.8627682447433473
INFO:root:10 batches loss: 3.848478364944458
INFO:root:10 batches loss: 3.826839566230774
INFO:root:10 batches loss: 3.859189677238464
INFO:root:10 batches loss: 4.081786298751831
INFO:root:10 batches loss: 3.986321496963501
INFO:root:10 batches loss: 3.5410152673721313
INFO:root:10 batches loss: 4.0246024370193485
INFO:root:10 batches loss: 4.068623065948486
INFO:root:10 batches loss: 3.8469886779785156
INFO:root:10 batches loss: 3.9248276233673094
INFO:root:10 batches loss: 3.8561023473739624
INFO:root:10 batches loss: 3.9237305402755736
INFO:root:10 batches loss: 3.687134861946106
INFO:root:10 batches loss: 3.604489064216614
INFO:root:10 batches loss: 3.754745364189148
INFO:root:10 batches loss: 3.952297568321228
INFO:root:10 batches loss: 3.8092477321624756
INFO:root:10 batches loss: 3.8862835645675657
INFO:root:10 batches loss: 3.9372097969055178
INFO:root:10 batches loss: 4.006115078926086
INFO:root:10 batches loss: 4.053845643997192
INFO:root:10 batches loss: 3.844708061218262
INFO:root:10 batches loss: 3.654721999168396
INFO:root:10 batches loss: 3.757652020454407
INFO:root:10 batches loss: 3.6912917852401734
INFO:root:10 batches loss: 3.648214268684387
INFO:root:10 batches loss: 3.934259057044983
INFO:root:10 batches loss: 3.619935321807861
INFO:root:10 batches loss: 3.7884051322937013
INFO:root:10 batches loss: 3.9304099321365356
INFO:root:10 batches loss: 3.7920864820480347
INFO:root:10 batches loss: 3.9829988956451414
INFO:root:10 batches loss: 3.733992862701416
INFO:root:10 batches loss: 3.860558009147644
INFO:root:10 batches loss: 3.911014938354492
INFO:root:10 batches loss: 3.83345890045166
INFO:root:10 batches loss: 3.76863272190094
INFO:root:10 batches loss: 4.0645561695098875
INFO:root:10 batches loss: 3.698907399177551
INFO:root:10 batches loss: 3.848722743988037
INFO:root:10 batches loss: 3.801308798789978
INFO:root:10 batches loss: 3.8008500576019286
INFO:root:10 batches loss: 3.850324583053589
INFO:root:10 batches loss: 3.8930588483810427
INFO:root:10 batches loss: 3.759451699256897
INFO:root:10 batches loss: 3.8352780818939207
INFO:root:Train loss at the end of the epoch: 24674.183620929718
INFO:root:Validation accuracy: 4.8076923076923075
INFO:root:Epoch 2
INFO:root:10 batches loss: 4.129112195968628
INFO:root:10 batches loss: 3.6820091009140015
INFO:root:10 batches loss: 3.768080306053162
INFO:root:10 batches loss: 3.864616560935974
INFO:root:10 batches loss: 3.645366930961609
INFO:root:10 batches loss: 4.013847589492798
INFO:root:10 batches loss: 3.807910132408142
INFO:root:10 batches loss: 3.7640680074691772
INFO:root:10 batches loss: 3.9764527797698976
INFO:root:10 batches loss: 3.862764310836792
INFO:root:10 batches loss: 3.6833632469177244
INFO:root:10 batches loss: 3.980468249320984
INFO:root:10 batches loss: 3.8870922088623048
INFO:root:10 batches loss: 3.877341651916504
INFO:root:10 batches loss: 3.8711416006088255
INFO:root:10 batches loss: 3.828778386116028
INFO:root:10 batches loss: 3.9444146156311035
INFO:root:10 batches loss: 3.991535019874573
INFO:root:10 batches loss: 3.845460057258606
INFO:root:10 batches loss: 3.6753394842147826
INFO:root:10 batches loss: 3.798814392089844
INFO:root:10 batches loss: 3.858113098144531
INFO:root:10 batches loss: 3.816712188720703
INFO:root:10 batches loss: 3.810932230949402
INFO:root:10 batches loss: 3.6902883529663084
INFO:root:10 batches loss: 3.895318078994751
INFO:root:10 batches loss: 4.037332582473755
INFO:root:10 batches loss: 3.903425931930542
INFO:root:10 batches loss: 3.816014623641968
INFO:root:10 batches loss: 3.666918706893921
INFO:root:10 batches loss: 3.598350429534912
INFO:root:10 batches loss: 3.719286298751831
INFO:root:10 batches loss: 3.843114161491394
INFO:root:10 batches loss: 3.868940806388855
INFO:root:10 batches loss: 3.563718008995056
INFO:root:10 batches loss: 3.9418332815170287
INFO:root:10 batches loss: 3.5940932035446167
INFO:root:10 batches loss: 3.8666728258132936
INFO:root:10 batches loss: 3.8436161279678345
INFO:root:10 batches loss: 3.8998034715652468
INFO:root:10 batches loss: 3.8162226915359496
INFO:root:10 batches loss: 3.7030380725860597
INFO:root:10 batches loss: 3.8928625106811525
INFO:root:10 batches loss: 3.9293060302734375
INFO:root:10 batches loss: 3.5330634832382204
INFO:root:10 batches loss: 3.8798155307769777
INFO:root:10 batches loss: 3.6314961194992064
INFO:root:10 batches loss: 3.837490367889404
INFO:root:10 batches loss: 3.7881787776947022
INFO:root:10 batches loss: 3.9423857927322388
INFO:root:10 batches loss: 3.762022376060486
INFO:root:10 batches loss: 3.8226151704788207
INFO:root:10 batches loss: 3.7723283529281617
INFO:root:10 batches loss: 3.7740243673324585
INFO:root:10 batches loss: 4.120584893226623
INFO:root:10 batches loss: 3.916074585914612
INFO:root:10 batches loss: 3.7834506034851074
INFO:root:10 batches loss: 4.071685647964477
INFO:root:10 batches loss: 3.877897620201111
INFO:root:10 batches loss: 3.908995747566223
INFO:root:10 batches loss: 3.642438220977783
INFO:root:10 batches loss: 3.647432494163513
INFO:root:10 batches loss: 4.1082312822341915
INFO:root:10 batches loss: 3.933080244064331
INFO:root:10 batches loss: 3.931040048599243
INFO:root:10 batches loss: 3.7318225860595704
INFO:root:10 batches loss: 3.9087536573410033
INFO:root:10 batches loss: 3.8777869939804077
INFO:root:10 batches loss: 3.8249934196472166
INFO:root:10 batches loss: 3.8846628665924072
INFO:root:10 batches loss: 3.7411828517913817
INFO:root:10 batches loss: 3.9275633335113525
INFO:root:10 batches loss: 3.767832112312317
INFO:root:10 batches loss: 3.497485065460205
INFO:root:10 batches loss: 3.607544755935669
INFO:root:10 batches loss: 3.872368335723877
INFO:root:10 batches loss: 3.518331241607666
INFO:root:10 batches loss: 3.909112739562988
INFO:root:10 batches loss: 3.847104072570801
INFO:root:10 batches loss: 3.9233556747436524
INFO:root:10 batches loss: 3.5973400115966796
INFO:root:10 batches loss: 3.586840343475342
INFO:root:10 batches loss: 4.051103281974792
INFO:root:10 batches loss: 3.6799471378326416
INFO:root:10 batches loss: 3.931560015678406
INFO:root:10 batches loss: 3.909720468521118
INFO:root:10 batches loss: 3.892055320739746
INFO:root:10 batches loss: 3.7479180097579956
INFO:root:10 batches loss: 4.119903540611267
INFO:root:10 batches loss: 3.7473490953445436
INFO:root:10 batches loss: 3.787352967262268
INFO:root:10 batches loss: 3.869863176345825
INFO:root:10 batches loss: 3.7494807720184324
INFO:root:10 batches loss: 3.670901560783386
INFO:root:10 batches loss: 4.052625727653504
INFO:root:10 batches loss: 3.7933956146240235
INFO:root:10 batches loss: 3.8224214792251585
INFO:root:10 batches loss: 3.6556812524795532
INFO:root:10 batches loss: 3.845370721817017
INFO:root:10 batches loss: 3.8313764333724976
INFO:root:10 batches loss: 3.7342741966247557
INFO:root:10 batches loss: 3.7917856931686402
INFO:root:10 batches loss: 4.010329031944275
INFO:root:10 batches loss: 3.5697563171386717
INFO:root:10 batches loss: 3.8220983743667603
INFO:root:10 batches loss: 4.071387100219726
INFO:root:10 batches loss: 3.9039197683334352
INFO:root:10 batches loss: 4.0424419164657595
INFO:root:10 batches loss: 3.820206952095032
INFO:root:10 batches loss: 3.7827603340148928
INFO:root:10 batches loss: 3.805591678619385
INFO:root:10 batches loss: 3.75591561794281
INFO:root:10 batches loss: 3.8616895198822023
INFO:root:10 batches loss: 3.4830487728118897
INFO:root:10 batches loss: 3.850480151176453
INFO:root:10 batches loss: 3.7510862588882445
INFO:root:10 batches loss: 3.91029098033905
INFO:root:10 batches loss: 3.474409747123718
INFO:root:10 batches loss: 3.683355188369751
INFO:root:10 batches loss: 3.7175321340560914
INFO:root:10 batches loss: 3.9363788604736327
INFO:root:10 batches loss: 3.900303673744202
INFO:root:10 batches loss: 3.9806267261505126
INFO:root:10 batches loss: 3.618545341491699
INFO:root:10 batches loss: 3.7351392030715944
INFO:root:10 batches loss: 3.706349492073059
INFO:root:10 batches loss: 3.9761222124099733
INFO:root:10 batches loss: 3.69376380443573
INFO:root:10 batches loss: 3.791165590286255
INFO:root:10 batches loss: 4.101789546012879
INFO:root:10 batches loss: 4.032226824760437
INFO:root:10 batches loss: 3.7744313716888427
INFO:root:10 batches loss: 3.876532292366028
INFO:root:10 batches loss: 3.8521482944488525
INFO:root:10 batches loss: 3.583347797393799
INFO:root:10 batches loss: 3.837328553199768
INFO:root:10 batches loss: 3.825428080558777
INFO:root:10 batches loss: 3.649591302871704
INFO:root:10 batches loss: 3.7127899408340452
INFO:root:10 batches loss: 4.012626957893372
INFO:root:10 batches loss: 3.7774986743927004
INFO:root:10 batches loss: 3.939682364463806
INFO:root:10 batches loss: 3.980482888221741
INFO:root:10 batches loss: 3.8452547073364256
INFO:root:10 batches loss: 4.257924270629883
INFO:root:10 batches loss: 3.8260636806488035
INFO:root:10 batches loss: 3.817123198509216
INFO:root:10 batches loss: 3.7813512086868286
INFO:root:10 batches loss: 3.9113248348236085
INFO:root:10 batches loss: 3.7668879985809327
INFO:root:10 batches loss: 3.8977068185806276
INFO:root:10 batches loss: 3.8337963581085206
INFO:root:10 batches loss: 3.8492247343063353
INFO:root:10 batches loss: 3.921424674987793
INFO:root:10 batches loss: 3.968929123878479
INFO:root:10 batches loss: 4.111553907394409
INFO:root:10 batches loss: 3.879790925979614
INFO:root:10 batches loss: 3.86983060836792
INFO:root:10 batches loss: 3.787880563735962
INFO:root:10 batches loss: 3.91893846988678
INFO:root:10 batches loss: 3.577951216697693
INFO:root:10 batches loss: 3.84291467666626
INFO:root:10 batches loss: 3.653346824645996
INFO:root:10 batches loss: 3.9410648345947266
INFO:root:10 batches loss: 3.850119948387146
INFO:root:10 batches loss: 3.6986159086227417
INFO:root:10 batches loss: 4.046075391769409
INFO:root:10 batches loss: 3.909435486793518
INFO:root:10 batches loss: 4.001091122627258
INFO:root:10 batches loss: 3.7313358545303346
INFO:root:10 batches loss: 3.737794208526611
INFO:root:10 batches loss: 3.5517486572265624
INFO:root:10 batches loss: 3.8785780906677245
INFO:root:10 batches loss: 4.117656135559082
INFO:root:10 batches loss: 3.804338788986206
INFO:root:10 batches loss: 3.7373668432235716
INFO:root:10 batches loss: 3.7622437953948973
INFO:root:10 batches loss: 3.813785696029663
INFO:root:10 batches loss: 3.8155500650405885
INFO:root:10 batches loss: 3.8416521072387697
INFO:root:10 batches loss: 4.014362716674805
INFO:root:10 batches loss: 3.8652427911758425
INFO:root:10 batches loss: 3.7631623268127443
INFO:root:10 batches loss: 3.825072169303894
INFO:root:10 batches loss: 3.6629204034805296
INFO:root:10 batches loss: 3.6112550258636475
INFO:root:10 batches loss: 3.6099127769470214
INFO:root:10 batches loss: 3.684657669067383
INFO:root:10 batches loss: 3.9312840700149536
INFO:root:10 batches loss: 3.690093970298767
INFO:root:10 batches loss: 3.857036066055298
INFO:root:10 batches loss: 3.77225022315979
INFO:root:10 batches loss: 3.731133317947388
INFO:root:10 batches loss: 3.9385865449905397
INFO:root:10 batches loss: 3.6287383317947386
INFO:root:10 batches loss: 3.742123079299927
INFO:root:10 batches loss: 3.7264193534851073
INFO:root:10 batches loss: 3.942615342140198
INFO:root:10 batches loss: 3.658631157875061
INFO:root:10 batches loss: 3.9548031091690063
INFO:root:10 batches loss: 3.8395540952682494
INFO:root:10 batches loss: 3.7816806077957152
INFO:root:10 batches loss: 3.519898843765259
INFO:root:10 batches loss: 3.725552487373352
INFO:root:10 batches loss: 3.767846131324768
INFO:root:10 batches loss: 3.969013738632202
INFO:root:10 batches loss: 3.631450390815735
INFO:root:10 batches loss: 3.6564996957778932
INFO:root:10 batches loss: 4.0316575288772585
INFO:root:10 batches loss: 3.874891757965088
INFO:root:10 batches loss: 3.819350552558899
INFO:root:10 batches loss: 3.7451704025268553
INFO:root:10 batches loss: 3.672685146331787
INFO:root:10 batches loss: 3.5684340238571166
INFO:root:10 batches loss: 3.859295630455017
INFO:root:10 batches loss: 3.862758207321167
INFO:root:10 batches loss: 3.9233365058898926
INFO:root:10 batches loss: 3.8449761867523193
INFO:root:10 batches loss: 3.5390235424041747
INFO:root:10 batches loss: 3.7425625324249268
INFO:root:10 batches loss: 3.9316289901733397
INFO:root:10 batches loss: 3.613359808921814
INFO:root:10 batches loss: 3.8602218627929688
INFO:root:10 batches loss: 3.9250917196273805
INFO:root:10 batches loss: 3.6564000844955444
INFO:root:10 batches loss: 3.8795148611068724
INFO:root:10 batches loss: 3.8267086267471315
INFO:root:10 batches loss: 3.7724743843078614
INFO:root:10 batches loss: 3.7346998929977415
INFO:root:10 batches loss: 4.032423901557922
INFO:root:10 batches loss: 3.9328136444091797
INFO:root:10 batches loss: 3.7533961057662966
INFO:root:10 batches loss: 3.75793776512146
INFO:root:10 batches loss: 3.7903680324554445
INFO:root:10 batches loss: 3.7728012561798097
INFO:root:10 batches loss: 3.8093743085861207
INFO:root:10 batches loss: 3.9311665296554565
INFO:root:10 batches loss: 3.8487956047058107
INFO:root:10 batches loss: 3.852191662788391
INFO:root:10 batches loss: 3.9532684564590452
INFO:root:10 batches loss: 3.737342023849487
INFO:root:10 batches loss: 3.7844132661819456
INFO:root:10 batches loss: 3.6224021434783937
INFO:root:10 batches loss: 3.7219839334487914
INFO:root:10 batches loss: 3.6284569263458253
INFO:root:10 batches loss: 3.7815776586532595
INFO:root:10 batches loss: 4.029538488388061
INFO:root:10 batches loss: 3.7384355783462526
INFO:root:10 batches loss: 3.644075393676758
INFO:root:10 batches loss: 3.850173258781433
INFO:root:10 batches loss: 3.9965429306030273
INFO:root:10 batches loss: 3.6626636266708372
INFO:root:10 batches loss: 3.717115950584412
INFO:root:10 batches loss: 3.944162654876709
INFO:root:10 batches loss: 3.70911386013031
INFO:root:10 batches loss: 3.7492108583450316
INFO:root:10 batches loss: 4.013372087478638
INFO:root:10 batches loss: 3.7439956426620484
INFO:root:10 batches loss: 3.776470947265625
INFO:root:10 batches loss: 3.8008086681365967
INFO:root:10 batches loss: 3.4853909969329835
INFO:root:10 batches loss: 3.900703692436218
INFO:root:10 batches loss: 3.7416369199752806
INFO:root:10 batches loss: 3.9072520971298217
INFO:root:10 batches loss: 3.8262630701065063
INFO:root:10 batches loss: 3.9893105030059814
INFO:root:10 batches loss: 3.6058385372161865
INFO:root:10 batches loss: 3.653876519203186
INFO:root:10 batches loss: 3.774323844909668
INFO:root:10 batches loss: 3.872404909133911
INFO:root:10 batches loss: 3.6314892053604124
INFO:root:10 batches loss: 3.6544158697128295
INFO:root:10 batches loss: 3.7437175035476686
INFO:root:10 batches loss: 4.062551665306091
INFO:root:10 batches loss: 3.8920578479766847
INFO:root:10 batches loss: 3.7355353593826295
INFO:root:10 batches loss: 4.294316196441651
INFO:root:10 batches loss: 3.9168978452682497
INFO:root:10 batches loss: 3.8224793910980224
INFO:root:10 batches loss: 3.9560888767242433
INFO:root:10 batches loss: 3.919929337501526
INFO:root:10 batches loss: 3.9613765478134155
INFO:root:10 batches loss: 4.05446035861969
INFO:root:10 batches loss: 3.660241937637329
INFO:root:10 batches loss: 3.9191486120223997
INFO:root:10 batches loss: 3.5953803300857543
INFO:root:10 batches loss: 4.038747429847717
INFO:root:10 batches loss: 3.754398226737976
INFO:root:10 batches loss: 3.8175875186920165
INFO:root:10 batches loss: 3.75294828414917
INFO:root:10 batches loss: 3.69863224029541
INFO:root:10 batches loss: 3.9548263549804688
INFO:root:10 batches loss: 3.744569516181946
INFO:root:10 batches loss: 3.791009449958801
INFO:root:10 batches loss: 3.8088125705718996
INFO:root:10 batches loss: 3.620577836036682
INFO:root:10 batches loss: 3.512066864967346
INFO:root:10 batches loss: 3.776274228096008
INFO:root:10 batches loss: 3.996995377540588
INFO:root:10 batches loss: 3.67050986289978
INFO:root:10 batches loss: 3.918456029891968
INFO:root:10 batches loss: 3.6306565761566163
INFO:root:10 batches loss: 3.638962459564209
INFO:root:10 batches loss: 3.775917911529541
INFO:root:10 batches loss: 3.7121914863586425
INFO:root:10 batches loss: 3.8415732860565184
INFO:root:10 batches loss: 3.6388108253479006
INFO:root:10 batches loss: 3.7101099729537963
INFO:root:10 batches loss: 3.9968422412872315
INFO:root:10 batches loss: 3.5389816045761107
INFO:root:10 batches loss: 3.812294125556946
INFO:root:10 batches loss: 3.8409927606582643
INFO:root:10 batches loss: 3.9135372400283814
INFO:root:10 batches loss: 3.911072301864624
INFO:root:10 batches loss: 3.6453229188919067
INFO:root:10 batches loss: 3.8549608469009398
INFO:root:10 batches loss: 3.8053339242935182
INFO:root:10 batches loss: 3.6247725009918215
INFO:root:10 batches loss: 3.785909104347229
INFO:root:10 batches loss: 3.761350393295288
INFO:root:10 batches loss: 3.7451976537704468
INFO:root:10 batches loss: 3.8692824840545654
INFO:root:10 batches loss: 3.5976755619049072
INFO:root:10 batches loss: 3.609546732902527
INFO:root:10 batches loss: 3.8812088489532472
INFO:root:10 batches loss: 3.625052237510681
INFO:root:10 batches loss: 3.707013392448425
INFO:root:10 batches loss: 3.819646406173706
INFO:root:10 batches loss: 3.503813052177429
INFO:root:10 batches loss: 3.7911983013153074
INFO:root:10 batches loss: 3.659010672569275
INFO:root:10 batches loss: 3.740461325645447
INFO:root:10 batches loss: 3.960041809082031
INFO:root:10 batches loss: 3.7878084421157836
INFO:root:10 batches loss: 3.8759865283966066
INFO:root:10 batches loss: 3.799706244468689
INFO:root:10 batches loss: 3.562988805770874
INFO:root:10 batches loss: 3.966042995452881
INFO:root:10 batches loss: 3.646302008628845
INFO:root:10 batches loss: 3.854335403442383
INFO:root:10 batches loss: 3.5925287008285522
INFO:root:10 batches loss: 3.586876964569092
INFO:root:10 batches loss: 4.037819528579712
INFO:root:10 batches loss: 3.6412524700164797
INFO:root:10 batches loss: 3.784797501564026
INFO:root:10 batches loss: 3.80997052192688
INFO:root:10 batches loss: 3.650475335121155
INFO:root:10 batches loss: 4.041373586654663
INFO:root:10 batches loss: 3.5860546827316284
INFO:root:10 batches loss: 3.459230327606201
INFO:root:10 batches loss: 3.874192976951599
INFO:root:10 batches loss: 3.966846227645874
INFO:root:10 batches loss: 4.118259620666504
INFO:root:10 batches loss: 3.987479591369629
INFO:root:10 batches loss: 3.6874265670776367
INFO:root:10 batches loss: 3.978269410133362
INFO:root:10 batches loss: 3.7862608432769775
INFO:root:10 batches loss: 3.937698221206665
INFO:root:10 batches loss: 3.8304268598556517
INFO:root:10 batches loss: 3.868283271789551
INFO:root:10 batches loss: 4.222543263435364
INFO:root:10 batches loss: 3.673406410217285
INFO:root:10 batches loss: 3.850757598876953
INFO:root:10 batches loss: 3.9629132032394407
INFO:root:10 batches loss: 3.7230136394500732
INFO:root:10 batches loss: 4.266263771057129
INFO:root:10 batches loss: 3.815558648109436
INFO:root:10 batches loss: 3.8090070486068726
INFO:root:10 batches loss: 4.025101065635681
INFO:root:10 batches loss: 3.8662312269210815
INFO:root:10 batches loss: 3.833841824531555
INFO:root:10 batches loss: 3.7224191665649413
INFO:root:10 batches loss: 3.654253673553467
INFO:root:10 batches loss: 3.8575438261032104
INFO:root:10 batches loss: 3.9413718938827516
INFO:root:10 batches loss: 3.7839828014373778
INFO:root:10 batches loss: 3.4633612871170043
INFO:root:10 batches loss: 3.940880298614502
INFO:root:10 batches loss: 3.92787389755249
INFO:root:10 batches loss: 4.1438357591629025
INFO:root:10 batches loss: 3.806381893157959
INFO:root:10 batches loss: 3.958841013908386
INFO:root:10 batches loss: 3.663709282875061
INFO:root:10 batches loss: 3.919166684150696
INFO:root:10 batches loss: 3.487616443634033
INFO:root:10 batches loss: 3.642038631439209
INFO:root:10 batches loss: 3.9073537826538085
INFO:root:10 batches loss: 3.909544515609741
INFO:root:10 batches loss: 3.456151342391968
INFO:root:10 batches loss: 3.783577823638916
INFO:root:10 batches loss: 3.8692562341690064
INFO:root:10 batches loss: 4.007481360435486
INFO:root:10 batches loss: 3.847538781166077
INFO:root:10 batches loss: 3.6971594095230103
INFO:root:10 batches loss: 3.754345989227295
INFO:root:10 batches loss: 3.7015812158584596
INFO:root:10 batches loss: 3.6204796552658083
INFO:root:10 batches loss: 3.8048673391342165
INFO:root:10 batches loss: 3.651862096786499
INFO:root:10 batches loss: 3.6918408155441282
INFO:root:10 batches loss: 4.110060691833496
INFO:root:10 batches loss: 3.78789427280426
INFO:root:10 batches loss: 3.9346019506454466
INFO:root:10 batches loss: 3.6694040060043336
INFO:root:10 batches loss: 3.790719199180603
INFO:root:10 batches loss: 3.7555487632751463
INFO:root:10 batches loss: 3.7291664838790894
INFO:root:10 batches loss: 3.759058880805969
INFO:root:10 batches loss: 4.095560479164123
INFO:root:10 batches loss: 3.952381896972656
INFO:root:10 batches loss: 4.133071041107177
INFO:root:10 batches loss: 3.6522424459457397
INFO:root:10 batches loss: 3.4449013471603394
INFO:root:10 batches loss: 3.8245323419570925
INFO:root:10 batches loss: 3.637994909286499
INFO:root:10 batches loss: 3.63722710609436
INFO:root:10 batches loss: 3.8267296075820925
INFO:root:10 batches loss: 3.9670934677124023
INFO:root:10 batches loss: 3.8006728410720827
INFO:root:10 batches loss: 3.8616424560546876
INFO:root:10 batches loss: 4.139399528503418
INFO:root:10 batches loss: 3.990085792541504
INFO:root:10 batches loss: 3.6620286464691163
INFO:root:10 batches loss: 4.0419920682907104
INFO:root:10 batches loss: 3.9152673721313476
INFO:root:10 batches loss: 3.6487416982650758
INFO:root:10 batches loss: 3.631897735595703
INFO:root:10 batches loss: 3.55581681728363
INFO:root:10 batches loss: 3.893604564666748
INFO:root:10 batches loss: 3.7584685564041136
INFO:root:10 batches loss: 3.8880199432373046
INFO:root:10 batches loss: 3.4630055904388426
INFO:root:10 batches loss: 3.7422649383544924
INFO:root:10 batches loss: 3.607742953300476
INFO:root:10 batches loss: 3.801348328590393
INFO:root:10 batches loss: 3.6891669273376464
INFO:root:10 batches loss: 4.061993789672852
INFO:root:10 batches loss: 3.822687530517578
INFO:root:10 batches loss: 3.725152087211609
INFO:root:10 batches loss: 3.792935299873352
INFO:root:10 batches loss: 3.9190677642822265
INFO:root:10 batches loss: 3.6875813961029054
INFO:root:10 batches loss: 3.3784408807754516
INFO:root:10 batches loss: 3.7468382358551025
INFO:root:10 batches loss: 3.7837269783020018
INFO:root:10 batches loss: 3.6586831331253054
INFO:root:10 batches loss: 3.865319514274597
INFO:root:10 batches loss: 3.885552167892456
INFO:root:10 batches loss: 3.635374116897583
INFO:root:10 batches loss: 3.734918403625488
INFO:root:10 batches loss: 3.5770137548446654
INFO:root:10 batches loss: 3.907747435569763
INFO:root:10 batches loss: 3.6088983535766603
INFO:root:10 batches loss: 3.9314368724823
INFO:root:10 batches loss: 3.8730918407440185
INFO:root:10 batches loss: 3.7135881185531616
INFO:root:10 batches loss: 3.8865102529525757
INFO:root:10 batches loss: 3.9942776203155517
INFO:root:10 batches loss: 3.9811729431152343
INFO:root:10 batches loss: 3.8937503576278685
INFO:root:10 batches loss: 3.856939125061035
INFO:root:10 batches loss: 3.727683925628662
INFO:root:10 batches loss: 3.9260889530181884
INFO:root:10 batches loss: 3.887402558326721
INFO:root:10 batches loss: 3.739934039115906
INFO:root:10 batches loss: 4.069754600524902
INFO:root:10 batches loss: 3.760861372947693
INFO:root:10 batches loss: 3.4727563858032227
INFO:root:10 batches loss: 3.7930699586868286
INFO:root:10 batches loss: 3.760671067237854
INFO:root:10 batches loss: 3.6728336811065674
INFO:root:10 batches loss: 3.632426142692566
INFO:root:10 batches loss: 3.6502418518066406
INFO:root:10 batches loss: 3.5666301250457764
INFO:root:10 batches loss: 4.012463116645813
INFO:root:10 batches loss: 4.137925863265991
INFO:root:10 batches loss: 3.5811877489089965
INFO:root:10 batches loss: 3.4783106803894044
INFO:root:10 batches loss: 3.880186915397644
INFO:root:10 batches loss: 3.9326106309890747
INFO:root:10 batches loss: 3.9360828161239625
INFO:root:10 batches loss: 3.61440749168396
INFO:root:10 batches loss: 3.891255187988281
INFO:root:10 batches loss: 3.760840916633606
INFO:root:10 batches loss: 3.693446898460388
INFO:root:10 batches loss: 3.6703369140625
INFO:root:10 batches loss: 3.984400486946106
INFO:root:10 batches loss: 3.5822469711303713
INFO:root:10 batches loss: 3.625792050361633
INFO:root:10 batches loss: 4.00610466003418
INFO:root:10 batches loss: 3.641054964065552
INFO:root:10 batches loss: 3.725505542755127
INFO:root:10 batches loss: 3.5738510847091676
INFO:root:10 batches loss: 3.641257095336914
INFO:root:10 batches loss: 3.700055551528931
INFO:root:10 batches loss: 3.3875437021255492
INFO:root:10 batches loss: 3.8475534439086916
INFO:root:10 batches loss: 3.6625701665878294
INFO:root:10 batches loss: 3.7676098585128783
INFO:root:10 batches loss: 4.03783164024353
INFO:root:10 batches loss: 3.588817811012268
INFO:root:10 batches loss: 3.599083161354065
INFO:root:10 batches loss: 3.7876192569732665
INFO:root:10 batches loss: 3.905041146278381
INFO:root:10 batches loss: 3.7795449256896974
INFO:root:10 batches loss: 3.6206188440322875
INFO:root:10 batches loss: 3.8863744020462034
INFO:root:10 batches loss: 3.8454954624176025
INFO:root:10 batches loss: 3.8740426540374755
INFO:root:10 batches loss: 3.7396626472473145
INFO:root:10 batches loss: 3.811017942428589
INFO:root:10 batches loss: 3.8610761642456053
INFO:root:10 batches loss: 3.642812705039978
INFO:root:10 batches loss: 4.082033300399781
INFO:root:10 batches loss: 3.790903425216675
INFO:root:10 batches loss: 3.9587435722351074
INFO:root:10 batches loss: 3.742668867111206
INFO:root:10 batches loss: 3.655883002281189
INFO:root:10 batches loss: 3.4611279487609865
INFO:root:10 batches loss: 3.6198086738586426
INFO:root:10 batches loss: 3.899529457092285
INFO:root:10 batches loss: 3.7785277366638184
INFO:root:10 batches loss: 3.940630865097046
INFO:root:10 batches loss: 3.689899516105652
INFO:root:10 batches loss: 3.7948117733001707
INFO:root:10 batches loss: 3.816900610923767
INFO:root:10 batches loss: 3.7704970121383665
INFO:root:10 batches loss: 3.753487777709961
INFO:root:10 batches loss: 3.8381664514541627
INFO:root:10 batches loss: 3.6552600622177125
INFO:root:10 batches loss: 4.0046792984008786
INFO:root:10 batches loss: 3.759748649597168
INFO:root:10 batches loss: 3.8943783044815063
INFO:root:10 batches loss: 3.6485419988632204
INFO:root:10 batches loss: 3.5690394401550294
INFO:root:10 batches loss: 3.803822565078735
INFO:root:10 batches loss: 3.92692608833313
INFO:root:10 batches loss: 3.8594866037368774
INFO:root:10 batches loss: 3.751542592048645
INFO:root:10 batches loss: 3.9973761320114134
INFO:root:10 batches loss: 3.736430549621582
INFO:root:10 batches loss: 3.7921053171157837
INFO:root:10 batches loss: 3.973786997795105
INFO:root:10 batches loss: 3.7390992641448975
INFO:root:10 batches loss: 3.6620514154434205
INFO:root:10 batches loss: 3.387987470626831
INFO:root:10 batches loss: 3.7793503761291505
INFO:root:10 batches loss: 3.786012959480286
INFO:root:10 batches loss: 3.9016666173934937
INFO:root:10 batches loss: 3.7341256141662598
INFO:root:10 batches loss: 3.6938793897628783
INFO:root:10 batches loss: 3.860584759712219
INFO:root:10 batches loss: 3.521192955970764
INFO:root:10 batches loss: 3.939619779586792
INFO:root:10 batches loss: 3.432081174850464
INFO:root:10 batches loss: 3.624550223350525
INFO:root:10 batches loss: 3.7244794845581053
INFO:root:10 batches loss: 3.682071089744568
INFO:root:10 batches loss: 3.8039581298828127
INFO:root:10 batches loss: 3.5494784116744995
INFO:root:10 batches loss: 3.9252994060516357
INFO:root:10 batches loss: 3.8167674064636232
INFO:root:10 batches loss: 3.9855833530426024
INFO:root:10 batches loss: 3.773476791381836
INFO:root:10 batches loss: 3.8298855066299438
INFO:root:10 batches loss: 3.775305414199829
INFO:root:10 batches loss: 3.7936904430389404
INFO:root:10 batches loss: 3.336490440368652
INFO:root:10 batches loss: 3.6422696828842165
INFO:root:10 batches loss: 3.6750654697418215
INFO:root:10 batches loss: 3.6880187511444094
INFO:root:10 batches loss: 3.724238419532776
INFO:root:10 batches loss: 3.797019124031067
INFO:root:10 batches loss: 3.9463979959487916
INFO:root:10 batches loss: 3.5688578844070435
INFO:root:10 batches loss: 3.886208510398865
INFO:root:10 batches loss: 3.8729267597198485
INFO:root:10 batches loss: 4.061750197410584
INFO:root:10 batches loss: 3.606591272354126
INFO:root:10 batches loss: 3.816238188743591
INFO:root:10 batches loss: 3.3255424976348875
INFO:root:10 batches loss: 4.1521300077438354
INFO:root:10 batches loss: 3.633529472351074
INFO:root:10 batches loss: 3.5119065761566164
INFO:root:10 batches loss: 3.7358587265014647
INFO:root:10 batches loss: 3.957220268249512
INFO:root:10 batches loss: 3.9241582632064818
INFO:root:10 batches loss: 3.5402633428573607
INFO:root:10 batches loss: 3.8207589864730833
INFO:root:10 batches loss: 3.8747812509536743
INFO:root:10 batches loss: 3.6647064447402955
INFO:root:10 batches loss: 3.9052892923355103
INFO:root:10 batches loss: 3.8228418588638307
INFO:root:10 batches loss: 3.7651265144348143
INFO:root:10 batches loss: 3.914128065109253
INFO:root:10 batches loss: 3.7949772596359255
INFO:root:10 batches loss: 3.28196759223938
INFO:root:10 batches loss: 3.781091237068176
INFO:root:10 batches loss: 3.5361713647842405
INFO:root:10 batches loss: 3.8795861482620237
INFO:root:10 batches loss: 3.8861172437667846
INFO:root:10 batches loss: 3.717529773712158
INFO:root:10 batches loss: 3.836215543746948
INFO:root:10 batches loss: 3.384588027000427
INFO:root:10 batches loss: 3.611574387550354
INFO:root:10 batches loss: 3.6752939939498903
INFO:root:10 batches loss: 3.9667430877685548
INFO:root:10 batches loss: 3.9161808490753174
INFO:root:10 batches loss: 3.415052342414856
INFO:root:10 batches loss: 3.723541259765625
INFO:root:10 batches loss: 3.5317282915115356
INFO:root:10 batches loss: 3.781347703933716
INFO:root:10 batches loss: 3.7968827962875364
INFO:root:10 batches loss: 3.9174975395202636
INFO:root:10 batches loss: 3.6691221475601195
INFO:root:10 batches loss: 3.898089122772217
INFO:root:10 batches loss: 4.155752420425415
INFO:root:10 batches loss: 3.708032751083374
INFO:root:10 batches loss: 3.6029466152191163
INFO:root:10 batches loss: 3.9553046464920043
INFO:root:10 batches loss: 3.837865972518921
INFO:root:10 batches loss: 4.068688249588012
INFO:root:10 batches loss: 3.502815532684326
INFO:root:Train loss at the end of the epoch: 23648.60988998413
INFO:root:Validation accuracy: 5.256410256410256
INFO:root:Epoch 3
INFO:root:10 batches loss: 4.277541255950927
INFO:root:10 batches loss: 3.7577303409576417
INFO:root:10 batches loss: 3.8361236333847044
INFO:root:10 batches loss: 3.2825661420822145
INFO:root:10 batches loss: 3.604513716697693
INFO:root:10 batches loss: 3.666070485115051
INFO:root:10 batches loss: 3.804066848754883
INFO:root:10 batches loss: 3.681291198730469
INFO:root:10 batches loss: 3.9398393630981445
INFO:root:10 batches loss: 3.8911396741867064
INFO:root:10 batches loss: 3.8500365257263183
INFO:root:10 batches loss: 3.6487724781036377
INFO:root:10 batches loss: 3.780779004096985
INFO:root:10 batches loss: 3.7563204765319824
INFO:root:10 batches loss: 3.7295485019683836
INFO:root:10 batches loss: 3.712735414505005
INFO:root:10 batches loss: 3.8420461416244507
INFO:root:10 batches loss: 3.658180522918701
INFO:root:10 batches loss: 3.4920787811279297
INFO:root:10 batches loss: 3.6184292793273927
INFO:root:10 batches loss: 3.7554572343826296
INFO:root:10 batches loss: 3.947396087646484
INFO:root:10 batches loss: 3.866705393791199
INFO:root:10 batches loss: 3.8166043281555178
INFO:root:10 batches loss: 3.717562127113342
INFO:root:10 batches loss: 3.8152685880661013
INFO:root:10 batches loss: 3.673092079162598
INFO:root:10 batches loss: 3.5837783575057984
INFO:root:10 batches loss: 3.491163897514343
INFO:root:10 batches loss: 3.8601022005081176
INFO:root:10 batches loss: 3.6122202396392824
INFO:root:10 batches loss: 3.5972435235977174
INFO:root:10 batches loss: 3.707308626174927
INFO:root:10 batches loss: 3.5921855926513673
INFO:root:10 batches loss: 3.7515969038009644
INFO:root:10 batches loss: 3.870238208770752
INFO:root:10 batches loss: 3.7732648849487305
INFO:root:10 batches loss: 3.9284527778625487
INFO:root:10 batches loss: 3.664443778991699
INFO:root:10 batches loss: 3.8121150970458983
INFO:root:10 batches loss: 3.8109662771224975
INFO:root:10 batches loss: 3.7425817012786866
INFO:root:10 batches loss: 3.535635757446289
INFO:root:10 batches loss: 3.4536699533462523
INFO:root:10 batches loss: 3.865573287010193
INFO:root:10 batches loss: 3.77844078540802
INFO:root:10 batches loss: 3.780993175506592
INFO:root:10 batches loss: 3.901453948020935
INFO:root:10 batches loss: 3.7388858079910277
INFO:root:10 batches loss: 3.778643822669983
INFO:root:10 batches loss: 3.87193922996521
INFO:root:10 batches loss: 3.9939990282058715
INFO:root:10 batches loss: 3.712607717514038
INFO:root:10 batches loss: 3.626609468460083
INFO:root:10 batches loss: 3.8690863847732544
INFO:root:10 batches loss: 3.873870062828064
INFO:root:10 batches loss: 3.924721670150757
INFO:root:10 batches loss: 3.969212198257446
INFO:root:10 batches loss: 3.7103209495544434
INFO:root:10 batches loss: 3.9056556940078737
INFO:root:10 batches loss: 3.8397422552108766
INFO:root:10 batches loss: 3.570396399497986
INFO:root:10 batches loss: 3.745789313316345
INFO:root:10 batches loss: 3.7400460481643676
INFO:root:10 batches loss: 3.682546615600586
INFO:root:10 batches loss: 3.742211413383484
INFO:root:10 batches loss: 3.7535656213760378
INFO:root:10 batches loss: 4.02575113773346
INFO:root:10 batches loss: 3.687739038467407
INFO:root:10 batches loss: 3.5821961879730226
INFO:root:10 batches loss: 3.4335097551345823
INFO:root:10 batches loss: 3.8078951597213746
INFO:root:10 batches loss: 3.7219794511795046
INFO:root:10 batches loss: 3.7286224603652953
INFO:root:10 batches loss: 3.757876443862915
INFO:root:10 batches loss: 3.4862829208374024
INFO:root:10 batches loss: 3.8586015701293945
INFO:root:10 batches loss: 3.747641944885254
INFO:root:10 batches loss: 3.834972548484802
INFO:root:10 batches loss: 3.744142770767212
INFO:root:10 batches loss: 3.7520508050918577
INFO:root:10 batches loss: 3.597517156600952
INFO:root:10 batches loss: 3.8739110231399536
INFO:root:10 batches loss: 3.719418478012085
INFO:root:10 batches loss: 3.9784096240997315
INFO:root:10 batches loss: 3.9941787719726562
INFO:root:10 batches loss: 3.7212931632995607
INFO:root:10 batches loss: 3.6601831674575807
INFO:root:10 batches loss: 3.96025390625
INFO:root:10 batches loss: 3.7735246658325194
INFO:root:10 batches loss: 3.655224108695984
INFO:root:10 batches loss: 3.4793422698974608
INFO:root:10 batches loss: 3.8122844219207765
INFO:root:10 batches loss: 3.7295907735824585
INFO:root:10 batches loss: 3.8053829431533814
INFO:root:10 batches loss: 3.9749459981918336
INFO:root:10 batches loss: 3.7534822463989257
INFO:root:10 batches loss: 3.6857780694961546
INFO:root:10 batches loss: 3.7399442195892334
INFO:root:10 batches loss: 4.044167470932007
INFO:root:10 batches loss: 3.8467335224151613
INFO:root:10 batches loss: 3.8669506549835204
INFO:root:10 batches loss: 3.6366019010543824
INFO:root:10 batches loss: 3.8492637872695923
INFO:root:10 batches loss: 3.875522589683533
INFO:root:10 batches loss: 3.9058587551116943
INFO:root:10 batches loss: 3.709762787818909
INFO:root:10 batches loss: 3.9168267488479613
INFO:root:10 batches loss: 3.784702110290527
INFO:root:10 batches loss: 3.8348827838897703
INFO:root:10 batches loss: 3.5137454986572267
INFO:root:10 batches loss: 3.8815046310424806
INFO:root:10 batches loss: 3.909017276763916
INFO:root:10 batches loss: 4.076478457450866
INFO:root:10 batches loss: 3.915226149559021
INFO:root:10 batches loss: 3.5981098413467407
INFO:root:10 batches loss: 4.010190272331238
INFO:root:10 batches loss: 3.642716908454895
INFO:root:10 batches loss: 3.850883936882019
INFO:root:10 batches loss: 3.8880027532577515
INFO:root:10 batches loss: 3.7483975648880006
INFO:root:10 batches loss: 3.8699649810791015
INFO:root:10 batches loss: 3.5199177742004393
INFO:root:10 batches loss: 4.0687397718429565
INFO:root:10 batches loss: 3.8930599451065064
INFO:root:10 batches loss: 3.8595597982406615
INFO:root:10 batches loss: 3.9282806634902956
INFO:root:10 batches loss: 3.802648401260376
INFO:root:10 batches loss: 3.4766743183135986
INFO:root:10 batches loss: 3.6076915979385378
INFO:root:10 batches loss: 4.081995940208435
INFO:root:10 batches loss: 3.6817517280578613
INFO:root:10 batches loss: 3.5758279085159304
INFO:root:10 batches loss: 3.6028247594833376
INFO:root:10 batches loss: 3.5297591924667358
INFO:root:10 batches loss: 3.7447956085205076
INFO:root:10 batches loss: 3.9444596767425537
INFO:root:10 batches loss: 3.8515105724334715
INFO:root:10 batches loss: 3.7474018573760985
INFO:root:10 batches loss: 3.924742269515991
INFO:root:10 batches loss: 3.846755361557007
INFO:root:10 batches loss: 3.78532817363739
INFO:root:10 batches loss: 3.7067797660827635
INFO:root:10 batches loss: 3.8284377098083495
INFO:root:10 batches loss: 3.764305353164673
INFO:root:10 batches loss: 3.625456213951111
INFO:root:10 batches loss: 3.7423962116241456
INFO:root:10 batches loss: 3.7995132207870483
INFO:root:10 batches loss: 3.758581113815308
INFO:root:10 batches loss: 3.687885594367981
INFO:root:10 batches loss: 3.694417452812195
INFO:root:10 batches loss: 3.7425524950027467
INFO:root:10 batches loss: 3.540296769142151
INFO:root:10 batches loss: 3.4638803005218506
INFO:root:10 batches loss: 3.7470104694366455
INFO:root:10 batches loss: 3.671398067474365
INFO:root:10 batches loss: 3.8200273752212524
INFO:root:10 batches loss: 3.7215839862823485
INFO:root:10 batches loss: 3.727827715873718
INFO:root:10 batches loss: 3.587806963920593
INFO:root:10 batches loss: 3.7110514879226684
INFO:root:10 batches loss: 4.017599511146545
INFO:root:10 batches loss: 3.6499913215637205
INFO:root:10 batches loss: 3.5161991834640505
INFO:root:10 batches loss: 3.773351550102234
INFO:root:10 batches loss: 3.7374336957931518
INFO:root:10 batches loss: 3.339685654640198
INFO:root:10 batches loss: 3.725694251060486
INFO:root:10 batches loss: 4.054271578788757
INFO:root:10 batches loss: 3.7397387981414796
INFO:root:10 batches loss: 3.6249390125274656
INFO:root:10 batches loss: 3.885267734527588
INFO:root:10 batches loss: 3.4578630685806275
INFO:root:10 batches loss: 3.7833667755126954
INFO:root:10 batches loss: 3.73999559879303
INFO:root:10 batches loss: 3.8138007640838625
INFO:root:10 batches loss: 3.711451268196106
INFO:root:10 batches loss: 3.794512176513672
INFO:root:10 batches loss: 3.6582591056823732
INFO:root:10 batches loss: 3.6967200756073
INFO:root:10 batches loss: 3.7754415035247804
INFO:root:10 batches loss: 3.5624597549438475
INFO:root:10 batches loss: 3.4787291049957276
INFO:root:10 batches loss: 3.46610746383667
INFO:root:10 batches loss: 3.96373565196991
INFO:root:10 batches loss: 4.03411819934845
INFO:root:10 batches loss: 3.967541766166687
INFO:root:10 batches loss: 3.8704225063323974
INFO:root:10 batches loss: 3.7923443794250487
INFO:root:10 batches loss: 3.728243088722229
INFO:root:10 batches loss: 3.864888143539429
INFO:root:10 batches loss: 3.7407652139663696
INFO:root:10 batches loss: 3.4641786575317384
INFO:root:10 batches loss: 3.942057800292969
INFO:root:10 batches loss: 3.4395028829574583
INFO:root:10 batches loss: 3.7667770385742188
INFO:root:10 batches loss: 3.7779253482818604
INFO:root:10 batches loss: 3.932733917236328
INFO:root:10 batches loss: 3.56810462474823
INFO:root:10 batches loss: 3.6892404556274414
INFO:root:10 batches loss: 3.3589165449142455
INFO:root:10 batches loss: 3.752399182319641
INFO:root:10 batches loss: 3.9377739429473877
INFO:root:10 batches loss: 3.798990511894226
INFO:root:10 batches loss: 3.525567126274109
INFO:root:10 batches loss: 3.912124013900757
INFO:root:10 batches loss: 3.4106338262557983
INFO:root:10 batches loss: 3.47957022190094
INFO:root:10 batches loss: 3.7092662811279298
INFO:root:10 batches loss: 3.7284821033477784
INFO:root:10 batches loss: 3.617106890678406
INFO:root:10 batches loss: 3.8136234521865844
INFO:root:10 batches loss: 3.6534274578094483
INFO:root:10 batches loss: 3.991876411437988
INFO:root:10 batches loss: 3.4303329229354858
INFO:root:10 batches loss: 3.657621240615845
INFO:root:10 batches loss: 3.4583859920501707
INFO:root:10 batches loss: 3.429885673522949
INFO:root:10 batches loss: 3.8858996391296388
INFO:root:10 batches loss: 3.7424701929092405
INFO:root:10 batches loss: 3.65197069644928
INFO:root:10 batches loss: 3.795296311378479
INFO:root:10 batches loss: 3.720494294166565
INFO:root:10 batches loss: 3.5772937774658202
INFO:root:10 batches loss: 3.9247811794281007
INFO:root:10 batches loss: 3.4821626424789427
INFO:root:10 batches loss: 3.7677772521972654
INFO:root:10 batches loss: 3.865981030464172
INFO:root:10 batches loss: 3.796144652366638
INFO:root:10 batches loss: 3.30187783241272
INFO:root:10 batches loss: 3.7083956956863404
INFO:root:10 batches loss: 3.8161243915557863
INFO:root:10 batches loss: 3.840967631340027
INFO:root:10 batches loss: 3.702133321762085
INFO:root:10 batches loss: 3.830283999443054
INFO:root:10 batches loss: 4.018689727783203
INFO:root:10 batches loss: 3.655889701843262
INFO:root:10 batches loss: 3.8920387506484984
INFO:root:10 batches loss: 3.6963721990585325
INFO:root:10 batches loss: 3.643988347053528
INFO:root:10 batches loss: 3.7653578758239745
INFO:root:10 batches loss: 3.650574064254761
INFO:root:10 batches loss: 3.9463894367218018
INFO:root:10 batches loss: 3.7446603775024414
INFO:root:10 batches loss: 3.5781928062438966
INFO:root:10 batches loss: 3.3492173671722414
INFO:root:10 batches loss: 3.4016467809677122
INFO:root:10 batches loss: 3.55668306350708
INFO:root:10 batches loss: 3.3392336845397947
INFO:root:10 batches loss: 4.06055166721344
INFO:root:10 batches loss: 3.800267195701599
INFO:root:10 batches loss: 3.5223658084869385
INFO:root:10 batches loss: 3.8043071031570435
INFO:root:10 batches loss: 3.5911967039108275
INFO:root:10 batches loss: 3.976662302017212
INFO:root:10 batches loss: 3.827064108848572
INFO:root:10 batches loss: 3.921433448791504
INFO:root:10 batches loss: 3.9550815343856813
INFO:root:10 batches loss: 3.758900499343872
INFO:root:10 batches loss: 3.7609227657318116
INFO:root:10 batches loss: 3.3494301319122313
INFO:root:10 batches loss: 3.6896430015563966
INFO:root:10 batches loss: 3.6013484239578246
INFO:root:10 batches loss: 3.56370096206665
INFO:root:10 batches loss: 3.575154662132263
INFO:root:10 batches loss: 3.475952959060669
INFO:root:10 batches loss: 3.8323232650756838
INFO:root:10 batches loss: 3.6111008882522584
INFO:root:10 batches loss: 3.912353587150574
INFO:root:10 batches loss: 3.7621834754943846
INFO:root:10 batches loss: 3.741833543777466
INFO:root:10 batches loss: 3.7087440729141234
INFO:root:10 batches loss: 3.6841063022613527
INFO:root:10 batches loss: 3.816437768936157
INFO:root:10 batches loss: 3.703350329399109
INFO:root:10 batches loss: 3.9181458950042725
INFO:root:10 batches loss: 3.9362236976623537
INFO:root:10 batches loss: 3.7887315273284914
INFO:root:10 batches loss: 3.3654146909713747
INFO:root:10 batches loss: 3.7347310304641725
INFO:root:10 batches loss: 3.8144696712493897
INFO:root:10 batches loss: 3.575123906135559
INFO:root:10 batches loss: 3.857474708557129
INFO:root:10 batches loss: 3.4859815359115602
INFO:root:10 batches loss: 3.445470762252808
INFO:root:10 batches loss: 4.036439418792725
INFO:root:10 batches loss: 3.8089233875274657
INFO:root:10 batches loss: 3.4226818323135375
INFO:root:10 batches loss: 4.084376168251038
INFO:root:10 batches loss: 3.537861466407776
INFO:root:10 batches loss: 3.530624604225159
INFO:root:10 batches loss: 3.747170853614807
INFO:root:10 batches loss: 3.811716818809509
INFO:root:10 batches loss: 3.390861654281616
INFO:root:10 batches loss: 3.517716383934021
INFO:root:10 batches loss: 3.896882915496826
INFO:root:10 batches loss: 3.6394981145858765
INFO:root:10 batches loss: 3.794888424873352
INFO:root:10 batches loss: 3.884112596511841
INFO:root:10 batches loss: 3.63474063873291
INFO:root:10 batches loss: 3.658892560005188
INFO:root:10 batches loss: 3.543835973739624
INFO:root:10 batches loss: 3.420931839942932
INFO:root:10 batches loss: 4.155964279174805
INFO:root:10 batches loss: 3.652573561668396
INFO:root:10 batches loss: 3.702436113357544
INFO:root:10 batches loss: 3.795679712295532
INFO:root:10 batches loss: 3.6382688999176027
INFO:root:10 batches loss: 3.5396646738052366
INFO:root:10 batches loss: 3.9394196271896362
INFO:root:10 batches loss: 3.747898483276367
INFO:root:10 batches loss: 3.824243187904358
INFO:root:10 batches loss: 3.6548028230667113
INFO:root:10 batches loss: 3.857299971580505
INFO:root:10 batches loss: 3.802012395858765
INFO:root:10 batches loss: 3.800048017501831
INFO:root:10 batches loss: 3.6603692531585694
INFO:root:10 batches loss: 3.730733299255371
INFO:root:10 batches loss: 4.020575094223022
INFO:root:10 batches loss: 3.9314997673034666
INFO:root:10 batches loss: 3.694654631614685
INFO:root:10 batches loss: 3.8153382539749146
INFO:root:10 batches loss: 3.8176496267318725
INFO:root:10 batches loss: 3.902287411689758
INFO:root:10 batches loss: 3.5320585489273073
INFO:root:10 batches loss: 4.043779969215393
INFO:root:10 batches loss: 3.67345016002655
INFO:root:10 batches loss: 3.510528492927551
INFO:root:10 batches loss: 3.728250002861023
INFO:root:10 batches loss: 3.9990164041519165
INFO:root:10 batches loss: 3.8087157726287844
INFO:root:10 batches loss: 3.848997473716736
INFO:root:10 batches loss: 3.50730242729187
INFO:root:10 batches loss: 3.641501545906067
INFO:root:10 batches loss: 3.478438925743103
INFO:root:10 batches loss: 3.706047701835632
INFO:root:10 batches loss: 3.796859359741211
INFO:root:10 batches loss: 3.8647619009017946
INFO:root:10 batches loss: 3.5966746330261232
INFO:root:10 batches loss: 3.8090020656585692
INFO:root:10 batches loss: 3.873406720161438
INFO:root:10 batches loss: 3.4832242012023924
INFO:root:10 batches loss: 3.884414720535278
INFO:root:10 batches loss: 3.757559895515442
INFO:root:10 batches loss: 3.8183339834213257
INFO:root:10 batches loss: 3.901446533203125
INFO:root:10 batches loss: 3.80675413608551
INFO:root:10 batches loss: 3.7444496393203734
INFO:root:10 batches loss: 3.816288375854492
INFO:root:10 batches loss: 3.536312699317932
INFO:root:10 batches loss: 3.3485049962997437
INFO:root:10 batches loss: 3.737902021408081
INFO:root:10 batches loss: 3.6044459104537965
INFO:root:10 batches loss: 3.661869239807129
INFO:root:10 batches loss: 3.6491030931472777
INFO:root:10 batches loss: 3.4675368785858156
INFO:root:10 batches loss: 3.3630942344665526
INFO:root:10 batches loss: 3.7574183464050295
INFO:root:10 batches loss: 3.4547671556472777
INFO:root:10 batches loss: 3.5686325311660765
INFO:root:10 batches loss: 3.2685680389404297
INFO:root:10 batches loss: 3.7053853988647463
INFO:root:10 batches loss: 3.9797442674636843
INFO:root:10 batches loss: 3.772268033027649
INFO:root:10 batches loss: 3.5225404500961304
INFO:root:10 batches loss: 3.754865312576294
INFO:root:10 batches loss: 3.7598653554916384
INFO:root:10 batches loss: 3.6136322975158692
INFO:root:10 batches loss: 3.878664016723633
INFO:root:10 batches loss: 3.675860118865967
INFO:root:10 batches loss: 3.3278098821640016
INFO:root:10 batches loss: 3.7601044178009033
INFO:root:10 batches loss: 3.828715777397156
INFO:root:10 batches loss: 3.3552568435668944
INFO:root:10 batches loss: 3.8299374341964723
INFO:root:10 batches loss: 3.405413103103638
INFO:root:10 batches loss: 3.7286080598831175
INFO:root:10 batches loss: 3.5751223802566527
INFO:root:10 batches loss: 3.969033694267273
INFO:root:10 batches loss: 3.620127320289612
INFO:root:10 batches loss: 3.8806979656219482
INFO:root:10 batches loss: 3.4436348915100097
INFO:root:10 batches loss: 4.03635733127594
INFO:root:10 batches loss: 4.05015709400177
INFO:root:10 batches loss: 3.6792351961135865
INFO:root:10 batches loss: 3.8038126468658446
INFO:root:10 batches loss: 3.8511022567749023
INFO:root:10 batches loss: 3.684875416755676
INFO:root:10 batches loss: 3.6214250802993773
INFO:root:10 batches loss: 3.6626303672790526
INFO:root:10 batches loss: 3.7165422201156617
INFO:root:10 batches loss: 3.638113784790039
INFO:root:10 batches loss: 3.8554964303970336
INFO:root:10 batches loss: 3.7731931686401365
INFO:root:10 batches loss: 3.8122353315353394
INFO:root:10 batches loss: 3.7401602029800416
INFO:root:10 batches loss: 3.855756235122681
INFO:root:10 batches loss: 3.752348232269287
INFO:root:10 batches loss: 3.801075744628906
INFO:root:10 batches loss: 3.752493667602539
INFO:root:10 batches loss: 3.839467453956604
INFO:root:10 batches loss: 3.7750125408172606
INFO:root:10 batches loss: 3.4428754091262816
INFO:root:10 batches loss: 3.691617798805237
INFO:root:10 batches loss: 3.7130685567855837
INFO:root:10 batches loss: 3.569702482223511
INFO:root:10 batches loss: 3.603862977027893
INFO:root:10 batches loss: 3.622787070274353
INFO:root:10 batches loss: 4.013685727119446
INFO:root:10 batches loss: 3.599521780014038
INFO:root:10 batches loss: 3.4550244569778443
INFO:root:10 batches loss: 3.706006383895874
INFO:root:10 batches loss: 3.6783053398132326
INFO:root:10 batches loss: 3.7567505836486816
INFO:root:10 batches loss: 3.6187007904052733
INFO:root:10 batches loss: 3.736528205871582
INFO:root:10 batches loss: 3.7436808347702026
INFO:root:10 batches loss: 3.5994162797927856
INFO:root:10 batches loss: 3.5447041273117064
INFO:root:10 batches loss: 3.5342145919799806
INFO:root:10 batches loss: 3.8479530572891236
INFO:root:10 batches loss: 3.5424105405807493
INFO:root:10 batches loss: 3.7784889221191404
INFO:root:10 batches loss: 3.694384551048279
INFO:root:10 batches loss: 3.5983078241348267
INFO:root:10 batches loss: 3.714103651046753
INFO:root:10 batches loss: 3.669828915596008
INFO:root:10 batches loss: 3.592290759086609
INFO:root:10 batches loss: 3.6083866119384767
INFO:root:10 batches loss: 3.764023995399475
INFO:root:10 batches loss: 3.8724837779998778
INFO:root:10 batches loss: 3.6508419036865236
INFO:root:10 batches loss: 3.6533194303512575
INFO:root:10 batches loss: 3.6668069839477537
INFO:root:10 batches loss: 4.011205101013184
INFO:root:10 batches loss: 4.107316303253174
INFO:root:10 batches loss: 3.8281318664550783
INFO:root:10 batches loss: 4.158226537704468
INFO:root:10 batches loss: 3.889143204689026
INFO:root:10 batches loss: 3.7863520622253417
INFO:root:10 batches loss: 3.8624762535095214
INFO:root:10 batches loss: 3.9056854963302614
INFO:root:10 batches loss: 3.8286624908447267
INFO:root:10 batches loss: 3.5682732582092287
INFO:root:10 batches loss: 3.6835671424865724
INFO:root:10 batches loss: 3.804843783378601
INFO:root:10 batches loss: 3.4977455854415895
INFO:root:10 batches loss: 3.8644659757614135
INFO:root:10 batches loss: 3.726820683479309
INFO:root:10 batches loss: 3.6875872135162355
INFO:root:10 batches loss: 3.656549596786499
INFO:root:10 batches loss: 3.5729540586471558
INFO:root:10 batches loss: 3.455220866203308
INFO:root:10 batches loss: 3.5876288652420043
INFO:root:10 batches loss: 3.8796691417694094
INFO:root:10 batches loss: 3.670576643943787
INFO:root:10 batches loss: 3.8647759675979616
INFO:root:10 batches loss: 3.6894609689712525
INFO:root:10 batches loss: 3.6656847953796388
INFO:root:10 batches loss: 3.7340274810791017
INFO:root:10 batches loss: 3.7470479011535645
INFO:root:10 batches loss: 3.475168538093567
INFO:root:10 batches loss: 3.7902151346206665
INFO:root:10 batches loss: 3.584496784210205
INFO:root:10 batches loss: 3.9609115600585936
INFO:root:10 batches loss: 3.6818668365478517
INFO:root:10 batches loss: 3.8511175870895387
INFO:root:10 batches loss: 3.8889439582824705
INFO:root:10 batches loss: 3.7159414768218992
INFO:root:10 batches loss: 3.556340050697327
INFO:root:10 batches loss: 3.840096187591553
INFO:root:10 batches loss: 3.645484209060669
INFO:root:10 batches loss: 3.529216837882996
INFO:root:10 batches loss: 3.579175329208374
INFO:root:10 batches loss: 3.6799212455749513
INFO:root:10 batches loss: 3.6265756368637083
INFO:root:10 batches loss: 3.8534003496170044
INFO:root:10 batches loss: 3.7552424907684325
INFO:root:10 batches loss: 3.7976085424423216
INFO:root:10 batches loss: 3.4395758152008056
INFO:root:10 batches loss: 3.622081232070923
INFO:root:10 batches loss: 3.6120835542678833
INFO:root:10 batches loss: 3.852284336090088
INFO:root:10 batches loss: 3.5495457887649535
INFO:root:10 batches loss: 3.872505712509155
INFO:root:10 batches loss: 3.5712423086166383
INFO:root:10 batches loss: 3.9566390752792358
INFO:root:10 batches loss: 3.8302282810211183
INFO:root:10 batches loss: 3.5065357446670533
INFO:root:10 batches loss: 3.6901729822158815
INFO:root:10 batches loss: 3.8034890413284304
INFO:root:10 batches loss: 3.8412269353866577
INFO:root:10 batches loss: 3.529715394973755
INFO:root:10 batches loss: 3.6166903495788576
INFO:root:10 batches loss: 3.815842938423157
INFO:root:10 batches loss: 3.6992719173431396
INFO:root:10 batches loss: 3.574659514427185
INFO:root:10 batches loss: 3.720653796195984
INFO:root:10 batches loss: 4.0547912359237674
INFO:root:10 batches loss: 3.8649689674377443
INFO:root:10 batches loss: 3.69532630443573
INFO:root:10 batches loss: 3.7655544519424438
INFO:root:10 batches loss: 3.5195503711700438
INFO:root:10 batches loss: 3.9410739183425902
INFO:root:10 batches loss: 3.6214977264404298
INFO:root:10 batches loss: 3.6356033086776733
INFO:root:10 batches loss: 3.496665835380554
INFO:root:10 batches loss: 3.727851986885071
INFO:root:10 batches loss: 3.63309588432312
INFO:root:10 batches loss: 3.5209571599960325
INFO:root:10 batches loss: 3.9503352642059326
INFO:root:10 batches loss: 3.8679011344909666
INFO:root:10 batches loss: 3.452069330215454
INFO:root:10 batches loss: 3.611834907531738
INFO:root:10 batches loss: 3.768139052391052
INFO:root:10 batches loss: 3.9137683391571043
INFO:root:10 batches loss: 3.4422230243682863
INFO:root:10 batches loss: 3.5818264961242674
INFO:root:10 batches loss: 4.1270252704620365
INFO:root:10 batches loss: 3.8168181419372558
INFO:root:10 batches loss: 3.6301226377487184
INFO:root:10 batches loss: 3.6519113779067993
INFO:root:10 batches loss: 3.5625925302505492
INFO:root:10 batches loss: 3.4911876201629637
INFO:root:10 batches loss: 3.673947501182556
INFO:root:10 batches loss: 3.76860990524292
INFO:root:10 batches loss: 3.6694111108779905
INFO:root:10 batches loss: 3.488190841674805
INFO:root:10 batches loss: 3.8804388761520388
INFO:root:10 batches loss: 3.442861461639404
INFO:root:10 batches loss: 3.7406473636627195
INFO:root:10 batches loss: 3.3521356105804445
INFO:root:10 batches loss: 3.608356785774231
INFO:root:10 batches loss: 3.3994943141937255
INFO:root:10 batches loss: 3.9868045091629027
INFO:root:10 batches loss: 3.936234378814697
INFO:root:10 batches loss: 3.6819074153900146
INFO:root:10 batches loss: 3.339933896064758
INFO:root:10 batches loss: 4.018009901046753
INFO:root:10 batches loss: 3.4166383743286133
INFO:root:10 batches loss: 3.7906373262405397
INFO:root:10 batches loss: 3.871636891365051
INFO:root:10 batches loss: 3.7200316190719604
INFO:root:10 batches loss: 4.098974370956421
INFO:root:10 batches loss: 3.527550745010376
INFO:root:10 batches loss: 3.715559983253479
INFO:root:10 batches loss: 3.6275609731674194
INFO:root:10 batches loss: 3.845820450782776
INFO:root:10 batches loss: 3.4319645881652834
INFO:root:10 batches loss: 3.3730064153671266
INFO:root:10 batches loss: 3.5950646877288817
INFO:root:10 batches loss: 3.638314723968506
INFO:root:10 batches loss: 3.464723896980286
INFO:root:10 batches loss: 3.986095643043518
INFO:root:10 batches loss: 3.343277406692505
INFO:root:10 batches loss: 3.6551302909851073
INFO:root:10 batches loss: 3.680067038536072
INFO:root:10 batches loss: 3.7855538606643675
INFO:root:10 batches loss: 3.5499621868133544
INFO:root:10 batches loss: 3.6689783573150634
INFO:root:10 batches loss: 3.6206866979598997
INFO:root:10 batches loss: 3.5196487665176392
INFO:root:10 batches loss: 3.873013806343079
INFO:root:10 batches loss: 4.0357249736785885
INFO:root:10 batches loss: 4.100390434265137
INFO:root:10 batches loss: 3.4161750078201294
INFO:root:10 batches loss: 3.7170227766036987
INFO:root:10 batches loss: 3.7080334663391112
INFO:root:10 batches loss: 3.87004976272583
INFO:root:10 batches loss: 3.32408607006073
INFO:root:10 batches loss: 3.692550206184387
INFO:root:10 batches loss: 3.6040008544921873
INFO:root:10 batches loss: 3.6129746198654176
INFO:root:10 batches loss: 3.473919892311096
INFO:root:10 batches loss: 3.7064687252044677
INFO:root:10 batches loss: 3.858378553390503
INFO:root:10 batches loss: 3.6986146688461305
INFO:root:10 batches loss: 3.669703149795532
INFO:root:10 batches loss: 3.8170724868774415
INFO:root:10 batches loss: 3.846937417984009
INFO:root:10 batches loss: 3.357944130897522
INFO:root:10 batches loss: 3.4123194932937624
INFO:root:10 batches loss: 3.654776692390442
INFO:root:10 batches loss: 3.930498647689819
INFO:root:10 batches loss: 3.6019052982330324
INFO:root:10 batches loss: 3.66596360206604
INFO:root:10 batches loss: 3.609569764137268
INFO:root:10 batches loss: 3.651218128204346
INFO:root:10 batches loss: 3.9519214391708375
INFO:root:10 batches loss: 3.3830646753311155
INFO:root:10 batches loss: 3.2684135675430297
INFO:root:10 batches loss: 4.024134778976441
INFO:root:10 batches loss: 3.6128225803375242
INFO:root:10 batches loss: 4.105572175979614
INFO:root:10 batches loss: 3.6067249536514283
INFO:root:10 batches loss: 3.872924876213074
INFO:root:10 batches loss: 3.900164842605591
INFO:root:10 batches loss: 3.53900830745697
INFO:root:10 batches loss: 3.708443307876587
INFO:root:10 batches loss: 3.5206032037734984
INFO:root:10 batches loss: 3.6679670333862306
INFO:root:10 batches loss: 3.6012791633605956
INFO:root:10 batches loss: 3.5562174320220947
INFO:root:10 batches loss: 3.537701153755188
INFO:root:10 batches loss: 3.5436038970947266
INFO:root:10 batches loss: 3.5366565227508544
INFO:root:10 batches loss: 4.031865572929382
INFO:root:10 batches loss: 3.716015124320984
INFO:root:10 batches loss: 3.577881407737732
INFO:root:10 batches loss: 3.619603681564331
INFO:root:10 batches loss: 3.6776788234710693
INFO:root:10 batches loss: 3.5325745820999144
INFO:root:10 batches loss: 3.7784348011016844
INFO:root:10 batches loss: 3.8148125410079956
INFO:root:10 batches loss: 3.8528133153915407
INFO:root:10 batches loss: 3.6020631551742555
INFO:root:10 batches loss: 3.705023264884949
INFO:root:10 batches loss: 3.5231195449829102
INFO:root:10 batches loss: 3.509514570236206
INFO:root:10 batches loss: 3.919238257408142
INFO:root:10 batches loss: 3.7390448808670045
INFO:root:10 batches loss: 3.64140625
INFO:root:10 batches loss: 3.5935410261154175
INFO:root:Train loss at the end of the epoch: 23165.060122728348
INFO:root:Validation accuracy: 5.0
INFO:root:==> Test
INFO:root:
Test set: Average loss: -2.2849, Accuracy: 239/1560 (15%)

