INFO:root:===> Loading datasets
INFO:root:===> Building model
INFO:root:===> Training
INFO:root:Epoch 1
INFO:root:10 batches loss: 4.6252223491668705
INFO:root:10 batches loss: 4.204333877563476
INFO:root:10 batches loss: 4.206843614578247
INFO:root:10 batches loss: 4.197316217422485
INFO:root:10 batches loss: 4.192696857452392
INFO:root:10 batches loss: 4.196214485168457
INFO:root:10 batches loss: 4.197348165512085
INFO:root:10 batches loss: 4.199133968353271
INFO:root:10 batches loss: 4.179331731796265
INFO:root:10 batches loss: 4.196927547454834
INFO:root:10 batches loss: 4.183142614364624
INFO:root:10 batches loss: 4.2085573196411135
INFO:root:10 batches loss: 4.196152257919311
INFO:root:10 batches loss: 4.206479549407959
INFO:root:10 batches loss: 4.194063663482666
INFO:root:10 batches loss: 4.182859468460083
INFO:root:10 batches loss: 4.182080030441284
INFO:root:10 batches loss: 4.196410512924194
INFO:root:10 batches loss: 4.165717220306396
INFO:root:10 batches loss: 4.173912715911865
INFO:root:10 batches loss: 4.166515731811524
INFO:root:10 batches loss: 4.194660329818726
INFO:root:10 batches loss: 4.174011468887329
INFO:root:10 batches loss: 4.190424823760987
INFO:root:10 batches loss: 4.177436399459839
INFO:root:10 batches loss: 4.185308313369751
INFO:root:10 batches loss: 4.184556579589843
INFO:root:10 batches loss: 4.161198425292969
INFO:root:10 batches loss: 4.174367618560791
INFO:root:10 batches loss: 4.165904235839844
INFO:root:10 batches loss: 4.150488185882568
INFO:root:10 batches loss: 4.188713884353637
INFO:root:10 batches loss: 4.173336601257324
INFO:root:10 batches loss: 4.169247579574585
INFO:root:10 batches loss: 4.171409606933594
INFO:root:10 batches loss: 4.157141542434692
INFO:root:10 batches loss: 4.158397436141968
INFO:root:10 batches loss: 4.156237149238587
INFO:root:10 batches loss: 4.161190152168274
INFO:root:10 batches loss: 4.167418098449707
INFO:root:10 batches loss: 4.2171138048172
INFO:root:10 batches loss: 4.0659472942352295
INFO:root:10 batches loss: 3.972626781463623
INFO:root:10 batches loss: 4.0482278823852536
INFO:root:10 batches loss: 4.161015510559082
INFO:root:10 batches loss: 3.9661568880081175
INFO:root:10 batches loss: 4.195880794525147
INFO:root:10 batches loss: 4.145812439918518
INFO:root:10 batches loss: 4.065116429328919
INFO:root:10 batches loss: 4.0636159658432005
INFO:root:10 batches loss: 4.120484304428101
INFO:root:10 batches loss: 4.038928389549255
INFO:root:10 batches loss: 4.222935605049133
INFO:root:10 batches loss: 4.190504169464111
INFO:root:10 batches loss: 3.9694185972213747
INFO:root:10 batches loss: 4.027594208717346
INFO:root:10 batches loss: 4.103410959243774
INFO:root:10 batches loss: 4.164925193786621
INFO:root:10 batches loss: 4.247820401191712
INFO:root:10 batches loss: 4.026122403144837
INFO:root:10 batches loss: 4.046375179290772
INFO:root:10 batches loss: 4.089860439300537
INFO:root:10 batches loss: 3.906990337371826
INFO:root:10 batches loss: 3.755234217643738
INFO:root:10 batches loss: 3.7974030494689943
INFO:root:10 batches loss: 4.0660518407821655
INFO:root:10 batches loss: 3.9567718267440797
INFO:root:10 batches loss: 4.134573149681091
INFO:root:10 batches loss: 3.986690044403076
INFO:root:10 batches loss: 4.2145240068435665
INFO:root:10 batches loss: 3.970293569564819
INFO:root:10 batches loss: 4.023674178123474
INFO:root:10 batches loss: 4.1259578466415405
INFO:root:10 batches loss: 4.059533333778381
INFO:root:10 batches loss: 4.054916024208069
INFO:root:10 batches loss: 4.180735540390015
INFO:root:10 batches loss: 4.005524086952209
INFO:root:10 batches loss: 4.088666987419129
INFO:root:10 batches loss: 4.001334834098816
INFO:root:10 batches loss: 4.145631670951843
INFO:root:10 batches loss: 3.881551170349121
INFO:root:10 batches loss: 4.170876288414002
INFO:root:10 batches loss: 4.178709149360657
INFO:root:10 batches loss: 3.8961849212646484
INFO:root:10 batches loss: 4.1745849609375
INFO:root:10 batches loss: 4.018683981895447
INFO:root:10 batches loss: 4.0349009990692135
INFO:root:10 batches loss: 4.259905052185059
INFO:root:10 batches loss: 4.115128874778748
INFO:root:10 batches loss: 4.034794545173645
INFO:root:10 batches loss: 4.013310074806213
INFO:root:10 batches loss: 4.129264402389526
INFO:root:10 batches loss: 4.2260897397995
INFO:root:10 batches loss: 3.998507285118103
INFO:root:10 batches loss: 4.106797456741333
INFO:root:10 batches loss: 4.168959975242615
INFO:root:10 batches loss: 4.275982332229614
INFO:root:10 batches loss: 4.1035035133361815
INFO:root:10 batches loss: 3.8976831912994383
INFO:root:10 batches loss: 4.05343108177185
INFO:root:10 batches loss: 4.193294930458069
INFO:root:10 batches loss: 4.121834349632263
INFO:root:10 batches loss: 3.898213028907776
INFO:root:10 batches loss: 3.823865365982056
INFO:root:10 batches loss: 4.238772821426392
INFO:root:10 batches loss: 3.966798758506775
INFO:root:10 batches loss: 4.147972059249878
INFO:root:10 batches loss: 4.033599424362182
INFO:root:10 batches loss: 4.026601886749267
INFO:root:10 batches loss: 4.039369058609009
INFO:root:10 batches loss: 3.884935140609741
INFO:root:10 batches loss: 4.041831469535827
INFO:root:10 batches loss: 4.050281524658203
INFO:root:10 batches loss: 4.140611171722412
INFO:root:10 batches loss: 3.6928858757019043
INFO:root:10 batches loss: 3.750070405006409
INFO:root:10 batches loss: 3.84922878742218
INFO:root:10 batches loss: 4.157205748558044
INFO:root:10 batches loss: 3.9809039354324343
INFO:root:10 batches loss: 4.067607188224793
INFO:root:10 batches loss: 4.056963992118836
INFO:root:10 batches loss: 4.176238203048706
INFO:root:10 batches loss: 4.016762900352478
INFO:root:10 batches loss: 3.911285376548767
INFO:root:10 batches loss: 4.116235709190368
INFO:root:10 batches loss: 3.959886884689331
INFO:root:10 batches loss: 4.08009967803955
INFO:root:10 batches loss: 4.053545141220093
INFO:root:10 batches loss: 4.046408343315124
INFO:root:10 batches loss: 3.8135888814926147
INFO:root:10 batches loss: 3.9564861059188843
INFO:root:10 batches loss: 3.8331825971603393
INFO:root:10 batches loss: 3.8993480443954467
INFO:root:10 batches loss: 4.288411831855774
INFO:root:10 batches loss: 3.97369065284729
INFO:root:10 batches loss: 4.110642075538635
INFO:root:10 batches loss: 4.133165884017944
INFO:root:10 batches loss: 4.0426966667175295
INFO:root:10 batches loss: 4.035110902786255
INFO:root:10 batches loss: 3.821964478492737
INFO:root:10 batches loss: 4.164393568038941
INFO:root:10 batches loss: 4.1024847507476805
INFO:root:10 batches loss: 3.949216103553772
INFO:root:10 batches loss: 4.166349267959594
INFO:root:10 batches loss: 3.9000610589981077
INFO:root:10 batches loss: 4.046222901344299
INFO:root:10 batches loss: 4.165484952926636
INFO:root:10 batches loss: 3.9671353340148925
INFO:root:10 batches loss: 4.204943680763245
INFO:root:10 batches loss: 3.8956915616989134
INFO:root:10 batches loss: 4.272219586372375
INFO:root:10 batches loss: 4.079526758193969
INFO:root:10 batches loss: 3.9928485631942747
INFO:root:10 batches loss: 4.170119404792786
INFO:root:10 batches loss: 4.003918910026551
INFO:root:10 batches loss: 3.895068073272705
INFO:root:10 batches loss: 4.270093369483948
INFO:root:10 batches loss: 3.8166091680526733
INFO:root:10 batches loss: 3.892182540893555
INFO:root:10 batches loss: 3.8806952953338625
INFO:root:10 batches loss: 4.053086042404175
INFO:root:10 batches loss: 4.136994099617004
INFO:root:10 batches loss: 4.184740972518921
INFO:root:10 batches loss: 4.031636071205139
INFO:root:10 batches loss: 4.034357404708862
INFO:root:10 batches loss: 4.1069341659545895
INFO:root:10 batches loss: 4.068961787223816
INFO:root:10 batches loss: 4.079303765296936
INFO:root:10 batches loss: 4.302416706085205
INFO:root:10 batches loss: 4.005705308914185
INFO:root:10 batches loss: 4.1485615253448485
INFO:root:10 batches loss: 4.141928625106812
INFO:root:10 batches loss: 4.002974653244019
INFO:root:10 batches loss: 3.9339791774749755
INFO:root:10 batches loss: 3.8655482292175294
INFO:root:10 batches loss: 3.9657140493392946
INFO:root:10 batches loss: 3.8695544004440308
INFO:root:10 batches loss: 3.9693217039108277
INFO:root:10 batches loss: 3.898522210121155
INFO:root:10 batches loss: 4.141900277137756
INFO:root:10 batches loss: 3.9452428817749023
INFO:root:10 batches loss: 3.974871873855591
INFO:root:10 batches loss: 3.9593826293945313
INFO:root:10 batches loss: 4.102659440040588
INFO:root:10 batches loss: 4.212327289581299
INFO:root:10 batches loss: 4.066345572471619
INFO:root:10 batches loss: 4.142886972427368
INFO:root:10 batches loss: 4.035987162590027
INFO:root:10 batches loss: 4.106292414665222
INFO:root:10 batches loss: 4.115532636642456
INFO:root:10 batches loss: 4.03722722530365
INFO:root:10 batches loss: 4.038731694221497
INFO:root:10 batches loss: 3.909746694564819
INFO:root:10 batches loss: 3.875533866882324
INFO:root:10 batches loss: 3.7830456256866456
INFO:root:10 batches loss: 3.9994131326675415
INFO:root:10 batches loss: 3.8639061212539674
INFO:root:10 batches loss: 4.083766269683838
INFO:root:10 batches loss: 3.8684173583984376
INFO:root:10 batches loss: 4.230810284614563
INFO:root:10 batches loss: 4.108821964263916
INFO:root:10 batches loss: 4.0831256866455075
INFO:root:10 batches loss: 3.926973557472229
INFO:root:10 batches loss: 3.994266176223755
INFO:root:10 batches loss: 4.063414192199707
INFO:root:10 batches loss: 3.737606072425842
INFO:root:10 batches loss: 3.8984781742095946
INFO:root:10 batches loss: 4.195396757125854
INFO:root:10 batches loss: 3.94411096572876
INFO:root:10 batches loss: 4.113420414924621
INFO:root:10 batches loss: 3.8960138320922852
INFO:root:10 batches loss: 3.7712038278579714
INFO:root:10 batches loss: 4.076127934455871
INFO:root:10 batches loss: 3.8587331056594847
INFO:root:10 batches loss: 4.3522934198379515
INFO:root:10 batches loss: 3.9131094455718993
INFO:root:10 batches loss: 3.9759779930114747
INFO:root:10 batches loss: 4.141632318496704
INFO:root:10 batches loss: 3.898148012161255
INFO:root:10 batches loss: 3.8985332012176515
INFO:root:10 batches loss: 3.737212562561035
INFO:root:10 batches loss: 3.536430335044861
INFO:root:10 batches loss: 4.417480254173279
INFO:root:10 batches loss: 4.020849990844726
INFO:root:10 batches loss: 4.140673232078552
INFO:root:10 batches loss: 4.0092164278030396
INFO:root:10 batches loss: 3.988492727279663
INFO:root:10 batches loss: 4.077369236946106
INFO:root:10 batches loss: 4.07930178642273
INFO:root:10 batches loss: 4.116021156311035
INFO:root:10 batches loss: 3.8949318408966063
INFO:root:10 batches loss: 4.022867751121521
INFO:root:10 batches loss: 4.118858098983765
INFO:root:10 batches loss: 4.129046010971069
INFO:root:10 batches loss: 4.024479842185974
INFO:root:10 batches loss: 3.9333597898483275
INFO:root:10 batches loss: 4.026608920097351
INFO:root:10 batches loss: 3.9805068254470823
INFO:root:10 batches loss: 4.187388586997986
INFO:root:10 batches loss: 3.6654139041900633
INFO:root:10 batches loss: 3.937680959701538
INFO:root:10 batches loss: 3.967383861541748
INFO:root:10 batches loss: 3.700566554069519
INFO:root:10 batches loss: 3.9682530403137206
INFO:root:10 batches loss: 4.232614898681641
INFO:root:10 batches loss: 4.044165992736817
INFO:root:10 batches loss: 3.942091774940491
INFO:root:10 batches loss: 3.8029131412506105
INFO:root:10 batches loss: 4.10597608089447
INFO:root:10 batches loss: 3.8118919849395754
INFO:root:10 batches loss: 3.936373066902161
INFO:root:10 batches loss: 3.951404023170471
INFO:root:10 batches loss: 4.057747888565063
INFO:root:10 batches loss: 3.729896593093872
INFO:root:10 batches loss: 3.905119276046753
INFO:root:10 batches loss: 4.189328718185425
INFO:root:10 batches loss: 4.1690185546875
INFO:root:10 batches loss: 3.9758333921432496
INFO:root:10 batches loss: 4.152075552940369
INFO:root:10 batches loss: 4.23797378540039
INFO:root:10 batches loss: 4.125235557556152
INFO:root:10 batches loss: 3.9040756940841677
INFO:root:10 batches loss: 4.052587223052979
INFO:root:10 batches loss: 4.0837607145309445
INFO:root:10 batches loss: 4.100897336006165
INFO:root:10 batches loss: 3.9802022695541384
INFO:root:10 batches loss: 4.055377006530762
INFO:root:10 batches loss: 3.8478312253952027
INFO:root:10 batches loss: 4.089372873306274
INFO:root:10 batches loss: 3.993297839164734
INFO:root:10 batches loss: 4.0435559272766115
INFO:root:10 batches loss: 4.008270049095154
INFO:root:10 batches loss: 4.224723434448242
INFO:root:10 batches loss: 4.0210264921188354
INFO:root:10 batches loss: 3.998364734649658
INFO:root:10 batches loss: 3.8093629837036134
INFO:root:10 batches loss: 4.37529764175415
INFO:root:10 batches loss: 4.041387701034546
INFO:root:10 batches loss: 4.043576979637146
INFO:root:10 batches loss: 4.229884171485901
INFO:root:10 batches loss: 4.157012200355529
INFO:root:10 batches loss: 3.9786760091781614
INFO:root:10 batches loss: 4.143798160552978
INFO:root:10 batches loss: 3.996226167678833
INFO:root:10 batches loss: 4.075788569450379
INFO:root:10 batches loss: 3.9671717405319216
INFO:root:10 batches loss: 3.8192694664001463
INFO:root:10 batches loss: 4.138562512397766
INFO:root:10 batches loss: 3.9847117185592653
INFO:root:10 batches loss: 4.092576503753662
INFO:root:10 batches loss: 3.7775022983551025
INFO:root:10 batches loss: 3.905420446395874
INFO:root:10 batches loss: 4.143031716346741
INFO:root:10 batches loss: 3.9209240436553956
INFO:root:10 batches loss: 4.235920667648315
INFO:root:10 batches loss: 3.912132477760315
INFO:root:10 batches loss: 4.119494152069092
INFO:root:10 batches loss: 3.991788554191589
INFO:root:10 batches loss: 4.0031191349029545
INFO:root:10 batches loss: 4.010701751708984
INFO:root:10 batches loss: 3.9472989797592164
INFO:root:10 batches loss: 3.690267038345337
INFO:root:10 batches loss: 3.9647807121276855
INFO:root:10 batches loss: 3.6900626182556153
INFO:root:10 batches loss: 4.046075773239136
INFO:root:10 batches loss: 4.01358950138092
INFO:root:10 batches loss: 3.9168051958084105
INFO:root:10 batches loss: 4.215607690811157
INFO:root:10 batches loss: 3.8217031478881838
INFO:root:10 batches loss: 3.86880886554718
INFO:root:10 batches loss: 4.257448148727417
INFO:root:10 batches loss: 4.058707118034363
INFO:root:10 batches loss: 4.167502164840698
INFO:root:10 batches loss: 4.086084532737732
INFO:root:10 batches loss: 3.979533624649048
INFO:root:10 batches loss: 4.0820210695266725
INFO:root:10 batches loss: 4.149084091186523
INFO:root:10 batches loss: 3.9053327560424806
INFO:root:10 batches loss: 3.9898094177246093
INFO:root:10 batches loss: 4.133707594871521
INFO:root:10 batches loss: 3.8080883979797364
INFO:root:10 batches loss: 4.216264915466309
INFO:root:10 batches loss: 4.12898108959198
INFO:root:10 batches loss: 3.9505338191986086
INFO:root:10 batches loss: 4.106483387947082
INFO:root:10 batches loss: 3.691471743583679
INFO:root:10 batches loss: 4.010299801826477
INFO:root:10 batches loss: 4.3005822658538815
INFO:root:10 batches loss: 4.178141021728516
INFO:root:10 batches loss: 3.9302080869674683
INFO:root:10 batches loss: 4.018022036552429
INFO:root:10 batches loss: 4.1918925762176515
INFO:root:10 batches loss: 3.8516334772109984
INFO:root:10 batches loss: 3.8686742782592773
INFO:root:10 batches loss: 4.005576920509339
INFO:root:10 batches loss: 3.9814225673675536
INFO:root:10 batches loss: 3.6804065227508547
INFO:root:10 batches loss: 3.968260669708252
INFO:root:10 batches loss: 3.9929975509643554
INFO:root:10 batches loss: 4.09592924118042
INFO:root:10 batches loss: 3.81840558052063
INFO:root:10 batches loss: 3.6405585765838624
INFO:root:10 batches loss: 4.091196751594543
INFO:root:10 batches loss: 4.247450566291809
INFO:root:10 batches loss: 3.871011233329773
INFO:root:10 batches loss: 3.8479636669158936
INFO:root:10 batches loss: 3.8764429092407227
INFO:root:10 batches loss: 4.237619566917419
INFO:root:10 batches loss: 4.041212058067321
INFO:root:10 batches loss: 4.101971960067749
INFO:root:10 batches loss: 3.936432719230652
INFO:root:10 batches loss: 3.972833847999573
INFO:root:10 batches loss: 4.0806645154953
INFO:root:10 batches loss: 3.9862370252609254
INFO:root:10 batches loss: 4.162310838699341
INFO:root:10 batches loss: 4.124397253990173
INFO:root:10 batches loss: 3.8553359508514404
INFO:root:10 batches loss: 3.978240132331848
INFO:root:10 batches loss: 3.9745254039764406
INFO:root:10 batches loss: 3.8740957975387573
INFO:root:10 batches loss: 3.8517067432403564
INFO:root:10 batches loss: 3.9487313985824586
INFO:root:10 batches loss: 4.1447000980377195
INFO:root:10 batches loss: 3.9359350919723513
INFO:root:10 batches loss: 3.948003649711609
INFO:root:10 batches loss: 3.913609576225281
INFO:root:10 batches loss: 3.756982159614563
INFO:root:10 batches loss: 4.277588868141175
INFO:root:10 batches loss: 3.7168108940124513
INFO:root:10 batches loss: 4.11452054977417
INFO:root:10 batches loss: 4.065493226051331
INFO:root:10 batches loss: 4.057883238792419
INFO:root:10 batches loss: 3.957132339477539
INFO:root:10 batches loss: 4.052129220962525
INFO:root:10 batches loss: 3.984580230712891
INFO:root:10 batches loss: 3.961491417884827
INFO:root:10 batches loss: 4.0690324068069454
INFO:root:10 batches loss: 3.885478639602661
INFO:root:10 batches loss: 3.8674463033676147
INFO:root:10 batches loss: 4.16097891330719
INFO:root:10 batches loss: 4.096705317497253
INFO:root:10 batches loss: 3.8891850471496583
INFO:root:10 batches loss: 3.8749294757843016
INFO:root:10 batches loss: 4.024664902687073
INFO:root:10 batches loss: 3.8295911312103272
INFO:root:10 batches loss: 3.7976409673690794
INFO:root:10 batches loss: 4.097397708892823
INFO:root:10 batches loss: 4.076672196388245
INFO:root:10 batches loss: 4.021154260635376
INFO:root:10 batches loss: 4.036043977737426
INFO:root:10 batches loss: 3.9103389024734496
INFO:root:10 batches loss: 3.9500231742858887
INFO:root:10 batches loss: 4.127444243431091
INFO:root:10 batches loss: 4.0861671447753904
INFO:root:10 batches loss: 3.980966067314148
INFO:root:10 batches loss: 4.003875970840454
INFO:root:10 batches loss: 4.1933351278305055
INFO:root:10 batches loss: 3.7576417684555055
INFO:root:10 batches loss: 3.875804567337036
INFO:root:10 batches loss: 4.142150521278381
INFO:root:10 batches loss: 4.1705482006073
INFO:root:10 batches loss: 3.900571012496948
INFO:root:10 batches loss: 3.921179270744324
INFO:root:10 batches loss: 4.1183716535568236
INFO:root:10 batches loss: 3.7439087867736816
INFO:root:10 batches loss: 3.9559314012527467
INFO:root:10 batches loss: 4.09767165184021
INFO:root:10 batches loss: 3.9141924381256104
INFO:root:10 batches loss: 3.672666382789612
INFO:root:10 batches loss: 4.30810022354126
INFO:root:10 batches loss: 3.884914922714233
INFO:root:10 batches loss: 3.805963921546936
INFO:root:10 batches loss: 3.8752466440200806
INFO:root:10 batches loss: 4.252404069900512
INFO:root:10 batches loss: 4.009668946266174
INFO:root:10 batches loss: 4.025726628303528
INFO:root:10 batches loss: 4.007972288131714
INFO:root:10 batches loss: 4.040900492668152
INFO:root:10 batches loss: 3.8890273571014404
INFO:root:10 batches loss: 3.732362151145935
INFO:root:10 batches loss: 4.196535611152649
INFO:root:10 batches loss: 3.8392817258834837
INFO:root:10 batches loss: 4.059515571594238
INFO:root:10 batches loss: 4.017938280105591
INFO:root:10 batches loss: 3.7451581239700316
INFO:root:10 batches loss: 4.233816838264465
INFO:root:10 batches loss: 3.7824604511260986
INFO:root:10 batches loss: 4.0910351276397705
INFO:root:10 batches loss: 3.9274637937545775
INFO:root:10 batches loss: 4.023651814460754
INFO:root:10 batches loss: 3.770416331291199
INFO:root:10 batches loss: 3.907536768913269
INFO:root:10 batches loss: 3.9591922760009766
INFO:root:10 batches loss: 4.078342628479004
INFO:root:10 batches loss: 4.018661069869995
INFO:root:10 batches loss: 3.9582693815231322
INFO:root:10 batches loss: 3.995630407333374
INFO:root:10 batches loss: 4.085348296165466
INFO:root:10 batches loss: 4.0684041500091555
INFO:root:10 batches loss: 4.1111411333084105
INFO:root:10 batches loss: 3.7445337533950807
INFO:root:10 batches loss: 4.179830884933471
INFO:root:10 batches loss: 3.9521904945373536
INFO:root:10 batches loss: 4.095388245582581
INFO:root:10 batches loss: 3.91515474319458
INFO:root:10 batches loss: 3.695969748497009
INFO:root:10 batches loss: 3.9377662420272825
INFO:root:10 batches loss: 4.102883887290955
INFO:root:10 batches loss: 4.013812017440796
INFO:root:10 batches loss: 3.6914826393127442
INFO:root:10 batches loss: 4.082866859436035
INFO:root:10 batches loss: 3.9709181785583496
INFO:root:10 batches loss: 3.872893977165222
INFO:root:10 batches loss: 3.9305370092391967
INFO:root:10 batches loss: 4.09520320892334
INFO:root:10 batches loss: 4.1601806640625
INFO:root:10 batches loss: 4.089082670211792
INFO:root:10 batches loss: 3.872263860702515
INFO:root:10 batches loss: 4.0163270235061646
INFO:root:10 batches loss: 3.807471203804016
INFO:root:10 batches loss: 3.716950845718384
INFO:root:10 batches loss: 4.08245575428009
INFO:root:10 batches loss: 3.914671301841736
INFO:root:10 batches loss: 3.9272786378860474
INFO:root:10 batches loss: 3.9421738386154175
INFO:root:10 batches loss: 3.99133780002594
INFO:root:10 batches loss: 3.770147466659546
INFO:root:10 batches loss: 4.202378988265991
INFO:root:10 batches loss: 3.693142127990723
INFO:root:10 batches loss: 4.138738918304443
INFO:root:10 batches loss: 3.9276787281036376
INFO:root:10 batches loss: 3.9311084032058714
INFO:root:10 batches loss: 3.8975085973739625
INFO:root:10 batches loss: 3.864752769470215
INFO:root:10 batches loss: 4.358513855934143
INFO:root:10 batches loss: 4.000608563423157
INFO:root:10 batches loss: 4.164167428016663
INFO:root:10 batches loss: 3.8425148487091065
INFO:root:10 batches loss: 3.8876266956329344
INFO:root:10 batches loss: 3.9763198137283324
INFO:root:10 batches loss: 3.7685031652450562
INFO:root:10 batches loss: 4.080006670951843
INFO:root:10 batches loss: 4.078834962844849
INFO:root:10 batches loss: 3.861945962905884
INFO:root:10 batches loss: 4.195778894424438
INFO:root:10 batches loss: 3.8359143018722532
INFO:root:10 batches loss: 3.9115241050720213
INFO:root:10 batches loss: 3.5609318017959595
INFO:root:10 batches loss: 3.97134644985199
INFO:root:10 batches loss: 3.7790678262710573
INFO:root:10 batches loss: 4.144334316253662
INFO:root:10 batches loss: 4.203415727615356
INFO:root:10 batches loss: 4.132829642295837
INFO:root:10 batches loss: 4.065966844558716
INFO:root:10 batches loss: 4.152708172798157
INFO:root:10 batches loss: 3.88008770942688
INFO:root:10 batches loss: 3.9275567293167115
INFO:root:10 batches loss: 3.944966697692871
INFO:root:10 batches loss: 4.083612942695618
INFO:root:10 batches loss: 3.9895060062408447
INFO:root:10 batches loss: 3.971219229698181
INFO:root:10 batches loss: 3.5098185539245605
INFO:root:10 batches loss: 4.1629170894622805
INFO:root:10 batches loss: 3.9628747701644897
INFO:root:10 batches loss: 3.743604874610901
INFO:root:10 batches loss: 4.091170692443848
INFO:root:10 batches loss: 4.060393118858338
INFO:root:10 batches loss: 4.234294271469116
INFO:root:10 batches loss: 4.038436937332153
INFO:root:10 batches loss: 3.822532081604004
INFO:root:10 batches loss: 3.782556653022766
INFO:root:10 batches loss: 4.135191869735718
INFO:root:10 batches loss: 4.197660946846009
INFO:root:10 batches loss: 4.002009081840515
INFO:root:10 batches loss: 4.0796839714050295
INFO:root:10 batches loss: 4.061377763748169
INFO:root:10 batches loss: 3.9349862813949583
INFO:root:10 batches loss: 4.056577467918396
INFO:root:10 batches loss: 3.910737490653992
INFO:root:10 batches loss: 3.7864211082458494
INFO:root:10 batches loss: 3.6533275842666626
INFO:root:10 batches loss: 3.872103953361511
INFO:root:10 batches loss: 3.8897225856781006
INFO:root:10 batches loss: 4.043513584136963
INFO:root:10 batches loss: 3.7218385696411134
INFO:root:10 batches loss: 3.9993547677993773
INFO:root:10 batches loss: 3.7802663803100587
INFO:root:10 batches loss: 3.9492372989654543
INFO:root:10 batches loss: 3.828265976905823
INFO:root:10 batches loss: 3.781687617301941
INFO:root:10 batches loss: 3.6822872400283813
INFO:root:10 batches loss: 3.769806456565857
INFO:root:10 batches loss: 4.0757385969161986
INFO:root:10 batches loss: 3.7552281618118286
INFO:root:10 batches loss: 3.873784899711609
INFO:root:10 batches loss: 3.874854254722595
INFO:root:10 batches loss: 3.7005220890045165
INFO:root:10 batches loss: 4.085586428642273
INFO:root:10 batches loss: 3.5753998517990113
INFO:root:10 batches loss: 3.8699151515960692
INFO:root:10 batches loss: 4.109512257575989
INFO:root:10 batches loss: 4.033417367935181
INFO:root:10 batches loss: 3.8218048810958862
INFO:root:10 batches loss: 3.9704451084136965
INFO:root:10 batches loss: 3.9050087928771973
INFO:root:10 batches loss: 3.9506454467773438
INFO:root:10 batches loss: 3.7436909675598145
INFO:root:10 batches loss: 3.9508575916290285
INFO:root:10 batches loss: 3.989067482948303
INFO:root:10 batches loss: 3.8348246574401856
INFO:root:10 batches loss: 3.8718293428421022
INFO:root:10 batches loss: 3.84759578704834
INFO:root:10 batches loss: 3.7470575094223024
INFO:root:10 batches loss: 3.7265347957611086
INFO:root:10 batches loss: 3.9489248275756834
INFO:root:10 batches loss: 3.517261302471161
INFO:root:10 batches loss: 4.179264426231384
INFO:root:10 batches loss: 3.8757584571838377
INFO:root:10 batches loss: 3.9092248916625976
INFO:root:10 batches loss: 3.787475323677063
INFO:root:10 batches loss: 3.9634052753448485
INFO:root:10 batches loss: 4.083788442611694
INFO:root:10 batches loss: 3.5926465511322023
INFO:root:10 batches loss: 3.706106495857239
INFO:root:10 batches loss: 3.399623966217041
INFO:root:10 batches loss: 3.732183575630188
INFO:root:10 batches loss: 4.055756616592407
INFO:root:10 batches loss: 3.7540535926818848
INFO:root:10 batches loss: 4.300879907608032
INFO:root:10 batches loss: 4.0634692192077635
INFO:root:10 batches loss: 3.7448317527771
INFO:root:10 batches loss: 3.917251467704773
INFO:root:10 batches loss: 3.7220309257507322
INFO:root:10 batches loss: 4.074296498298645
INFO:root:10 batches loss: 3.8422295570373537
INFO:root:10 batches loss: 3.7442256927490236
INFO:root:10 batches loss: 3.859160590171814
INFO:root:10 batches loss: 3.723706531524658
INFO:root:10 batches loss: 3.9230974197387694
INFO:root:10 batches loss: 4.185319995880127
INFO:root:10 batches loss: 3.914872479438782
INFO:root:10 batches loss: 3.939360809326172
INFO:root:10 batches loss: 3.694501829147339
INFO:root:10 batches loss: 4.026061153411865
INFO:root:10 batches loss: 3.9875293970108032
INFO:root:10 batches loss: 3.784780216217041
INFO:root:10 batches loss: 3.850548768043518
INFO:root:10 batches loss: 3.7900985956192015
INFO:root:10 batches loss: 3.73007972240448
INFO:root:10 batches loss: 3.680397605895996
INFO:root:10 batches loss: 3.6170536994934084
INFO:root:10 batches loss: 4.0279588341712955
INFO:root:10 batches loss: 3.815593385696411
INFO:root:10 batches loss: 3.968870997428894
INFO:root:10 batches loss: 3.98166708946228
INFO:root:10 batches loss: 3.8296157836914064
INFO:root:10 batches loss: 3.9746184825897215
INFO:root:10 batches loss: 3.7424964904785156
INFO:root:10 batches loss: 3.876909613609314
INFO:root:10 batches loss: 3.815921258926392
INFO:root:10 batches loss: 3.702060174942017
INFO:root:10 batches loss: 3.6774478912353517
INFO:root:10 batches loss: 4.014043307304382
INFO:root:10 batches loss: 4.1442896842956545
INFO:root:10 batches loss: 3.8344990491867064
INFO:root:10 batches loss: 3.7321688652038576
INFO:root:10 batches loss: 4.0404600381851195
INFO:root:10 batches loss: 3.939048647880554
INFO:root:10 batches loss: 3.8513808488845824
INFO:root:10 batches loss: 3.8236462354660032
INFO:root:10 batches loss: 3.6354660987854004
INFO:root:10 batches loss: 3.8052432775497436
INFO:root:10 batches loss: 3.9274126052856446
INFO:root:10 batches loss: 3.4029364824295043
INFO:root:10 batches loss: 4.041813397407532
INFO:root:10 batches loss: 4.1355812549591064
INFO:root:10 batches loss: 3.7871469974517824
INFO:root:10 batches loss: 3.5895883798599244
INFO:root:10 batches loss: 4.15548460483551
INFO:root:10 batches loss: 3.7285499572753906
INFO:root:10 batches loss: 4.147868657112122
INFO:root:10 batches loss: 3.8847885370254516
INFO:root:10 batches loss: 3.648962450027466
INFO:root:Train loss at the end of the epoch: 24892.88978290558
INFO:root:Validation accuracy: 8.397435897435898
INFO:root:Epoch 2
INFO:root:10 batches loss: 3.8910415172576904
INFO:root:10 batches loss: 3.774764657020569
INFO:root:10 batches loss: 3.9465067625045775
INFO:root:10 batches loss: 3.9209228515625
INFO:root:10 batches loss: 4.551978611946106
INFO:root:10 batches loss: 3.915232801437378
INFO:root:10 batches loss: 3.98424916267395
INFO:root:10 batches loss: 3.645736050605774
INFO:root:10 batches loss: 3.7969165802001954
INFO:root:10 batches loss: 4.057915186882019
INFO:root:10 batches loss: 3.94828462600708
INFO:root:10 batches loss: 4.064799952507019
INFO:root:10 batches loss: 3.866931176185608
INFO:root:10 batches loss: 3.9271320581436155
INFO:root:10 batches loss: 4.00487630367279
INFO:root:10 batches loss: 4.256672930717468
INFO:root:10 batches loss: 4.072064900398255
INFO:root:10 batches loss: 3.7586745023727417
INFO:root:10 batches loss: 3.8555864572525023
INFO:root:10 batches loss: 3.9640266418457033
INFO:root:10 batches loss: 3.777368116378784
INFO:root:10 batches loss: 3.8730550527572634
INFO:root:10 batches loss: 3.862153506278992
INFO:root:10 batches loss: 3.9152169227600098
INFO:root:10 batches loss: 3.6277117490768434
INFO:root:10 batches loss: 3.538228702545166
INFO:root:10 batches loss: 3.5675522089004517
INFO:root:10 batches loss: 4.0662344813346865
INFO:root:10 batches loss: 3.721839499473572
INFO:root:10 batches loss: 3.965796136856079
INFO:root:10 batches loss: 3.755541944503784
INFO:root:10 batches loss: 4.098263907432556
INFO:root:10 batches loss: 3.9903276920318604
INFO:root:10 batches loss: 3.8829089164733888
INFO:root:10 batches loss: 4.093086218833923
INFO:root:10 batches loss: 3.72424430847168
INFO:root:10 batches loss: 3.82337007522583
INFO:root:10 batches loss: 3.6979565382003785
INFO:root:10 batches loss: 4.0573866128921505
INFO:root:10 batches loss: 4.166962409019471
INFO:root:10 batches loss: 3.6725594997406006
INFO:root:10 batches loss: 3.986478066444397
INFO:root:10 batches loss: 3.803023266792297
INFO:root:10 batches loss: 3.6722079038619997
INFO:root:10 batches loss: 4.059816551208496
INFO:root:10 batches loss: 3.5010389566421507
INFO:root:10 batches loss: 4.199669623374939
INFO:root:10 batches loss: 3.892679715156555
INFO:root:10 batches loss: 4.166446280479431
INFO:root:10 batches loss: 3.9544835329055785
INFO:root:10 batches loss: 3.8698949337005617
INFO:root:10 batches loss: 3.91346435546875
INFO:root:10 batches loss: 3.9800113916397093
INFO:root:10 batches loss: 4.112251234054566
INFO:root:10 batches loss: 3.8435009717941284
INFO:root:10 batches loss: 4.11963300704956
INFO:root:10 batches loss: 3.779787063598633
INFO:root:10 batches loss: 4.0928244352340695
INFO:root:10 batches loss: 3.465126943588257
INFO:root:10 batches loss: 3.9008530378341675
INFO:root:10 batches loss: 3.858683156967163
INFO:root:10 batches loss: 4.027670240402221
INFO:root:10 batches loss: 3.656957173347473
INFO:root:10 batches loss: 3.7020560264587403
INFO:root:10 batches loss: 3.9146145820617675
INFO:root:10 batches loss: 3.5481252908706664
INFO:root:10 batches loss: 3.969300103187561
INFO:root:10 batches loss: 3.6301249980926515
INFO:root:10 batches loss: 3.7814956188201903
INFO:root:10 batches loss: 4.03996171951294
INFO:root:10 batches loss: 3.84686758518219
INFO:root:10 batches loss: 4.130738472938537
INFO:root:10 batches loss: 3.9010308980941772
INFO:root:10 batches loss: 3.837583041191101
INFO:root:10 batches loss: 3.9458206415176393
INFO:root:10 batches loss: 4.299191641807556
INFO:root:10 batches loss: 3.912775754928589
INFO:root:10 batches loss: 3.836093378067017
INFO:root:10 batches loss: 3.8856940269470215
INFO:root:10 batches loss: 4.114391613006592
INFO:root:10 batches loss: 3.8052528858184815
INFO:root:10 batches loss: 3.8407963037490847
INFO:root:10 batches loss: 4.027348589897156
INFO:root:10 batches loss: 3.6244991064071654
INFO:root:10 batches loss: 3.7245481252670287
INFO:root:10 batches loss: 3.6468887329101562
INFO:root:10 batches loss: 3.8104297399520872
INFO:root:10 batches loss: 3.797917437553406
INFO:root:10 batches loss: 3.968762493133545
INFO:root:10 batches loss: 3.583653521537781
INFO:root:10 batches loss: 3.6654484033584596
INFO:root:10 batches loss: 3.960764503479004
INFO:root:10 batches loss: 3.675120139122009
INFO:root:10 batches loss: 3.9210927963256834
INFO:root:10 batches loss: 4.033966994285583
INFO:root:10 batches loss: 4.21488516330719
INFO:root:10 batches loss: 3.7012223482131956
INFO:root:10 batches loss: 3.7175193309783934
INFO:root:10 batches loss: 3.938001585006714
INFO:root:10 batches loss: 3.8750274181365967
INFO:root:10 batches loss: 3.4250988245010374
INFO:root:10 batches loss: 4.013539862632752
INFO:root:10 batches loss: 3.722973680496216
INFO:root:10 batches loss: 3.9437844514846803
INFO:root:10 batches loss: 3.5602745532989504
INFO:root:10 batches loss: 3.833246088027954
INFO:root:10 batches loss: 3.974964714050293
INFO:root:10 batches loss: 3.7777345418930053
INFO:root:10 batches loss: 3.7663498163223266
INFO:root:10 batches loss: 4.325838375091553
INFO:root:10 batches loss: 4.207141399383545
INFO:root:10 batches loss: 3.8796778202056883
INFO:root:10 batches loss: 3.963432502746582
INFO:root:10 batches loss: 4.1128953218460085
INFO:root:10 batches loss: 4.115900373458862
INFO:root:10 batches loss: 3.8547266721725464
INFO:root:10 batches loss: 3.71014084815979
INFO:root:10 batches loss: 4.354031491279602
INFO:root:10 batches loss: 3.6222867250442503
INFO:root:10 batches loss: 3.3679290533065798
INFO:root:10 batches loss: 3.8880204439163206
INFO:root:10 batches loss: 3.796393084526062
INFO:root:10 batches loss: 4.047467732429505
INFO:root:10 batches loss: 4.00602536201477
INFO:root:10 batches loss: 3.7895172834396362
INFO:root:10 batches loss: 3.5906904697418214
INFO:root:10 batches loss: 3.6834874153137207
INFO:root:10 batches loss: 3.7994318127632143
INFO:root:10 batches loss: 3.979963850975037
INFO:root:10 batches loss: 3.7623465299606322
INFO:root:10 batches loss: 3.8253124713897706
INFO:root:10 batches loss: 3.6412487030029297
INFO:root:10 batches loss: 3.574633169174194
INFO:root:10 batches loss: 4.00094838142395
INFO:root:10 batches loss: 4.110766458511352
INFO:root:10 batches loss: 3.8245856761932373
INFO:root:10 batches loss: 4.2484454870223995
INFO:root:10 batches loss: 4.1398865461349486
INFO:root:10 batches loss: 3.9500935554504393
INFO:root:10 batches loss: 3.9357723951339723
INFO:root:10 batches loss: 4.253154563903808
INFO:root:10 batches loss: 3.757543849945068
INFO:root:10 batches loss: 3.885170078277588
INFO:root:10 batches loss: 3.7593849182128904
INFO:root:10 batches loss: 3.8599937200546264
INFO:root:10 batches loss: 3.8802781820297243
INFO:root:10 batches loss: 3.9469663381576536
INFO:root:10 batches loss: 3.844073939323425
INFO:root:10 batches loss: 3.86557776927948
INFO:root:10 batches loss: 3.736964702606201
INFO:root:10 batches loss: 4.207085680961609
INFO:root:10 batches loss: 3.9083797693252564
INFO:root:10 batches loss: 3.651572275161743
INFO:root:10 batches loss: 4.046568560600281
INFO:root:10 batches loss: 4.090743994712829
INFO:root:10 batches loss: 3.9776974439620973
INFO:root:10 batches loss: 3.5902520656585692
INFO:root:10 batches loss: 3.7404625177383424
INFO:root:10 batches loss: 3.4531585693359377
INFO:root:10 batches loss: 3.8117759943008425
INFO:root:10 batches loss: 3.781496596336365
INFO:root:10 batches loss: 4.167059016227722
INFO:root:10 batches loss: 3.4834661722183227
INFO:root:10 batches loss: 3.6858437061309814
INFO:root:10 batches loss: 3.766675066947937
INFO:root:10 batches loss: 4.132003402709961
INFO:root:10 batches loss: 3.8031371593475343
INFO:root:10 batches loss: 3.8846781730651854
INFO:root:10 batches loss: 3.952936363220215
INFO:root:10 batches loss: 3.8663647413253783
INFO:root:10 batches loss: 3.8672167539596556
INFO:root:10 batches loss: 3.9821738243103026
INFO:root:10 batches loss: 4.001146030426026
INFO:root:10 batches loss: 3.7032551527023316
INFO:root:10 batches loss: 3.844649243354797
INFO:root:10 batches loss: 3.6283967971801756
INFO:root:10 batches loss: 3.83154935836792
INFO:root:10 batches loss: 3.966915726661682
INFO:root:10 batches loss: 3.7118849992752074
INFO:root:10 batches loss: 3.7420006513595583
INFO:root:10 batches loss: 3.8902541160583497
INFO:root:10 batches loss: 4.112991428375244
INFO:root:10 batches loss: 3.643920350074768
INFO:root:10 batches loss: 3.7590532064437867
INFO:root:10 batches loss: 4.025411748886109
INFO:root:10 batches loss: 3.743865466117859
INFO:root:10 batches loss: 4.003564715385437
INFO:root:10 batches loss: 3.8838293313980103
INFO:root:10 batches loss: 3.763345193862915
INFO:root:10 batches loss: 3.6103031396865846
INFO:root:10 batches loss: 3.640666127204895
INFO:root:10 batches loss: 3.5753639936447144
INFO:root:10 batches loss: 3.7154581546783447
INFO:root:10 batches loss: 3.8195611000061036
INFO:root:10 batches loss: 3.9011914014816282
INFO:root:10 batches loss: 4.268686699867248
INFO:root:10 batches loss: 3.8214502811431883
INFO:root:10 batches loss: 3.447987675666809
INFO:root:10 batches loss: 3.377477216720581
INFO:root:10 batches loss: 3.621694803237915
INFO:root:10 batches loss: 4.104087829589844
INFO:root:10 batches loss: 3.659840226173401
INFO:root:10 batches loss: 3.641133260726929
INFO:root:10 batches loss: 4.532497668266297
INFO:root:10 batches loss: 3.7830636262893678
INFO:root:10 batches loss: 3.9382816791534423
INFO:root:10 batches loss: 3.7758459568023683
INFO:root:10 batches loss: 3.958073687553406
INFO:root:10 batches loss: 3.6505563497543334
INFO:root:10 batches loss: 3.8075033903121946
INFO:root:10 batches loss: 3.9694872379302977
INFO:root:10 batches loss: 3.617757201194763
INFO:root:10 batches loss: 3.7230557203292847
INFO:root:10 batches loss: 3.474500632286072
INFO:root:10 batches loss: 3.503395915031433
INFO:root:10 batches loss: 3.5778091669082643
INFO:root:10 batches loss: 3.9870140314102174
INFO:root:10 batches loss: 3.896983528137207
INFO:root:10 batches loss: 3.837784504890442
INFO:root:10 batches loss: 3.7244820594787598
INFO:root:10 batches loss: 3.9879860401153566
INFO:root:10 batches loss: 3.816739797592163
INFO:root:10 batches loss: 3.658329224586487
INFO:root:10 batches loss: 3.654267168045044
INFO:root:10 batches loss: 3.9753342866897583
INFO:root:10 batches loss: 4.089517092704773
INFO:root:10 batches loss: 3.2751322746276856
INFO:root:10 batches loss: 3.8730255126953126
INFO:root:10 batches loss: 3.9135196447372436
INFO:root:10 batches loss: 3.5190693378448485
INFO:root:10 batches loss: 3.878663921356201
INFO:root:10 batches loss: 3.523231625556946
INFO:root:10 batches loss: 3.869966435432434
INFO:root:10 batches loss: 4.070260214805603
INFO:root:10 batches loss: 4.178063917160034
INFO:root:10 batches loss: 3.5061240196228027
INFO:root:10 batches loss: 3.8970669507980347
INFO:root:10 batches loss: 3.8928075075149535
INFO:root:10 batches loss: 3.8073195457458495
INFO:root:10 batches loss: 3.8661605596542357
INFO:root:10 batches loss: 3.384169411659241
INFO:root:10 batches loss: 3.6208553075790406
INFO:root:10 batches loss: 3.454184556007385
INFO:root:10 batches loss: 3.593235635757446
INFO:root:10 batches loss: 4.178473591804504
INFO:root:10 batches loss: 3.7723084926605224
INFO:root:10 batches loss: 3.8216726779937744
INFO:root:10 batches loss: 3.83253960609436
INFO:root:10 batches loss: 3.839710259437561
INFO:root:10 batches loss: 3.788645935058594
INFO:root:10 batches loss: 3.7248127698898315
INFO:root:10 batches loss: 4.03074357509613
INFO:root:10 batches loss: 3.7556650161743166
INFO:root:10 batches loss: 3.9785256147384644
INFO:root:10 batches loss: 4.09962408542633
INFO:root:10 batches loss: 3.8934980154037477
INFO:root:10 batches loss: 4.022357106208801
INFO:root:10 batches loss: 3.7217551708221435
INFO:root:10 batches loss: 3.755699896812439
INFO:root:10 batches loss: 3.728691339492798
INFO:root:10 batches loss: 3.819313383102417
INFO:root:10 batches loss: 4.245873212814331
INFO:root:10 batches loss: 3.754675197601318
INFO:root:10 batches loss: 3.5760921955108644
INFO:root:10 batches loss: 4.015628910064697
INFO:root:10 batches loss: 3.7678513526916504
INFO:root:10 batches loss: 3.6445284843444825
INFO:root:10 batches loss: 3.9990095615386965
INFO:root:10 batches loss: 3.671331024169922
INFO:root:10 batches loss: 4.151296234130859
INFO:root:10 batches loss: 3.735156750679016
INFO:root:10 batches loss: 3.9177681684494017
INFO:root:10 batches loss: 3.8910532712936403
INFO:root:10 batches loss: 3.6526278495788573
INFO:root:10 batches loss: 3.822691297531128
INFO:root:10 batches loss: 3.7199451208114622
INFO:root:10 batches loss: 3.9715030431747436
INFO:root:10 batches loss: 3.583009147644043
INFO:root:10 batches loss: 3.346011686325073
INFO:root:10 batches loss: 3.8501225471496583
INFO:root:10 batches loss: 3.713623571395874
INFO:root:10 batches loss: 3.6397527694702148
INFO:root:10 batches loss: 4.007614398002625
INFO:root:10 batches loss: 3.784357953071594
INFO:root:10 batches loss: 3.7710889339447022
INFO:root:10 batches loss: 4.003858351707459
INFO:root:10 batches loss: 3.7672001838684084
INFO:root:10 batches loss: 3.685436511039734
INFO:root:10 batches loss: 3.6260215044021606
INFO:root:10 batches loss: 3.956267523765564
INFO:root:10 batches loss: 3.5932121753692625
INFO:root:10 batches loss: 3.373400259017944
INFO:root:10 batches loss: 3.881601405143738
INFO:root:10 batches loss: 3.8347298383712767
INFO:root:10 batches loss: 3.7026538372039797
INFO:root:10 batches loss: 3.6926373481750487
INFO:root:10 batches loss: 3.779808497428894
INFO:root:10 batches loss: 3.831862735748291
INFO:root:10 batches loss: 3.9159335851669312
INFO:root:10 batches loss: 3.804902195930481
INFO:root:10 batches loss: 3.839720606803894
INFO:root:10 batches loss: 4.0696134805679325
INFO:root:10 batches loss: 4.09628586769104
INFO:root:10 batches loss: 4.0954491138458256
INFO:root:10 batches loss: 3.690971565246582
INFO:root:10 batches loss: 3.906113028526306
INFO:root:10 batches loss: 3.7910632848739625
INFO:root:10 batches loss: 3.8842876672744753
INFO:root:10 batches loss: 4.2157161951065065
INFO:root:10 batches loss: 3.7355692863464354
INFO:root:10 batches loss: 3.6884772777557373
INFO:root:10 batches loss: 3.614611601829529
INFO:root:10 batches loss: 3.7907971858978273
INFO:root:10 batches loss: 3.5653677225112914
INFO:root:10 batches loss: 3.6914108753204347
INFO:root:10 batches loss: 3.841526484489441
INFO:root:10 batches loss: 3.635807824134827
INFO:root:10 batches loss: 4.210499382019043
INFO:root:10 batches loss: 3.9892625331878664
INFO:root:10 batches loss: 3.8072705984115602
INFO:root:10 batches loss: 3.8644434213638306
INFO:root:10 batches loss: 3.747577452659607
INFO:root:10 batches loss: 3.804525446891785
INFO:root:10 batches loss: 3.8901320695877075
INFO:root:10 batches loss: 3.7826845169067385
INFO:root:10 batches loss: 3.701411318778992
INFO:root:10 batches loss: 3.941464829444885
INFO:root:10 batches loss: 3.761777973175049
INFO:root:10 batches loss: 3.540757179260254
INFO:root:10 batches loss: 3.802376937866211
INFO:root:10 batches loss: 3.7544020652770995
INFO:root:10 batches loss: 3.319928240776062
INFO:root:10 batches loss: 3.7032360792160035
INFO:root:10 batches loss: 3.447050428390503
INFO:root:10 batches loss: 3.6529036283493044
INFO:root:10 batches loss: 3.849544811248779
INFO:root:10 batches loss: 3.8435818433761595
INFO:root:10 batches loss: 3.6983688354492186
INFO:root:10 batches loss: 3.9008469581604004
INFO:root:10 batches loss: 3.81329665184021
INFO:root:10 batches loss: 3.505510687828064
INFO:root:10 batches loss: 3.9576090574264526
INFO:root:10 batches loss: 3.7448155164718626
INFO:root:10 batches loss: 3.821191120147705
INFO:root:10 batches loss: 3.8304878950119017
INFO:root:10 batches loss: 3.7109928846359255
INFO:root:10 batches loss: 3.7079775810241697
INFO:root:10 batches loss: 3.6280969619750976
INFO:root:10 batches loss: 3.580540323257446
INFO:root:10 batches loss: 4.1279418706893924
INFO:root:10 batches loss: 3.3615997314453123
INFO:root:10 batches loss: 3.8926758050918577
INFO:root:10 batches loss: 3.787614130973816
INFO:root:10 batches loss: 3.4295250415802
INFO:root:10 batches loss: 3.738140320777893
INFO:root:10 batches loss: 3.8161168098449707
INFO:root:10 batches loss: 3.6081817865371706
INFO:root:10 batches loss: 3.9038129329681395
INFO:root:10 batches loss: 3.736278605461121
INFO:root:10 batches loss: 3.6577420949935915
INFO:root:10 batches loss: 3.887118673324585
INFO:root:10 batches loss: 3.992449712753296
INFO:root:10 batches loss: 3.7151178121566772
INFO:root:10 batches loss: 3.976928639411926
INFO:root:10 batches loss: 3.431232142448425
INFO:root:10 batches loss: 3.8810102939605713
INFO:root:10 batches loss: 3.7871747732162477
INFO:root:10 batches loss: 3.6640580177307127
INFO:root:10 batches loss: 4.15768609046936
INFO:root:10 batches loss: 3.8152784585952757
INFO:root:10 batches loss: 3.879617619514465
INFO:root:10 batches loss: 3.646251845359802
INFO:root:10 batches loss: 3.8806536197662354
INFO:root:10 batches loss: 3.9005095958709717
INFO:root:10 batches loss: 3.8022660493850706
INFO:root:10 batches loss: 3.5065417766571043
INFO:root:10 batches loss: 4.121063613891602
INFO:root:10 batches loss: 3.7863250017166137
INFO:root:10 batches loss: 3.809395599365234
INFO:root:10 batches loss: 3.844589042663574
INFO:root:10 batches loss: 3.9834401845932006
INFO:root:10 batches loss: 3.689884567260742
INFO:root:10 batches loss: 3.8530380964279174
INFO:root:10 batches loss: 3.6034154891967773
INFO:root:10 batches loss: 3.8240466356277465
INFO:root:10 batches loss: 3.7424322843551634
INFO:root:10 batches loss: 3.81679162979126
INFO:root:10 batches loss: 3.523010420799255
INFO:root:10 batches loss: 3.677824330329895
INFO:root:10 batches loss: 3.4049214124679565
INFO:root:10 batches loss: 3.8066072702407836
INFO:root:10 batches loss: 3.537881064414978
INFO:root:10 batches loss: 4.169228196144104
INFO:root:10 batches loss: 3.3737393617630005
INFO:root:10 batches loss: 3.5802672147750854
INFO:root:10 batches loss: 3.609144377708435
INFO:root:10 batches loss: 3.944069266319275
INFO:root:10 batches loss: 3.80020272731781
INFO:root:10 batches loss: 3.839922046661377
INFO:root:10 batches loss: 3.851633095741272
INFO:root:10 batches loss: 3.6805298566818236
INFO:root:10 batches loss: 3.687176537513733
INFO:root:10 batches loss: 3.7848987102508547
INFO:root:10 batches loss: 3.778386616706848
INFO:root:10 batches loss: 3.7405103921890257
INFO:root:10 batches loss: 3.4057009696960447
INFO:root:10 batches loss: 3.4054816007614135
INFO:root:10 batches loss: 3.644612741470337
INFO:root:10 batches loss: 4.105287408828735
INFO:root:10 batches loss: 3.6195175647735596
INFO:root:10 batches loss: 3.784524655342102
INFO:root:10 batches loss: 3.9195833921432497
INFO:root:10 batches loss: 3.8459004878997805
INFO:root:10 batches loss: 3.6972384452819824
INFO:root:10 batches loss: 3.6991285562515257
INFO:root:10 batches loss: 3.8734647393226624
INFO:root:10 batches loss: 3.6356149435043337
INFO:root:10 batches loss: 3.738220453262329
INFO:root:10 batches loss: 3.3876052141189574
INFO:root:10 batches loss: 3.7445764541625977
INFO:root:10 batches loss: 4.016372776031494
INFO:root:10 batches loss: 3.814537286758423
INFO:root:10 batches loss: 4.1017155885696415
INFO:root:10 batches loss: 3.793452787399292
INFO:root:10 batches loss: 3.777516770362854
INFO:root:10 batches loss: 3.6526071786880494
INFO:root:10 batches loss: 3.480748677253723
INFO:root:10 batches loss: 3.6174983739852906
INFO:root:10 batches loss: 3.89042489528656
INFO:root:10 batches loss: 3.8686772108078005
INFO:root:10 batches loss: 3.724879288673401
INFO:root:10 batches loss: 3.702159023284912
INFO:root:10 batches loss: 3.4461039304733276
INFO:root:10 batches loss: 4.2109596014022825
INFO:root:10 batches loss: 3.9326728105545046
INFO:root:10 batches loss: 3.8380745887756347
INFO:root:10 batches loss: 3.7572476863861084
INFO:root:10 batches loss: 3.7924364805221558
INFO:root:10 batches loss: 3.5957197666168215
INFO:root:10 batches loss: 4.0497204780578615
INFO:root:10 batches loss: 4.315672206878662
INFO:root:10 batches loss: 3.7732226610183717
INFO:root:10 batches loss: 3.576539921760559
INFO:root:10 batches loss: 3.817631149291992
INFO:root:10 batches loss: 3.550739598274231
INFO:root:10 batches loss: 3.917808723449707
INFO:root:10 batches loss: 3.5355145215988157
INFO:root:10 batches loss: 4.215803718566894
INFO:root:10 batches loss: 3.545653820037842
INFO:root:10 batches loss: 3.7480481386184694
INFO:root:10 batches loss: 3.832068753242493
INFO:root:10 batches loss: 4.256654071807861
INFO:root:10 batches loss: 3.5844492673873902
INFO:root:10 batches loss: 4.040213942527771
INFO:root:10 batches loss: 3.6470115184783936
INFO:root:10 batches loss: 3.8480252981185914
INFO:root:10 batches loss: 3.677134895324707
INFO:root:10 batches loss: 3.8838794946670534
INFO:root:10 batches loss: 3.6270493149757383
INFO:root:10 batches loss: 3.674628567695618
INFO:root:10 batches loss: 3.570328688621521
INFO:root:10 batches loss: 3.7033446550369264
INFO:root:10 batches loss: 3.977183222770691
INFO:root:10 batches loss: 3.99638454914093
INFO:root:10 batches loss: 4.191349625587463
INFO:root:10 batches loss: 3.6206957340240478
INFO:root:10 batches loss: 3.658961796760559
INFO:root:10 batches loss: 3.4928959131240847
INFO:root:10 batches loss: 3.673169994354248
INFO:root:10 batches loss: 3.8323172330856323
INFO:root:10 batches loss: 3.761066508293152
INFO:root:10 batches loss: 3.9745636224746703
INFO:root:10 batches loss: 3.9662123680114747
INFO:root:10 batches loss: 3.6640456438064577
INFO:root:10 batches loss: 3.6686984300613403
INFO:root:10 batches loss: 4.020040774345398
INFO:root:10 batches loss: 3.755260372161865
INFO:root:10 batches loss: 3.7119333267211916
INFO:root:10 batches loss: 3.53412446975708
INFO:root:10 batches loss: 4.190641593933106
INFO:root:10 batches loss: 3.6228004932403564
INFO:root:10 batches loss: 3.715329957008362
INFO:root:10 batches loss: 3.9809156179428102
INFO:root:10 batches loss: 3.8170231342315675
INFO:root:10 batches loss: 3.5731269121170044
INFO:root:10 batches loss: 3.5234032392501833
INFO:root:10 batches loss: 3.6790181159973145
INFO:root:10 batches loss: 3.932473397254944
INFO:root:10 batches loss: 3.727829098701477
INFO:root:10 batches loss: 3.8943281888961794
INFO:root:10 batches loss: 3.773596453666687
INFO:root:10 batches loss: 3.772166395187378
INFO:root:10 batches loss: 3.637973093986511
INFO:root:10 batches loss: 3.6564599752426146
INFO:root:10 batches loss: 3.4674083471298216
INFO:root:10 batches loss: 3.9666527032852175
INFO:root:10 batches loss: 4.118343472480774
INFO:root:10 batches loss: 3.483255481719971
INFO:root:10 batches loss: 3.7594086647033693
INFO:root:10 batches loss: 3.878329873085022
INFO:root:10 batches loss: 3.56696457862854
INFO:root:10 batches loss: 3.681672239303589
INFO:root:10 batches loss: 3.263182806968689
INFO:root:10 batches loss: 4.158933353424072
INFO:root:10 batches loss: 3.7563170909881594
INFO:root:10 batches loss: 3.8972245693206786
INFO:root:10 batches loss: 3.417430019378662
INFO:root:10 batches loss: 4.0856119155883786
INFO:root:10 batches loss: 3.7013170957565307
INFO:root:10 batches loss: 3.801058554649353
INFO:root:10 batches loss: 3.7028815507888795
INFO:root:10 batches loss: 3.581314706802368
INFO:root:10 batches loss: 3.0734808683395385
INFO:root:10 batches loss: 3.859069848060608
INFO:root:10 batches loss: 3.528122591972351
INFO:root:10 batches loss: 3.43256516456604
INFO:root:10 batches loss: 4.082487916946411
INFO:root:10 batches loss: 3.9811342477798464
INFO:root:10 batches loss: 3.9645137786865234
INFO:root:10 batches loss: 4.012946510314942
INFO:root:10 batches loss: 3.792886805534363
INFO:root:10 batches loss: 3.7862828969955444
INFO:root:10 batches loss: 3.7613967180252077
INFO:root:10 batches loss: 3.9394211292266847
INFO:root:10 batches loss: 3.6966997146606446
INFO:root:10 batches loss: 3.7450979948043823
INFO:root:10 batches loss: 3.510762023925781
INFO:root:10 batches loss: 3.66840500831604
INFO:root:10 batches loss: 3.517783355712891
INFO:root:10 batches loss: 3.538551449775696
INFO:root:10 batches loss: 3.44010534286499
INFO:root:10 batches loss: 3.6433184862136843
INFO:root:10 batches loss: 3.708307957649231
INFO:root:10 batches loss: 4.0181796789169315
INFO:root:10 batches loss: 3.4435759782791138
INFO:root:10 batches loss: 3.585142660140991
INFO:root:10 batches loss: 3.755601477622986
INFO:root:10 batches loss: 3.960669469833374
INFO:root:10 batches loss: 3.499061918258667
INFO:root:10 batches loss: 4.1589922428131105
INFO:root:10 batches loss: 3.7351630449295046
INFO:root:10 batches loss: 3.750832200050354
INFO:root:10 batches loss: 3.5607677459716798
INFO:root:10 batches loss: 3.643919897079468
INFO:root:10 batches loss: 3.8494349241256716
INFO:root:10 batches loss: 3.6753448486328124
INFO:root:10 batches loss: 3.901032900810242
INFO:root:10 batches loss: 4.028766918182373
INFO:root:10 batches loss: 3.6011670351028444
INFO:root:10 batches loss: 3.8142690300941466
INFO:root:10 batches loss: 3.662119007110596
INFO:root:10 batches loss: 3.6469322681427
INFO:root:10 batches loss: 4.04564208984375
INFO:root:10 batches loss: 4.029470920562744
INFO:root:10 batches loss: 3.875774049758911
INFO:root:10 batches loss: 3.6003628969192505
INFO:root:10 batches loss: 3.59566707611084
INFO:root:10 batches loss: 3.6735771179199217
INFO:root:10 batches loss: 3.863573741912842
INFO:root:10 batches loss: 3.5814538955688477
INFO:root:10 batches loss: 3.4753095626831056
INFO:root:10 batches loss: 3.8038793087005613
INFO:root:10 batches loss: 3.7882416009902955
INFO:root:10 batches loss: 3.8190545558929445
INFO:root:10 batches loss: 3.376658391952515
INFO:root:10 batches loss: 3.9246898889541626
INFO:root:10 batches loss: 3.8379801750183105
INFO:root:10 batches loss: 3.857411599159241
INFO:root:10 batches loss: 3.8140338182449343
INFO:root:10 batches loss: 3.7402352571487425
INFO:root:10 batches loss: 3.5136262655258177
INFO:root:10 batches loss: 3.9427581310272215
INFO:root:10 batches loss: 3.8581272840499876
INFO:root:10 batches loss: 3.774176740646362
INFO:root:10 batches loss: 3.783096694946289
INFO:root:10 batches loss: 3.9445849895477294
INFO:root:10 batches loss: 3.6809674978256224
INFO:root:10 batches loss: 3.562488651275635
INFO:root:10 batches loss: 3.6490837693214417
INFO:root:10 batches loss: 4.074141192436218
INFO:root:10 batches loss: 3.661812090873718
INFO:root:10 batches loss: 3.988563084602356
INFO:root:10 batches loss: 3.7402904272079467
INFO:root:10 batches loss: 3.875481867790222
INFO:root:10 batches loss: 3.817625308036804
INFO:root:10 batches loss: 3.630050468444824
INFO:root:10 batches loss: 3.5744204044342043
INFO:root:10 batches loss: 4.121740937232971
INFO:root:10 batches loss: 3.862438440322876
INFO:root:10 batches loss: 3.82420699596405
INFO:root:10 batches loss: 3.9007678747177126
INFO:root:10 batches loss: 3.5733934879302978
INFO:root:10 batches loss: 3.803970193862915
INFO:root:10 batches loss: 3.610821175575256
INFO:root:10 batches loss: 3.9873937368392944
INFO:root:10 batches loss: 4.018992352485657
INFO:root:10 batches loss: 3.719606328010559
INFO:root:10 batches loss: 3.6883513927459717
INFO:root:10 batches loss: 3.6719621658325194
INFO:root:10 batches loss: 3.858747887611389
INFO:root:10 batches loss: 3.6666209220886232
INFO:root:10 batches loss: 3.5173865795135497
INFO:root:10 batches loss: 3.4255369186401365
INFO:root:10 batches loss: 3.7595667362213137
INFO:root:10 batches loss: 3.7617492198944094
INFO:root:10 batches loss: 3.841024327278137
INFO:root:10 batches loss: 3.6801870107650756
INFO:root:10 batches loss: 3.7843546152114866
INFO:root:10 batches loss: 3.5857375860214233
INFO:root:10 batches loss: 3.6393630743026733
INFO:root:10 batches loss: 3.760417413711548
INFO:root:10 batches loss: 3.489696407318115
INFO:root:10 batches loss: 3.7255748510360718
INFO:root:10 batches loss: 3.6939666271209717
INFO:root:10 batches loss: 3.7742711544036864
INFO:root:10 batches loss: 3.404374051094055
INFO:root:10 batches loss: 3.432687592506409
INFO:root:10 batches loss: 3.8372480869293213
INFO:root:10 batches loss: 3.826965260505676
INFO:root:10 batches loss: 3.628421902656555
INFO:root:10 batches loss: 3.6271394014358522
INFO:root:10 batches loss: 3.323094367980957
INFO:root:10 batches loss: 3.569235014915466
INFO:root:Train loss at the end of the epoch: 23671.602754592896
INFO:root:Validation accuracy: 9.102564102564102
INFO:root:Epoch 3
INFO:root:10 batches loss: 4.005711698532105
INFO:root:10 batches loss: 3.8692559957504273
INFO:root:10 batches loss: 3.8776047468185424
INFO:root:10 batches loss: 3.6168846130371093
INFO:root:10 batches loss: 3.894535708427429
INFO:root:10 batches loss: 4.036024856567383
INFO:root:10 batches loss: 3.639214277267456
INFO:root:10 batches loss: 3.871066188812256
INFO:root:10 batches loss: 3.486657738685608
INFO:root:10 batches loss: 3.867352843284607
INFO:root:10 batches loss: 3.701245069503784
INFO:root:10 batches loss: 3.518496584892273
INFO:root:10 batches loss: 3.496612548828125
INFO:root:10 batches loss: 3.251035737991333
INFO:root:10 batches loss: 4.103184103965759
INFO:root:10 batches loss: 3.4708701610565185
INFO:root:10 batches loss: 3.753966283798218
INFO:root:10 batches loss: 3.589461326599121
INFO:root:10 batches loss: 3.4993480443954468
INFO:root:10 batches loss: 3.7772083282470703
INFO:root:10 batches loss: 4.0364989042282104
INFO:root:10 batches loss: 4.1184337615966795
INFO:root:10 batches loss: 3.8071074724197387
INFO:root:10 batches loss: 3.5552072763442992
INFO:root:10 batches loss: 3.5040589809417724
INFO:root:10 batches loss: 3.8364160299301147
INFO:root:10 batches loss: 3.8296767711639403
INFO:root:10 batches loss: 3.755025029182434
INFO:root:10 batches loss: 3.8225311994552613
INFO:root:10 batches loss: 3.5978464841842652
INFO:root:10 batches loss: 3.6716372966766357
INFO:root:10 batches loss: 3.9740286350250242
INFO:root:10 batches loss: 3.7733081340789796
INFO:root:10 batches loss: 3.5890172958374023
INFO:root:10 batches loss: 3.714031147956848
INFO:root:10 batches loss: 3.4666736125946045
INFO:root:10 batches loss: 3.8551182985305785
INFO:root:10 batches loss: 3.5238031148910522
INFO:root:10 batches loss: 3.7592280626297
INFO:root:10 batches loss: 3.674357008934021
INFO:root:10 batches loss: 3.6341637134552003
INFO:root:10 batches loss: 3.616115427017212
INFO:root:10 batches loss: 3.8135785818099976
INFO:root:10 batches loss: 3.6715608835220337
INFO:root:10 batches loss: 3.73564453125
INFO:root:10 batches loss: 3.850611138343811
INFO:root:10 batches loss: 3.815867018699646
INFO:root:10 batches loss: 3.85609655380249
INFO:root:10 batches loss: 4.109592390060425
INFO:root:10 batches loss: 3.483306956291199
INFO:root:10 batches loss: 3.9513313293457033
INFO:root:10 batches loss: 3.751343274116516
INFO:root:10 batches loss: 3.8927554845809937
INFO:root:10 batches loss: 3.661687445640564
INFO:root:10 batches loss: 4.014855289459229
INFO:root:10 batches loss: 3.5921417236328126
INFO:root:10 batches loss: 3.5245439529418947
INFO:root:10 batches loss: 3.4464249849319457
INFO:root:10 batches loss: 3.999561095237732
INFO:root:10 batches loss: 3.649294924736023
INFO:root:10 batches loss: 3.765307033061981
INFO:root:10 batches loss: 3.480010223388672
INFO:root:10 batches loss: 3.5681933879852297
INFO:root:10 batches loss: 3.552544951438904
INFO:root:10 batches loss: 3.704737424850464
INFO:root:10 batches loss: 3.195613753795624
INFO:root:10 batches loss: 4.211750030517578
INFO:root:10 batches loss: 3.826764392852783
INFO:root:10 batches loss: 4.12208514213562
INFO:root:10 batches loss: 3.858987045288086
INFO:root:10 batches loss: 3.8394609928131103
INFO:root:10 batches loss: 3.5726836919784546
INFO:root:10 batches loss: 3.6618587017059325
INFO:root:10 batches loss: 3.7197911024093626
INFO:root:10 batches loss: 3.931512951850891
INFO:root:10 batches loss: 3.7010913133621215
INFO:root:10 batches loss: 3.6980840444564818
INFO:root:10 batches loss: 3.4826497077941894
INFO:root:10 batches loss: 4.078181219100952
INFO:root:10 batches loss: 3.757819986343384
INFO:root:10 batches loss: 3.7577653169631957
INFO:root:10 batches loss: 3.6367048263549804
INFO:root:10 batches loss: 4.031085705757141
INFO:root:10 batches loss: 3.531558465957642
INFO:root:10 batches loss: 3.7000585556030274
INFO:root:10 batches loss: 4.111914610862732
INFO:root:10 batches loss: 3.4273953676223754
INFO:root:10 batches loss: 4.228153848648072
INFO:root:10 batches loss: 3.826401448249817
INFO:root:10 batches loss: 3.9435665130615236
INFO:root:10 batches loss: 3.514129662513733
INFO:root:10 batches loss: 3.8406628608703612
INFO:root:10 batches loss: 3.677510976791382
INFO:root:10 batches loss: 3.6805662155151366
INFO:root:10 batches loss: 3.7202917098999024
INFO:root:10 batches loss: 3.999967622756958
INFO:root:10 batches loss: 3.806697058677673
INFO:root:10 batches loss: 3.7570770263671873
INFO:root:10 batches loss: 3.4825523138046264
INFO:root:10 batches loss: 3.82677640914917
INFO:root:10 batches loss: 3.8720006704330445
INFO:root:10 batches loss: 3.5465909957885744
INFO:root:10 batches loss: 3.7383047103881837
INFO:root:10 batches loss: 3.6194605112075804
INFO:root:10 batches loss: 3.4743181228637696
INFO:root:10 batches loss: 3.9364672660827638
INFO:root:10 batches loss: 3.941010308265686
INFO:root:10 batches loss: 3.66979124546051
INFO:root:10 batches loss: 3.4175857305526733
INFO:root:10 batches loss: 3.37391517162323
INFO:root:10 batches loss: 3.6009998083114625
INFO:root:10 batches loss: 3.908301901817322
INFO:root:10 batches loss: 3.6641656160354614
INFO:root:10 batches loss: 3.6928722620010377
INFO:root:10 batches loss: 3.2318114042282104
INFO:root:10 batches loss: 3.7333403825759888
INFO:root:10 batches loss: 3.9381430625915526
INFO:root:10 batches loss: 3.713060998916626
INFO:root:10 batches loss: 3.7339654207229613
INFO:root:10 batches loss: 3.3888461351394654
INFO:root:10 batches loss: 3.5595338106155396
INFO:root:10 batches loss: 3.699251174926758
INFO:root:10 batches loss: 3.777896356582642
INFO:root:10 batches loss: 3.9672221660614015
INFO:root:10 batches loss: 3.674460434913635
INFO:root:10 batches loss: 3.6467678785324096
INFO:root:10 batches loss: 3.991589140892029
INFO:root:10 batches loss: 3.7520793199539186
INFO:root:10 batches loss: 3.907372570037842
INFO:root:10 batches loss: 3.7686748266220094
INFO:root:10 batches loss: 3.7346203565597533
INFO:root:10 batches loss: 3.4998091340065
INFO:root:10 batches loss: 4.33426685333252
INFO:root:10 batches loss: 3.8578634738922117
INFO:root:10 batches loss: 3.4087439656257628
INFO:root:10 batches loss: 3.892486238479614
INFO:root:10 batches loss: 3.555829167366028
INFO:root:10 batches loss: 3.5449698686599733
INFO:root:10 batches loss: 3.662105345726013
INFO:root:10 batches loss: 3.730327677726746
INFO:root:10 batches loss: 3.207354485988617
INFO:root:10 batches loss: 4.229882526397705
INFO:root:10 batches loss: 3.646008014678955
INFO:root:10 batches loss: 3.623276877403259
INFO:root:10 batches loss: 3.8001847505569457
INFO:root:10 batches loss: 3.7802886962890625
INFO:root:10 batches loss: 3.8130228757858275
INFO:root:10 batches loss: 3.3996025800704954
INFO:root:10 batches loss: 3.7787601709365846
INFO:root:10 batches loss: 4.276032233238221
INFO:root:10 batches loss: 4.048407769203186
INFO:root:10 batches loss: 3.5431873559951783
INFO:root:10 batches loss: 3.770283317565918
INFO:root:10 batches loss: 3.674135661125183
INFO:root:10 batches loss: 3.920880746841431
INFO:root:10 batches loss: 3.658953857421875
INFO:root:10 batches loss: 3.6012388467788696
INFO:root:10 batches loss: 3.840086817741394
INFO:root:10 batches loss: 3.9296008110046388
INFO:root:10 batches loss: 3.8287017345428467
INFO:root:10 batches loss: 3.5483283519744875
INFO:root:10 batches loss: 3.4362053632736207
INFO:root:10 batches loss: 3.7781715393066406
INFO:root:10 batches loss: 4.16167414188385
INFO:root:10 batches loss: 3.6698944091796877
INFO:root:10 batches loss: 3.5688406944274904
INFO:root:10 batches loss: 3.9579746246337892
INFO:root:10 batches loss: 3.971479296684265
INFO:root:10 batches loss: 3.8578924179077148
INFO:root:10 batches loss: 3.556282091140747
INFO:root:10 batches loss: 3.7664158821105955
INFO:root:10 batches loss: 3.725712299346924
INFO:root:10 batches loss: 3.7593737840652466
INFO:root:10 batches loss: 3.8355338335037232
INFO:root:10 batches loss: 3.6051934719085694
INFO:root:10 batches loss: 3.4705472230911254
INFO:root:10 batches loss: 3.5096195936203003
INFO:root:10 batches loss: 3.838003945350647
INFO:root:10 batches loss: 3.964996075630188
INFO:root:10 batches loss: 3.770819330215454
INFO:root:10 batches loss: 3.8571524143218996
INFO:root:10 batches loss: 3.6012927532196044
INFO:root:10 batches loss: 3.3926541566848756
INFO:root:10 batches loss: 3.738288199901581
INFO:root:10 batches loss: 3.7412566184997558
INFO:root:10 batches loss: 3.9448834657669067
INFO:root:10 batches loss: 3.898542594909668
INFO:root:10 batches loss: 3.5187825679779055
INFO:root:10 batches loss: 3.7479066133499144
INFO:root:10 batches loss: 3.3408411264419557
INFO:root:10 batches loss: 3.750745749473572
INFO:root:10 batches loss: 3.6748122930526734
INFO:root:10 batches loss: 3.5584567070007322
INFO:root:10 batches loss: 3.637977957725525
INFO:root:10 batches loss: 3.750744271278381
INFO:root:10 batches loss: 3.6279943227767943
INFO:root:10 batches loss: 3.795079803466797
INFO:root:10 batches loss: 3.3662498712539675
INFO:root:10 batches loss: 3.497097444534302
INFO:root:10 batches loss: 3.422634446620941
INFO:root:10 batches loss: 3.927286696434021
INFO:root:10 batches loss: 3.6588361978530886
INFO:root:10 batches loss: 3.7562424421310423
INFO:root:10 batches loss: 4.007536387443542
INFO:root:10 batches loss: 3.4653483629226685
INFO:root:10 batches loss: 3.5802425861358644
INFO:root:10 batches loss: 3.9263288736343385
INFO:root:10 batches loss: 4.056591105461121
INFO:root:10 batches loss: 3.7361248970031737
INFO:root:10 batches loss: 4.00281126499176
INFO:root:10 batches loss: 3.6909608364105226
INFO:root:10 batches loss: 3.739138865470886
INFO:root:10 batches loss: 3.8444031476974487
INFO:root:10 batches loss: 3.6923773288726807
INFO:root:10 batches loss: 3.6948203086853026
INFO:root:10 batches loss: 3.617290163040161
INFO:root:10 batches loss: 3.998663091659546
INFO:root:10 batches loss: 3.6049569129943846
INFO:root:10 batches loss: 3.828466534614563
INFO:root:10 batches loss: 3.8245574951171877
INFO:root:10 batches loss: 3.6991273403167724
INFO:root:10 batches loss: 3.687025809288025
INFO:root:10 batches loss: 3.9556246519088747
INFO:root:10 batches loss: 3.7141865491867065
INFO:root:10 batches loss: 3.5910258054733277
INFO:root:10 batches loss: 3.687003326416016
INFO:root:10 batches loss: 3.8177383661270143
INFO:root:10 batches loss: 3.598966908454895
INFO:root:10 batches loss: 3.329527163505554
INFO:root:10 batches loss: 3.804836964607239
INFO:root:10 batches loss: 3.8784991025924684
INFO:root:10 batches loss: 3.8834100723266602
INFO:root:10 batches loss: 3.8672230005264283
INFO:root:10 batches loss: 3.4480800867080688
INFO:root:10 batches loss: 3.697051453590393
INFO:root:10 batches loss: 3.841548728942871
INFO:root:10 batches loss: 3.709190320968628
INFO:root:10 batches loss: 4.344652605056763
INFO:root:10 batches loss: 3.519570326805115
INFO:root:10 batches loss: 3.7309951782226562
INFO:root:10 batches loss: 3.6370260238647463
INFO:root:10 batches loss: 3.85220787525177
INFO:root:10 batches loss: 3.821554160118103
INFO:root:10 batches loss: 3.864073157310486
INFO:root:10 batches loss: 3.7873975038528442
INFO:root:10 batches loss: 3.868295192718506
INFO:root:10 batches loss: 3.3672610759735107
INFO:root:10 batches loss: 3.6755837202072144
INFO:root:10 batches loss: 3.589525055885315
INFO:root:10 batches loss: 3.29194917678833
INFO:root:10 batches loss: 3.735126280784607
INFO:root:10 batches loss: 3.7941720485687256
INFO:root:10 batches loss: 3.7064862489700316
INFO:root:10 batches loss: 3.9776888847351075
INFO:root:10 batches loss: 3.7811331510543824
INFO:root:10 batches loss: 3.916117858886719
INFO:root:10 batches loss: 3.9601022005081177
INFO:root:10 batches loss: 3.6051669359207152
INFO:root:10 batches loss: 3.4714412689208984
INFO:root:10 batches loss: 3.6285419702529906
INFO:root:10 batches loss: 3.7313710927963255
INFO:root:10 batches loss: 3.6360888957977293
INFO:root:10 batches loss: 3.918873596191406
INFO:root:10 batches loss: 3.7333770751953126
INFO:root:10 batches loss: 3.582299327850342
INFO:root:10 batches loss: 3.7117726802825928
INFO:root:10 batches loss: 3.798655295372009
INFO:root:10 batches loss: 3.5869532585144044
INFO:root:10 batches loss: 3.9549517393112184
INFO:root:10 batches loss: 3.78183798789978
INFO:root:10 batches loss: 3.6669180393218994
INFO:root:10 batches loss: 3.6873491764068604
INFO:root:10 batches loss: 3.4268654584884644
INFO:root:10 batches loss: 3.3283512353897096
INFO:root:10 batches loss: 3.903143787384033
INFO:root:10 batches loss: 4.149194002151489
INFO:root:10 batches loss: 3.5221859931945803
INFO:root:10 batches loss: 3.6071935653686524
INFO:root:10 batches loss: 4.236223864555359
INFO:root:10 batches loss: 3.522403621673584
INFO:root:10 batches loss: 3.490224027633667
INFO:root:10 batches loss: 3.8659077405929567
INFO:root:10 batches loss: 3.5459791898727415
INFO:root:10 batches loss: 3.555118131637573
INFO:root:10 batches loss: 3.652599596977234
INFO:root:10 batches loss: 3.4710183143615723
INFO:root:10 batches loss: 3.5861584663391115
INFO:root:10 batches loss: 3.5718578100204468
INFO:root:10 batches loss: 3.4752701044082643
INFO:root:10 batches loss: 3.438679587841034
INFO:root:10 batches loss: 3.533548092842102
INFO:root:10 batches loss: 3.6500744581222535
INFO:root:10 batches loss: 3.3911537885665894
INFO:root:10 batches loss: 3.86051926612854
INFO:root:10 batches loss: 3.6628762006759645
INFO:root:10 batches loss: 3.9048567533493044
INFO:root:10 batches loss: 3.5206310987472533
INFO:root:10 batches loss: 4.0176910877227785
INFO:root:10 batches loss: 3.6319818258285523
INFO:root:10 batches loss: 3.776739263534546
INFO:root:10 batches loss: 3.8400150537490845
INFO:root:10 batches loss: 3.2917656660079957
INFO:root:10 batches loss: 3.856666898727417
INFO:root:10 batches loss: 3.521583151817322
INFO:root:10 batches loss: 3.7422380208969117
INFO:root:10 batches loss: 3.4957611083984377
INFO:root:10 batches loss: 3.4430356502532957
INFO:root:10 batches loss: 3.479141616821289
INFO:root:10 batches loss: 3.603087270259857
INFO:root:10 batches loss: 3.7893626213073732
INFO:root:10 batches loss: 3.8057254791259765
INFO:root:10 batches loss: 3.549485754966736
INFO:root:10 batches loss: 3.435816025733948
INFO:root:10 batches loss: 4.112098026275635
INFO:root:10 batches loss: 3.8882900714874267
INFO:root:10 batches loss: 3.508673000335693
INFO:root:10 batches loss: 3.982171416282654
INFO:root:10 batches loss: 3.158251428604126
INFO:root:10 batches loss: 3.8828704833984373
INFO:root:10 batches loss: 3.5028923034667967
INFO:root:10 batches loss: 3.454626989364624
INFO:root:10 batches loss: 3.7604700446128847
INFO:root:10 batches loss: 3.6276249408721926
INFO:root:10 batches loss: 3.6786064863204957
INFO:root:10 batches loss: 3.915917921066284
INFO:root:10 batches loss: 3.9676814317703246
INFO:root:10 batches loss: 3.1349932193756103
INFO:root:10 batches loss: 3.496821403503418
INFO:root:10 batches loss: 3.727715849876404
INFO:root:10 batches loss: 3.481935238838196
INFO:root:10 batches loss: 3.624724245071411
INFO:root:10 batches loss: 3.4910691738128663
INFO:root:10 batches loss: 3.546428608894348
INFO:root:10 batches loss: 3.474909710884094
INFO:root:10 batches loss: 3.6965768098831178
INFO:root:10 batches loss: 3.38505277633667
INFO:root:10 batches loss: 3.4870139360427856
INFO:root:10 batches loss: 3.686074733734131
INFO:root:10 batches loss: 3.899250841140747
INFO:root:10 batches loss: 3.8411523580551146
INFO:root:10 batches loss: 3.926138234138489
INFO:root:10 batches loss: 3.792803978919983
INFO:root:10 batches loss: 3.4675050497055055
INFO:root:10 batches loss: 3.803276515007019
INFO:root:10 batches loss: 3.4389853477478027
INFO:root:10 batches loss: 3.6034369230270387
INFO:root:10 batches loss: 3.7157679080963133
INFO:root:10 batches loss: 3.291738986968994
INFO:root:10 batches loss: 3.937916111946106
INFO:root:10 batches loss: 3.781337022781372
INFO:root:10 batches loss: 3.6907777070999144
INFO:root:10 batches loss: 3.765072822570801
INFO:root:10 batches loss: 3.6965185403823853
INFO:root:10 batches loss: 3.602826976776123
INFO:root:10 batches loss: 3.478672742843628
INFO:root:10 batches loss: 3.7260772228240966
INFO:root:10 batches loss: 3.728297710418701
INFO:root:10 batches loss: 3.92154324054718
INFO:root:10 batches loss: 3.9339385509490965
INFO:root:10 batches loss: 3.714877796173096
INFO:root:10 batches loss: 3.7375001430511476
INFO:root:10 batches loss: 3.2006169319152833
INFO:root:10 batches loss: 4.242615127563477
INFO:root:10 batches loss: 3.554156994819641
INFO:root:10 batches loss: 3.179817247390747
INFO:root:10 batches loss: 3.871155619621277
INFO:root:10 batches loss: 3.5393553256988524
INFO:root:10 batches loss: 3.751236844062805
INFO:root:10 batches loss: 3.64798104763031
INFO:root:10 batches loss: 3.784888577461243
INFO:root:10 batches loss: 3.783274292945862
INFO:root:10 batches loss: 3.822193479537964
INFO:root:10 batches loss: 3.6324824571609495
INFO:root:10 batches loss: 3.724812960624695
INFO:root:10 batches loss: 3.514961671829224
INFO:root:10 batches loss: 3.663762903213501
INFO:root:10 batches loss: 4.174540615081787
INFO:root:10 batches loss: 3.2494236707687376
INFO:root:10 batches loss: 3.3998878717422487
INFO:root:10 batches loss: 3.439570093154907
INFO:root:10 batches loss: 3.304846930503845
INFO:root:10 batches loss: 3.1703321814537047
INFO:root:10 batches loss: 3.4044403433799744
INFO:root:10 batches loss: 3.5030980587005613
INFO:root:10 batches loss: 3.696863126754761
INFO:root:10 batches loss: 3.570339298248291
INFO:root:10 batches loss: 3.7855429887771606
INFO:root:10 batches loss: 3.642318606376648
INFO:root:10 batches loss: 3.469931793212891
INFO:root:10 batches loss: 3.7994144678115847
INFO:root:10 batches loss: 3.4326529264450074
INFO:root:10 batches loss: 3.6952900171279905
INFO:root:10 batches loss: 3.000029134750366
INFO:root:10 batches loss: 4.240498614311218
INFO:root:10 batches loss: 3.7885427474975586
INFO:root:10 batches loss: 3.661812114715576
INFO:root:10 batches loss: 3.667026329040527
INFO:root:10 batches loss: 3.6262509346008303
INFO:root:10 batches loss: 3.53122718334198
INFO:root:10 batches loss: 3.5797605991363524
INFO:root:10 batches loss: 3.88915433883667
INFO:root:10 batches loss: 3.9178799629211425
INFO:root:10 batches loss: 3.642377161979675
INFO:root:10 batches loss: 3.776841235160828
INFO:root:10 batches loss: 3.3766974925994875
INFO:root:10 batches loss: 3.974952793121338
INFO:root:10 batches loss: 3.766495943069458
INFO:root:10 batches loss: 3.561055564880371
INFO:root:10 batches loss: 3.499760317802429
INFO:root:10 batches loss: 3.7280619382858275
INFO:root:10 batches loss: 3.7204857587814333
INFO:root:10 batches loss: 3.468094515800476
INFO:root:10 batches loss: 3.600902557373047
INFO:root:10 batches loss: 3.8703686952590943
INFO:root:10 batches loss: 3.429064917564392
INFO:root:10 batches loss: 3.7661346912384035
INFO:root:10 batches loss: 3.5363051652908326
INFO:root:10 batches loss: 3.709026575088501
INFO:root:10 batches loss: 3.3559994459152223
INFO:root:10 batches loss: 3.5620108127593992
INFO:root:10 batches loss: 3.638464570045471
INFO:root:10 batches loss: 3.3403791069984434
INFO:root:10 batches loss: 3.95131368637085
INFO:root:10 batches loss: 3.7472652196884155
INFO:root:10 batches loss: 3.2742953538894652
INFO:root:10 batches loss: 4.032421565055847
INFO:root:10 batches loss: 3.906769275665283
INFO:root:10 batches loss: 3.6826700925827027
INFO:root:10 batches loss: 3.7241557121276854
INFO:root:10 batches loss: 3.5452015161514283
INFO:root:10 batches loss: 3.967689538002014
INFO:root:10 batches loss: 3.348510980606079
INFO:root:10 batches loss: 3.5066078305244446
INFO:root:10 batches loss: 3.5779652118682863
INFO:root:10 batches loss: 3.872527074813843
INFO:root:10 batches loss: 3.727057385444641
INFO:root:10 batches loss: 3.591707372665405
INFO:root:10 batches loss: 3.509412384033203
INFO:root:10 batches loss: 3.4610437154769897
INFO:root:10 batches loss: 3.532173180580139
INFO:root:10 batches loss: 3.8455623626708983
INFO:root:10 batches loss: 3.567470073699951
INFO:root:10 batches loss: 3.654887247085571
INFO:root:10 batches loss: 3.928397011756897
INFO:root:10 batches loss: 3.7853617668151855
INFO:root:10 batches loss: 3.937984299659729
INFO:root:10 batches loss: 3.562319850921631
INFO:root:10 batches loss: 3.5576591968536375
INFO:root:10 batches loss: 3.6987342834472656
INFO:root:10 batches loss: 3.3567615270614626
INFO:root:10 batches loss: 3.428179156780243
INFO:root:10 batches loss: 3.7059547662734986
INFO:root:10 batches loss: 3.7571448564529417
INFO:root:10 batches loss: 3.733176112174988
INFO:root:10 batches loss: 4.006723642349243
INFO:root:10 batches loss: 3.5467742681503296
INFO:root:10 batches loss: 3.606659173965454
INFO:root:10 batches loss: 3.8252841234207153
INFO:root:10 batches loss: 3.6305164337158202
INFO:root:10 batches loss: 3.848563051223755
INFO:root:10 batches loss: 3.5473176002502442
INFO:root:10 batches loss: 3.81031711101532
INFO:root:10 batches loss: 3.637788462638855
INFO:root:10 batches loss: 3.4908259868621827
INFO:root:10 batches loss: 3.887555456161499
INFO:root:10 batches loss: 3.517654800415039
INFO:root:10 batches loss: 3.568154215812683
INFO:root:10 batches loss: 3.79191415309906
INFO:root:10 batches loss: 3.8560916900634767
INFO:root:10 batches loss: 3.5631107568740843
INFO:root:10 batches loss: 3.5915838718414306
INFO:root:10 batches loss: 3.6761191368103026
INFO:root:10 batches loss: 3.6476152896881104
INFO:root:10 batches loss: 3.8510655879974367
INFO:root:10 batches loss: 3.900813865661621
INFO:root:10 batches loss: 3.7225027084350586
INFO:root:10 batches loss: 3.746833848953247
INFO:root:10 batches loss: 3.3401427984237673
INFO:root:10 batches loss: 4.07887487411499
INFO:root:10 batches loss: 3.5087387561798096
INFO:root:10 batches loss: 3.6563502073287966
INFO:root:10 batches loss: 3.5850545883178713
INFO:root:10 batches loss: 3.1887484073638914
INFO:root:10 batches loss: 3.9010816335678102
INFO:root:10 batches loss: 3.7140707969665527
INFO:root:10 batches loss: 3.644591975212097
INFO:root:10 batches loss: 3.5964500188827513
INFO:root:10 batches loss: 3.8715975761413572
INFO:root:10 batches loss: 3.6344752311706543
INFO:root:10 batches loss: 3.7507935047149656
INFO:root:10 batches loss: 3.700603652000427
INFO:root:10 batches loss: 3.948334264755249
INFO:root:10 batches loss: 3.721883773803711
INFO:root:10 batches loss: 3.6588268518447875
INFO:root:10 batches loss: 3.7508834838867187
INFO:root:10 batches loss: 3.134106230735779
INFO:root:10 batches loss: 3.670647311210632
INFO:root:10 batches loss: 3.665621280670166
INFO:root:10 batches loss: 3.3529186725616453
INFO:root:10 batches loss: 3.7765132188796997
INFO:root:10 batches loss: 3.7959853172302247
INFO:root:10 batches loss: 3.995984959602356
INFO:root:10 batches loss: 3.696052885055542
INFO:root:10 batches loss: 3.8702898740768434
INFO:root:10 batches loss: 4.095267939567566
INFO:root:10 batches loss: 3.656007194519043
INFO:root:10 batches loss: 3.792180299758911
INFO:root:10 batches loss: 3.7484704732894896
INFO:root:10 batches loss: 3.8087247371673585
INFO:root:10 batches loss: 3.4875415086746218
INFO:root:10 batches loss: 3.742671990394592
INFO:root:10 batches loss: 3.470367932319641
INFO:root:10 batches loss: 3.7544216871261598
INFO:root:10 batches loss: 3.739594650268555
INFO:root:10 batches loss: 3.824071264266968
INFO:root:10 batches loss: 3.9393038511276246
INFO:root:10 batches loss: 3.9434216976165772
INFO:root:10 batches loss: 3.794666957855225
INFO:root:10 batches loss: 3.6678231000900268
INFO:root:10 batches loss: 3.5059550762176515
INFO:root:10 batches loss: 3.7453688859939573
INFO:root:10 batches loss: 3.3861895561218263
INFO:root:10 batches loss: 3.948406386375427
INFO:root:10 batches loss: 3.563469481468201
INFO:root:10 batches loss: 3.6403705358505247
INFO:root:10 batches loss: 3.726533031463623
INFO:root:10 batches loss: 3.594581055641174
INFO:root:10 batches loss: 3.631981301307678
INFO:root:10 batches loss: 3.5806546449661254
INFO:root:10 batches loss: 3.743877100944519
INFO:root:10 batches loss: 3.7061252117156984
INFO:root:10 batches loss: 3.8519635438919066
INFO:root:10 batches loss: 3.714409422874451
INFO:root:10 batches loss: 3.955465030670166
INFO:root:10 batches loss: 3.5974216938018797
INFO:root:10 batches loss: 3.925508809089661
INFO:root:10 batches loss: 3.778134346008301
INFO:root:10 batches loss: 3.8663293361663817
INFO:root:10 batches loss: 3.3268025159835815
INFO:root:10 batches loss: 3.466282367706299
INFO:root:10 batches loss: 3.5755202531814576
INFO:root:10 batches loss: 3.783250570297241
INFO:root:10 batches loss: 3.7712886095047
INFO:root:10 batches loss: 3.6491354942321776
INFO:root:10 batches loss: 3.6045042276382446
INFO:root:10 batches loss: 3.399253237247467
INFO:root:10 batches loss: 3.5018293380737306
INFO:root:10 batches loss: 3.6050294280052184
INFO:root:10 batches loss: 3.6877696990966795
INFO:root:10 batches loss: 3.715847682952881
INFO:root:10 batches loss: 4.033396744728089
INFO:root:10 batches loss: 3.8362931489944456
INFO:root:10 batches loss: 3.575051784515381
INFO:root:10 batches loss: 3.5356677770614624
INFO:root:10 batches loss: 3.3377129077911376
INFO:root:10 batches loss: 3.7515013456344604
INFO:root:10 batches loss: 3.805160975456238
INFO:root:10 batches loss: 3.133350872993469
INFO:root:10 batches loss: 3.1760689973831178
INFO:root:10 batches loss: 3.917075276374817
INFO:root:10 batches loss: 3.455752432346344
INFO:root:10 batches loss: 3.513375163078308
INFO:root:10 batches loss: 3.5395198106765746
INFO:root:10 batches loss: 3.131440281867981
INFO:root:10 batches loss: 3.712579345703125
INFO:root:10 batches loss: 3.709153890609741
INFO:root:10 batches loss: 4.083399438858033
INFO:root:10 batches loss: 3.8550121545791627
INFO:root:10 batches loss: 3.5598157405853272
INFO:root:10 batches loss: 3.8551316022872926
INFO:root:10 batches loss: 3.1184831857681274
INFO:root:10 batches loss: 3.824755835533142
INFO:root:10 batches loss: 3.666833448410034
INFO:root:10 batches loss: 3.502369427680969
INFO:root:10 batches loss: 3.661133551597595
INFO:root:10 batches loss: 3.818276810646057
INFO:root:10 batches loss: 3.588317346572876
INFO:root:10 batches loss: 3.947219157218933
INFO:root:10 batches loss: 3.7826874971389772
INFO:root:10 batches loss: 3.541693687438965
INFO:root:10 batches loss: 3.344271206855774
INFO:root:10 batches loss: 3.7252259969711305
INFO:root:10 batches loss: 3.5231817722320558
INFO:root:10 batches loss: 3.664816451072693
INFO:root:10 batches loss: 3.9290463447570803
INFO:root:10 batches loss: 3.5968351125717164
INFO:root:10 batches loss: 3.399745798110962
INFO:root:10 batches loss: 3.270576739311218
INFO:root:10 batches loss: 3.6530601501464846
INFO:root:10 batches loss: 3.136614727973938
INFO:root:10 batches loss: 3.0495575189590456
INFO:root:10 batches loss: 3.2475295305252074
INFO:root:10 batches loss: 3.6802196502685547
INFO:root:10 batches loss: 3.7679816246032716
INFO:root:10 batches loss: 3.4841985940933227
INFO:root:10 batches loss: 3.714772939682007
INFO:root:10 batches loss: 4.041822600364685
INFO:root:10 batches loss: 3.3851287603378295
INFO:root:10 batches loss: 3.651785635948181
INFO:root:10 batches loss: 3.8952423334121704
INFO:root:10 batches loss: 3.7267258167266846
INFO:root:10 batches loss: 3.3540508270263674
INFO:root:10 batches loss: 3.8624322414398193
INFO:root:10 batches loss: 3.6186885118484495
INFO:root:10 batches loss: 3.1849682688713075
INFO:root:10 batches loss: 3.8928196668624877
INFO:root:10 batches loss: 4.145980167388916
INFO:root:10 batches loss: 3.3783273696899414
INFO:root:10 batches loss: 4.085230374336243
INFO:root:10 batches loss: 3.7681558609008787
INFO:root:10 batches loss: 3.370344305038452
INFO:root:10 batches loss: 4.108429408073425
INFO:root:10 batches loss: 3.956650447845459
INFO:root:10 batches loss: 3.767176699638367
INFO:root:10 batches loss: 3.453566384315491
INFO:root:10 batches loss: 3.938780117034912
INFO:root:10 batches loss: 3.6116027355194094
INFO:root:10 batches loss: 3.333636999130249
INFO:root:10 batches loss: 3.577858257293701
INFO:root:10 batches loss: 3.382100462913513
INFO:root:10 batches loss: 3.818807029724121
INFO:root:10 batches loss: 3.869957709312439
INFO:root:10 batches loss: 3.748218846321106
INFO:root:Train loss at the end of the epoch: 22984.73241364956
INFO:root:Validation accuracy: 10.512820512820513
INFO:root:==> Test
