INFO:root:===> Loading datasets
INFO:root:===> Building model
INFO:root:Namespace(arch='BaseCNN', augment=True, batch_size=2, criterion='cross-entropy', data='256x256-split', epochs=3, lr=0.001, momentum=0.9, no_cuda=False, optimizer='SGD')
INFO:root:===> Training
INFO:root:Epoch 1
INFO:root:10 batches loss: 6.182171440124511
INFO:root:10 batches loss: 5.716363859176636
INFO:root:10 batches loss: 6.543774056434631
INFO:root:10 batches loss: 7.458670496940613
INFO:root:10 batches loss: 6.731132817268372
INFO:root:10 batches loss: 5.842677116394043
INFO:root:10 batches loss: 5.8152673721313475
INFO:root:10 batches loss: 5.204309129714966
INFO:root:10 batches loss: 5.171586704254151
INFO:root:10 batches loss: 6.035855770111084
INFO:root:10 batches loss: 4.65989077091217
INFO:root:10 batches loss: 4.808827829360962
INFO:root:10 batches loss: 4.568655514717102
INFO:root:10 batches loss: 3.776707911491394
INFO:root:10 batches loss: 4.432775902748108
INFO:root:10 batches loss: 4.166395163536071
INFO:root:10 batches loss: 4.249796772003174
INFO:root:10 batches loss: 4.284420299530029
INFO:root:10 batches loss: 4.061928915977478
INFO:root:10 batches loss: 4.0032658815383915
INFO:root:10 batches loss: 4.116801500320435
INFO:root:10 batches loss: 4.290751719474793
INFO:root:10 batches loss: 3.974347543716431
INFO:root:10 batches loss: 4.385815191268921
INFO:root:10 batches loss: 4.202895259857177
INFO:root:10 batches loss: 4.235516381263733
INFO:root:10 batches loss: 3.9599995374679566
INFO:root:10 batches loss: 3.6982922077178957
INFO:root:10 batches loss: 3.9555696725845335
INFO:root:10 batches loss: 4.2432173728942875
INFO:root:10 batches loss: 4.004734516143799
INFO:root:10 batches loss: 4.177354073524475
INFO:root:10 batches loss: 4.132017874717713
INFO:root:10 batches loss: 4.002523303031921
INFO:root:10 batches loss: 4.086965656280517
INFO:root:10 batches loss: 4.180642795562744
INFO:root:10 batches loss: 4.027497601509094
INFO:root:10 batches loss: 4.141808748245239
INFO:root:10 batches loss: 3.942467999458313
INFO:root:10 batches loss: 3.982796239852905
INFO:root:10 batches loss: 4.300719976425171
INFO:root:10 batches loss: 4.264542865753174
INFO:root:10 batches loss: 3.9006515979766845
INFO:root:10 batches loss: 3.967616248130798
INFO:root:10 batches loss: 3.784103608131409
INFO:root:10 batches loss: 4.063806200027466
INFO:root:10 batches loss: 4.288090324401855
INFO:root:10 batches loss: 3.995980978012085
INFO:root:10 batches loss: 3.9534222364425657
INFO:root:10 batches loss: 3.6195646047592165
INFO:root:10 batches loss: 3.986078977584839
INFO:root:10 batches loss: 4.089130473136902
INFO:root:10 batches loss: 4.179432964324951
INFO:root:10 batches loss: 3.909048867225647
INFO:root:10 batches loss: 3.953533339500427
INFO:root:10 batches loss: 3.7677078247070312
INFO:root:10 batches loss: 4.01084578037262
INFO:root:10 batches loss: 3.7875699043273925
INFO:root:10 batches loss: 3.5067221403121946
INFO:root:10 batches loss: 3.817700242996216
INFO:root:10 batches loss: 4.013634419441223
INFO:root:10 batches loss: 4.034222817420959
INFO:root:10 batches loss: 4.289449238777161
INFO:root:10 batches loss: 3.8486284971237184
INFO:root:10 batches loss: 3.8535063743591307
INFO:root:10 batches loss: 4.39318881034851
INFO:root:10 batches loss: 4.125844550132752
INFO:root:10 batches loss: 3.8828219175338745
INFO:root:10 batches loss: 3.812101650238037
INFO:root:10 batches loss: 3.707564663887024
INFO:root:10 batches loss: 4.110489821434021
INFO:root:10 batches loss: 4.038030815124512
INFO:root:10 batches loss: 4.0598270177841185
INFO:root:10 batches loss: 3.9958540916442873
INFO:root:10 batches loss: 3.9121532917022703
INFO:root:10 batches loss: 3.8039841651916504
INFO:root:10 batches loss: 4.007510304450989
INFO:root:10 batches loss: 4.205857634544373
INFO:root:10 batches loss: 4.04804847240448
INFO:root:10 batches loss: 4.0997062683105465
INFO:root:10 batches loss: 4.071284341812134
INFO:root:10 batches loss: 4.21297812461853
INFO:root:10 batches loss: 3.836389970779419
INFO:root:10 batches loss: 4.179541420936585
INFO:root:10 batches loss: 4.113553357124329
INFO:root:10 batches loss: 3.921428918838501
INFO:root:10 batches loss: 3.889121985435486
INFO:root:10 batches loss: 4.037161421775818
INFO:root:10 batches loss: 4.082539963722229
INFO:root:10 batches loss: 4.007479500770569
INFO:root:10 batches loss: 4.175796437263489
INFO:root:10 batches loss: 4.126923847198486
INFO:root:10 batches loss: 3.668119955062866
INFO:root:10 batches loss: 3.992873525619507
INFO:root:10 batches loss: 3.9963943481445314
INFO:root:10 batches loss: 4.0290940523147585
INFO:root:10 batches loss: 4.344151210784912
INFO:root:10 batches loss: 3.8012853145599363
INFO:root:10 batches loss: 3.888158988952637
INFO:root:10 batches loss: 4.010533237457276
INFO:root:10 batches loss: 4.105059957504272
INFO:root:10 batches loss: 3.9309438467025757
INFO:root:10 batches loss: 4.0342161655426025
INFO:root:10 batches loss: 3.6377407789230345
INFO:root:10 batches loss: 4.114912271499634
INFO:root:10 batches loss: 4.0328836917877195
INFO:root:10 batches loss: 4.059942150115967
INFO:root:10 batches loss: 3.8052160501480103
INFO:root:10 batches loss: 3.598228359222412
INFO:root:10 batches loss: 4.143352270126343
INFO:root:10 batches loss: 3.806041216850281
INFO:root:10 batches loss: 4.08577024936676
INFO:root:10 batches loss: 3.8295144557952883
INFO:root:10 batches loss: 3.900977683067322
INFO:root:10 batches loss: 3.842368245124817
INFO:root:10 batches loss: 3.792730689048767
INFO:root:10 batches loss: 3.981357049942017
INFO:root:10 batches loss: 4.061763715744019
INFO:root:10 batches loss: 3.8912824153900147
INFO:root:10 batches loss: 4.137260890007019
INFO:root:10 batches loss: 3.926727843284607
INFO:root:10 batches loss: 4.063190770149231
INFO:root:10 batches loss: 3.8655258893966673
INFO:root:10 batches loss: 3.793931579589844
INFO:root:10 batches loss: 3.8238455295562743
INFO:root:10 batches loss: 4.166077709197998
INFO:root:10 batches loss: 3.6392080068588255
INFO:root:10 batches loss: 3.622139239311218
INFO:root:10 batches loss: 4.085532784461975
INFO:root:10 batches loss: 4.114875292778015
INFO:root:10 batches loss: 3.9628897428512575
INFO:root:10 batches loss: 4.053034043312072
INFO:root:10 batches loss: 4.377363300323486
INFO:root:10 batches loss: 3.922789430618286
INFO:root:10 batches loss: 3.766946816444397
INFO:root:10 batches loss: 3.9718872547149657
INFO:root:10 batches loss: 4.16382474899292
INFO:root:10 batches loss: 3.934318494796753
INFO:root:10 batches loss: 3.853022909164429
INFO:root:10 batches loss: 3.706462264060974
INFO:root:10 batches loss: 4.167756128311157
INFO:root:10 batches loss: 3.9614789962768553
INFO:root:10 batches loss: 3.9408562898635866
INFO:root:10 batches loss: 4.052448630332947
INFO:root:10 batches loss: 3.9760342121124266
INFO:root:10 batches loss: 3.7769305229187013
INFO:root:10 batches loss: 3.8580451726913454
INFO:root:10 batches loss: 3.968059206008911
INFO:root:10 batches loss: 3.758153796195984
INFO:root:10 batches loss: 3.673067235946655
INFO:root:10 batches loss: 3.529382419586182
INFO:root:10 batches loss: 4.277208065986633
INFO:root:10 batches loss: 3.6544100999832154
INFO:root:10 batches loss: 4.041845774650573
INFO:root:10 batches loss: 4.049472713470459
INFO:root:10 batches loss: 3.8889053106307983
INFO:root:10 batches loss: 4.320060229301452
INFO:root:10 batches loss: 4.060622954368592
INFO:root:10 batches loss: 3.8479403257369995
INFO:root:10 batches loss: 3.9924054861068727
INFO:root:10 batches loss: 3.9243571043014525
INFO:root:10 batches loss: 3.9649327993392944
INFO:root:10 batches loss: 4.040881776809693
INFO:root:10 batches loss: 4.028589534759521
INFO:root:10 batches loss: 3.8096222162246702
INFO:root:10 batches loss: 3.890221047401428
INFO:root:10 batches loss: 3.720802736282349
INFO:root:10 batches loss: 3.6852887868881226
INFO:root:10 batches loss: 4.108793807029724
INFO:root:10 batches loss: 3.582230234146118
INFO:root:10 batches loss: 4.091123867034912
INFO:root:10 batches loss: 3.8817583560943603
INFO:root:10 batches loss: 3.885312390327454
INFO:root:10 batches loss: 3.8133376359939577
INFO:root:10 batches loss: 3.9546831130981444
INFO:root:10 batches loss: 4.202210235595703
INFO:root:10 batches loss: 3.637212038040161
INFO:root:10 batches loss: 4.013718104362487
INFO:root:10 batches loss: 3.7305298805236817
INFO:root:10 batches loss: 3.6625651359558105
INFO:root:10 batches loss: 4.534092664718628
INFO:root:10 batches loss: 4.087661528587342
INFO:root:10 batches loss: 3.878567910194397
INFO:root:10 batches loss: 4.011321067810059
INFO:root:10 batches loss: 3.919187378883362
INFO:root:10 batches loss: 4.117896914482117
INFO:root:10 batches loss: 3.878276252746582
INFO:root:10 batches loss: 3.9649355173110963
INFO:root:10 batches loss: 3.7278764724731444
INFO:root:10 batches loss: 3.955627179145813
INFO:root:10 batches loss: 3.870352792739868
INFO:root:10 batches loss: 4.096580457687378
INFO:root:10 batches loss: 3.558184504508972
INFO:root:10 batches loss: 3.653848719596863
INFO:root:10 batches loss: 3.849518156051636
INFO:root:10 batches loss: 3.6386938095092773
INFO:root:10 batches loss: 3.9931111574172973
INFO:root:10 batches loss: 3.7040199518203734
INFO:root:10 batches loss: 3.6579810619354247
INFO:root:10 batches loss: 4.026722717285156
INFO:root:10 batches loss: 3.282724905014038
INFO:root:10 batches loss: 3.9559269189834594
INFO:root:10 batches loss: 4.012249302864075
INFO:root:10 batches loss: 3.8523171186447143
INFO:root:10 batches loss: 3.5409732818603517
INFO:root:10 batches loss: 4.025409770011902
INFO:root:10 batches loss: 4.027092409133911
INFO:root:10 batches loss: 3.8048441886901854
INFO:root:10 batches loss: 3.8128520488739013
INFO:root:10 batches loss: 3.826948547363281
INFO:root:10 batches loss: 3.623015260696411
INFO:root:10 batches loss: 4.038789129257202
INFO:root:10 batches loss: 3.834282326698303
INFO:root:10 batches loss: 3.711713099479675
INFO:root:10 batches loss: 3.911465859413147
INFO:root:10 batches loss: 3.552419114112854
INFO:root:10 batches loss: 4.120560932159424
INFO:root:10 batches loss: 3.8123936891555785
INFO:root:10 batches loss: 3.67239363193512
INFO:root:10 batches loss: 4.076604890823364
INFO:root:10 batches loss: 3.8668615579605103
INFO:root:10 batches loss: 3.640223002433777
INFO:root:10 batches loss: 4.247969222068787
INFO:root:10 batches loss: 3.755381464958191
INFO:root:10 batches loss: 3.74941201210022
INFO:root:10 batches loss: 3.7870866298675536
INFO:root:10 batches loss: 4.1657298564910885
INFO:root:10 batches loss: 3.5614689350128175
INFO:root:10 batches loss: 3.4148600578308104
INFO:root:10 batches loss: 3.8911965608596804
INFO:root:10 batches loss: 3.8978559494018556
INFO:root:10 batches loss: 4.170025134086609
INFO:root:10 batches loss: 4.073296427726746
INFO:root:10 batches loss: 3.9267935037612913
INFO:root:10 batches loss: 3.742227578163147
INFO:root:10 batches loss: 4.024819016456604
INFO:root:10 batches loss: 3.9729570388793944
INFO:root:10 batches loss: 3.8094207286834716
INFO:root:10 batches loss: 3.973207688331604
INFO:root:10 batches loss: 3.9428478479385376
INFO:root:10 batches loss: 3.440760684013367
INFO:root:10 batches loss: 3.733957314491272
INFO:root:10 batches loss: 4.342583250999451
INFO:root:10 batches loss: 3.9849334716796876
INFO:root:10 batches loss: 4.098020601272583
INFO:root:10 batches loss: 4.115072894096374
INFO:root:10 batches loss: 3.7364465475082396
INFO:root:10 batches loss: 3.8693918228149413
INFO:root:10 batches loss: 3.4226884603500367
INFO:root:10 batches loss: 4.052927279472351
INFO:root:10 batches loss: 3.844028902053833
INFO:root:10 batches loss: 3.840522050857544
INFO:root:10 batches loss: 3.6912536144256594
INFO:root:10 batches loss: 3.83491530418396
INFO:root:10 batches loss: 3.88484046459198
INFO:root:10 batches loss: 4.009840202331543
INFO:root:10 batches loss: 3.836540365219116
INFO:root:10 batches loss: 3.760579466819763
INFO:root:10 batches loss: 3.721345591545105
INFO:root:10 batches loss: 4.002948570251465
INFO:root:10 batches loss: 3.7840423345565797
INFO:root:10 batches loss: 3.355534052848816
INFO:root:10 batches loss: 3.8612923622131348
INFO:root:10 batches loss: 4.131242084503174
INFO:root:10 batches loss: 3.8080652713775636
INFO:root:10 batches loss: 3.884969472885132
INFO:root:10 batches loss: 3.897657012939453
INFO:root:10 batches loss: 3.7746488094329833
INFO:root:10 batches loss: 3.589605474472046
INFO:root:10 batches loss: 3.9623799562454223
INFO:root:10 batches loss: 3.6957658529281616
INFO:root:10 batches loss: 3.7352522373199464
INFO:root:10 batches loss: 3.307556390762329
INFO:root:10 batches loss: 3.6887083292007445
INFO:root:10 batches loss: 4.197973823547363
INFO:root:10 batches loss: 3.8929210901260376
INFO:root:10 batches loss: 3.701296830177307
INFO:root:10 batches loss: 3.7929332971572878
INFO:root:10 batches loss: 3.796706295013428
INFO:root:10 batches loss: 3.865741729736328
INFO:root:10 batches loss: 3.4767297983169554
INFO:root:10 batches loss: 3.8951616525650024
INFO:root:10 batches loss: 3.9139235258102416
INFO:root:10 batches loss: 3.7641112327575685
INFO:root:10 batches loss: 3.860635542869568
INFO:root:10 batches loss: 4.1349852800369264
INFO:root:10 batches loss: 3.585823893547058
INFO:root:10 batches loss: 3.9090867757797243
INFO:root:10 batches loss: 3.9537349700927735
INFO:root:10 batches loss: 3.7630922317504885
INFO:root:10 batches loss: 3.7220618963241576
INFO:root:10 batches loss: 3.681438446044922
INFO:root:10 batches loss: 4.023470735549926
INFO:root:10 batches loss: 3.543026638031006
INFO:root:10 batches loss: 3.591917061805725
INFO:root:10 batches loss: 3.48813419342041
INFO:root:10 batches loss: 3.940406250953674
INFO:root:10 batches loss: 3.6159353494644164
INFO:root:10 batches loss: 3.816763424873352
INFO:root:10 batches loss: 3.8483685731887816
INFO:root:10 batches loss: 3.2329710483551026
INFO:root:10 batches loss: 3.8177115678787232
INFO:root:10 batches loss: 3.579999876022339
INFO:root:10 batches loss: 3.7320700883865356
INFO:root:10 batches loss: 3.6872021198272704
INFO:root:10 batches loss: 3.582439732551575
INFO:root:10 batches loss: 4.2482102632522585
INFO:root:10 batches loss: 3.717783522605896
INFO:root:10 batches loss: 3.659227156639099
INFO:root:10 batches loss: 3.9818528652191163
INFO:root:10 batches loss: 3.745924472808838
INFO:root:10 batches loss: 4.435551548004151
INFO:root:10 batches loss: 3.8072583436965943
INFO:root:10 batches loss: 3.839764714241028
INFO:root:10 batches loss: 3.6298038959503174
INFO:root:10 batches loss: 3.826542925834656
INFO:root:10 batches loss: 3.24413400888443
INFO:root:10 batches loss: 4.0975007057189945
INFO:root:10 batches loss: 3.552805542945862
INFO:root:10 batches loss: 3.7295856714248656
INFO:root:10 batches loss: 4.200694346427918
INFO:root:10 batches loss: 3.822269582748413
INFO:root:10 batches loss: 3.853276562690735
INFO:root:10 batches loss: 3.478395414352417
INFO:root:10 batches loss: 3.419316029548645
INFO:root:10 batches loss: 3.8024539232254027
INFO:root:10 batches loss: 3.7412487506866454
INFO:root:10 batches loss: 3.619601035118103
INFO:root:10 batches loss: 3.8164368867874146
INFO:root:10 batches loss: 3.724736523628235
INFO:root:10 batches loss: 4.3822132587432865
INFO:root:10 batches loss: 3.9630017042160035
INFO:root:10 batches loss: 3.6160547733306885
INFO:root:10 batches loss: 3.6236076831817625
INFO:root:10 batches loss: 3.9316069364547728
INFO:root:10 batches loss: 4.019449019432068
INFO:root:10 batches loss: 3.710678315162659
INFO:root:10 batches loss: 3.654723644256592
INFO:root:10 batches loss: 4.049146747589111
INFO:root:10 batches loss: 3.765099859237671
INFO:root:10 batches loss: 3.844679570198059
INFO:root:10 batches loss: 4.301105260848999
INFO:root:10 batches loss: 3.997704291343689
INFO:root:10 batches loss: 3.9555880069732665
INFO:root:10 batches loss: 3.8161075353622436
INFO:root:10 batches loss: 4.005980706214904
INFO:root:10 batches loss: 3.587385416030884
INFO:root:10 batches loss: 3.5520575523376463
INFO:root:10 batches loss: 3.539277744293213
INFO:root:10 batches loss: 3.5559603452682493
INFO:root:10 batches loss: 3.727735900878906
INFO:root:10 batches loss: 4.208732032775879
INFO:root:10 batches loss: 4.172720646858215
INFO:root:10 batches loss: 3.540827679634094
INFO:root:10 batches loss: 3.56813325881958
INFO:root:10 batches loss: 3.910779881477356
INFO:root:10 batches loss: 3.849941635131836
INFO:root:10 batches loss: 3.833141231536865
INFO:root:10 batches loss: 3.722663998603821
INFO:root:10 batches loss: 4.16629569530487
INFO:root:10 batches loss: 3.680912160873413
INFO:root:10 batches loss: 4.060795140266419
INFO:root:10 batches loss: 3.574596905708313
INFO:root:10 batches loss: 4.169314837455749
INFO:root:10 batches loss: 3.6656664848327636
INFO:root:10 batches loss: 3.9150850057601927
INFO:root:10 batches loss: 4.089357948303222
INFO:root:10 batches loss: 3.754984664916992
INFO:root:10 batches loss: 3.319591760635376
INFO:root:10 batches loss: 3.953074049949646
INFO:root:10 batches loss: 4.099178004264831
INFO:root:10 batches loss: 3.93095006942749
INFO:root:10 batches loss: 3.91827507019043
INFO:root:10 batches loss: 3.6477192401885987
INFO:root:10 batches loss: 3.7478615999221803
INFO:root:10 batches loss: 4.057531452178955
INFO:root:10 batches loss: 4.005679941177368
INFO:root:10 batches loss: 3.620858383178711
INFO:root:10 batches loss: 3.892779326438904
INFO:root:10 batches loss: 3.8689701080322267
INFO:root:10 batches loss: 3.785378861427307
INFO:root:10 batches loss: 3.9549957752227782
INFO:root:10 batches loss: 3.728683352470398
INFO:root:10 batches loss: 3.799919295310974
INFO:root:10 batches loss: 3.780418848991394
INFO:root:10 batches loss: 3.6831805229187013
INFO:root:10 batches loss: 3.6267369747161866
INFO:root:10 batches loss: 4.229696655273438
INFO:root:10 batches loss: 3.945805239677429
INFO:root:10 batches loss: 4.107279562950135
INFO:root:10 batches loss: 3.6453042030334473
INFO:root:10 batches loss: 3.857505536079407
INFO:root:10 batches loss: 3.744963002204895
INFO:root:10 batches loss: 3.59460027217865
INFO:root:10 batches loss: 3.788962721824646
INFO:root:10 batches loss: 3.544096660614014
INFO:root:10 batches loss: 3.703892374038696
INFO:root:10 batches loss: 3.7329822063446043
INFO:root:10 batches loss: 3.5091845750808717
INFO:root:10 batches loss: 3.492211472988129
INFO:root:10 batches loss: 3.82903311252594
INFO:root:10 batches loss: 3.829453468322754
INFO:root:10 batches loss: 4.4219828128814695
INFO:root:10 batches loss: 3.9902854681015016
INFO:root:10 batches loss: 3.9202476263046266
INFO:root:10 batches loss: 3.827832508087158
INFO:root:10 batches loss: 3.7190022230148316
INFO:root:10 batches loss: 3.731929063796997
INFO:root:10 batches loss: 4.06818208694458
INFO:root:10 batches loss: 3.6990441560745237
INFO:root:10 batches loss: 4.1236471176147464
INFO:root:10 batches loss: 3.918919014930725
INFO:root:10 batches loss: 3.5811346530914308
INFO:root:10 batches loss: 3.568742036819458
INFO:root:10 batches loss: 3.985117506980896
INFO:root:10 batches loss: 3.5942263841629027
INFO:root:10 batches loss: 3.4944785594940186
INFO:root:10 batches loss: 3.668397402763367
INFO:root:10 batches loss: 3.846388578414917
INFO:root:10 batches loss: 4.04349467754364
INFO:root:10 batches loss: 3.470114994049072
INFO:root:10 batches loss: 3.9072079181671144
INFO:root:10 batches loss: 4.040329480171204
INFO:root:10 batches loss: 4.038625264167786
INFO:root:10 batches loss: 3.7319594621658325
INFO:root:10 batches loss: 3.852889585494995
INFO:root:10 batches loss: 3.817544937133789
INFO:root:10 batches loss: 3.7347877979278565
INFO:root:10 batches loss: 3.68117470741272
INFO:root:10 batches loss: 3.699031710624695
INFO:root:10 batches loss: 3.642943811416626
INFO:root:10 batches loss: 3.4601542472839357
INFO:root:10 batches loss: 3.6330095291137696
INFO:root:10 batches loss: 3.840573763847351
INFO:root:10 batches loss: 3.9580138444900514
INFO:root:10 batches loss: 3.6644907712936403
INFO:root:10 batches loss: 3.2530163526535034
INFO:root:10 batches loss: 3.7216476678848265
INFO:root:10 batches loss: 3.580501914024353
INFO:root:10 batches loss: 3.723203921318054
INFO:root:10 batches loss: 3.7630744218826293
INFO:root:10 batches loss: 3.8901764154434204
INFO:root:10 batches loss: 3.672254037857056
INFO:root:10 batches loss: 3.8987313747406005
INFO:root:10 batches loss: 3.8513820648193358
INFO:root:10 batches loss: 3.586525011062622
INFO:root:10 batches loss: 3.6692670345306397
INFO:root:10 batches loss: 4.058985304832459
INFO:root:10 batches loss: 3.7360291957855223
INFO:root:10 batches loss: 3.5726478576660154
INFO:root:10 batches loss: 3.4924378395080566
INFO:root:10 batches loss: 3.648838472366333
INFO:root:10 batches loss: 3.6244133949279784
INFO:root:10 batches loss: 3.575792646408081
INFO:root:10 batches loss: 3.891573095321655
INFO:root:10 batches loss: 3.9569158792495727
INFO:root:10 batches loss: 3.692363142967224
INFO:root:10 batches loss: 3.5111870765686035
INFO:root:10 batches loss: 3.886210823059082
INFO:root:10 batches loss: 3.103000724315643
INFO:root:10 batches loss: 3.424192786216736
INFO:root:10 batches loss: 3.9004889488220216
INFO:root:10 batches loss: 3.591963052749634
INFO:root:10 batches loss: 4.02662992477417
INFO:root:10 batches loss: 3.738842415809631
INFO:root:10 batches loss: 3.658578324317932
INFO:root:10 batches loss: 4.093408012390137
INFO:root:10 batches loss: 3.9429446697235107
INFO:root:10 batches loss: 3.601340484619141
INFO:root:10 batches loss: 3.765098714828491
INFO:root:10 batches loss: 3.3774143934249876
INFO:root:10 batches loss: 3.4938079357147216
INFO:root:10 batches loss: 3.327876162528992
INFO:root:10 batches loss: 3.409796619415283
INFO:root:10 batches loss: 3.5287606716156006
INFO:root:10 batches loss: 4.32649827003479
INFO:root:10 batches loss: 3.947811818122864
INFO:root:10 batches loss: 3.68156316280365
INFO:root:10 batches loss: 3.6942824125289917
INFO:root:10 batches loss: 3.6632534980773928
INFO:root:10 batches loss: 3.717508864402771
INFO:root:10 batches loss: 4.048797249794006
INFO:root:10 batches loss: 3.808710289001465
INFO:root:10 batches loss: 3.657952976226807
INFO:root:10 batches loss: 3.549113059043884
INFO:root:10 batches loss: 3.428833818435669
INFO:root:10 batches loss: 4.211693382263183
INFO:root:10 batches loss: 3.653541612625122
INFO:root:10 batches loss: 3.6194539070129395
INFO:root:10 batches loss: 3.6733418464660645
INFO:root:10 batches loss: 3.705058240890503
INFO:root:10 batches loss: 3.6968454837799074
INFO:root:10 batches loss: 3.588334631919861
INFO:root:10 batches loss: 3.5594415187835695
INFO:root:10 batches loss: 3.7620539903640746
INFO:root:10 batches loss: 4.015475606918335
INFO:root:10 batches loss: 3.2161797285079956
INFO:root:10 batches loss: 3.6201894998550417
INFO:root:10 batches loss: 3.9961740493774416
INFO:root:10 batches loss: 4.201378560066223
INFO:root:10 batches loss: 3.8524823904037477
INFO:root:10 batches loss: 3.616538739204407
INFO:root:10 batches loss: 3.7463806867599487
INFO:root:10 batches loss: 3.5360813617706297
INFO:root:10 batches loss: 3.806155633926392
INFO:root:10 batches loss: 3.7533987283706667
INFO:root:10 batches loss: 3.660321259498596
INFO:root:10 batches loss: 3.880460262298584
INFO:root:10 batches loss: 3.37146635055542
INFO:root:10 batches loss: 3.1771272897720335
INFO:root:10 batches loss: 3.707168960571289
INFO:root:10 batches loss: 3.8431623458862303
INFO:root:10 batches loss: 3.5016221165657044
INFO:root:10 batches loss: 3.8045966386795045
INFO:root:10 batches loss: 3.354588484764099
INFO:root:10 batches loss: 3.597827982902527
INFO:root:10 batches loss: 3.6659617900848387
INFO:root:10 batches loss: 3.3736790657043456
INFO:root:10 batches loss: 3.585365724563599
INFO:root:10 batches loss: 3.151905119419098
INFO:root:10 batches loss: 3.7769891023635864
INFO:root:10 batches loss: 3.8856028079986573
INFO:root:10 batches loss: 3.526656913757324
INFO:root:10 batches loss: 4.10207097530365
INFO:root:10 batches loss: 3.694601035118103
INFO:root:10 batches loss: 3.6487514972686768
INFO:root:10 batches loss: 3.7115213871002197
INFO:root:10 batches loss: 3.8226857662200926
INFO:root:10 batches loss: 3.870576024055481
INFO:root:10 batches loss: 3.6897777318954468
INFO:root:10 batches loss: 3.811899518966675
INFO:root:10 batches loss: 3.8777947664260863
INFO:root:10 batches loss: 3.6981820821762086
INFO:root:10 batches loss: 3.9228525876998903
INFO:root:10 batches loss: 3.9160694122314452
INFO:root:10 batches loss: 3.233589243888855
INFO:root:10 batches loss: 3.8741711139678956
INFO:root:10 batches loss: 3.3539289951324465
INFO:root:10 batches loss: 3.9114424705505373
INFO:root:10 batches loss: 3.4034230589866636
INFO:root:10 batches loss: 3.7578954458236695
INFO:root:10 batches loss: 3.547492027282715
INFO:root:10 batches loss: 3.3188000679016114
INFO:root:10 batches loss: 3.1349548220634462
INFO:root:10 batches loss: 3.0717472195625306
INFO:root:10 batches loss: 3.6027413845062255
INFO:root:10 batches loss: 3.9285256624221803
INFO:root:10 batches loss: 3.95830442905426
INFO:root:10 batches loss: 3.79909143447876
INFO:root:10 batches loss: 3.58909387588501
INFO:root:10 batches loss: 3.329117035865784
INFO:root:10 batches loss: 3.8555217504501345
INFO:root:10 batches loss: 3.6447845697402954
INFO:root:10 batches loss: 3.3973222732543946
INFO:root:10 batches loss: 4.091429972648621
INFO:root:10 batches loss: 4.1985776901245115
INFO:root:10 batches loss: 4.254536294937134
INFO:root:10 batches loss: 3.8721746444702148
INFO:root:10 batches loss: 3.683106780052185
INFO:root:10 batches loss: 3.709682989120483
INFO:root:10 batches loss: 3.22087140083313
INFO:root:10 batches loss: 3.8978992223739626
INFO:root:10 batches loss: 4.061882567405701
INFO:root:10 batches loss: 3.6360830307006835
INFO:root:10 batches loss: 3.863872790336609
INFO:root:10 batches loss: 3.6419410943984984
INFO:root:10 batches loss: 3.5533436059951784
INFO:root:10 batches loss: 3.3247514247894285
INFO:root:10 batches loss: 4.241857266426086
INFO:root:10 batches loss: 3.619229030609131
INFO:root:10 batches loss: 3.7748817682266234
INFO:root:10 batches loss: 4.025287747383118
INFO:root:10 batches loss: 3.644604301452637
INFO:root:10 batches loss: 3.6362847805023195
INFO:root:10 batches loss: 3.8285399675369263
INFO:root:10 batches loss: 3.544804573059082
INFO:root:10 batches loss: 3.4690704345703125
INFO:root:10 batches loss: 3.5424824476242067
INFO:root:10 batches loss: 3.3210296869277953
INFO:root:10 batches loss: 3.509583616256714
INFO:root:10 batches loss: 3.4832635521888733
INFO:root:10 batches loss: 3.575337362289429
INFO:root:10 batches loss: 3.487152934074402
INFO:root:10 batches loss: 3.483468461036682
INFO:root:10 batches loss: 3.472949719429016
INFO:root:10 batches loss: 4.2193700790405275
INFO:root:10 batches loss: 3.9250403165817263
INFO:root:10 batches loss: 3.8904042720794676
INFO:root:10 batches loss: 3.7848759651184083
INFO:root:10 batches loss: 3.879947328567505
INFO:root:10 batches loss: 3.6156854152679445
INFO:root:10 batches loss: 4.003144383430481
INFO:root:10 batches loss: 3.639694094657898
INFO:root:10 batches loss: 3.633775544166565
INFO:root:10 batches loss: 3.939099979400635
INFO:root:10 batches loss: 3.6349028587341308
INFO:root:10 batches loss: 3.4995054721832277
INFO:root:10 batches loss: 3.594362759590149
INFO:root:10 batches loss: 3.5026065349578857
INFO:root:10 batches loss: 3.849872589111328
INFO:root:10 batches loss: 3.791334843635559
INFO:root:10 batches loss: 3.4124199390411376
INFO:root:10 batches loss: 3.616532063484192
INFO:root:10 batches loss: 3.667702651023865
INFO:root:10 batches loss: 3.552014374732971
INFO:root:10 batches loss: 3.4721059560775758
INFO:root:10 batches loss: 3.4446295619010927
INFO:root:10 batches loss: 3.446094441413879
INFO:root:10 batches loss: 3.7614176988601686
INFO:root:10 batches loss: 3.1917572736740114
INFO:root:10 batches loss: 3.365839695930481
INFO:root:10 batches loss: 3.623614501953125
INFO:root:10 batches loss: 3.7712790727615357
INFO:root:10 batches loss: 3.933196783065796
INFO:root:10 batches loss: 3.736534905433655
INFO:root:10 batches loss: 3.8284462451934815
INFO:root:10 batches loss: 3.123466193675995
INFO:root:10 batches loss: 3.719693636894226
INFO:root:10 batches loss: 3.7122742176055907
INFO:root:10 batches loss: 4.084840178489685
INFO:root:10 batches loss: 3.521626853942871
INFO:root:10 batches loss: 3.718518686294556
INFO:root:10 batches loss: 3.4866424798965454
INFO:root:10 batches loss: 3.5136871337890625
INFO:root:10 batches loss: 3.925749683380127
INFO:root:10 batches loss: 3.787832236289978
INFO:root:10 batches loss: 3.8638399839401245
INFO:root:10 batches loss: 3.7830811500549317
INFO:root:10 batches loss: 3.5097048759460447
INFO:root:10 batches loss: 3.621072196960449
INFO:root:10 batches loss: 3.812950015068054
INFO:root:10 batches loss: 2.955488753318787
INFO:root:10 batches loss: 3.605274701118469
INFO:root:10 batches loss: 3.6338422298431396
INFO:root:10 batches loss: 3.481042909622192
INFO:root:10 batches loss: 3.7966382265090943
INFO:root:10 batches loss: 3.551349711418152
INFO:root:10 batches loss: 3.4723212718963623
INFO:root:10 batches loss: 3.573175573348999
INFO:root:10 batches loss: 3.5366076946258547
INFO:root:10 batches loss: 3.3177193880081175
INFO:root:10 batches loss: 3.2694202661514282
INFO:root:10 batches loss: 3.955356311798096
INFO:root:10 batches loss: 3.6853859663009643
INFO:root:10 batches loss: 3.8213340759277346
INFO:root:10 batches loss: 4.021986770629883
INFO:root:10 batches loss: 3.661922001838684
INFO:root:10 batches loss: 3.787971615791321
INFO:root:10 batches loss: 3.8303996562957763
INFO:root:10 batches loss: 3.312527871131897
INFO:root:10 batches loss: 3.579516792297363
INFO:root:10 batches loss: 3.8997267723083495
INFO:root:10 batches loss: 3.8412875175476073
INFO:root:10 batches loss: 3.5311212062835695
INFO:root:10 batches loss: 3.638449788093567
INFO:root:10 batches loss: 3.898989772796631
INFO:root:10 batches loss: 3.7710521459579467
INFO:root:10 batches loss: 3.4021514654159546
INFO:root:10 batches loss: 3.765724849700928
INFO:root:10 batches loss: 4.022261786460876
INFO:root:10 batches loss: 3.773084211349487
INFO:root:10 batches loss: 3.790074276924133
INFO:root:10 batches loss: 3.3237557411193848
INFO:root:10 batches loss: 3.5729978561401365
INFO:root:10 batches loss: 3.57945773601532
INFO:root:10 batches loss: 3.5118834495544435
INFO:root:10 batches loss: 3.9503051042556763
INFO:root:10 batches loss: 3.0845593452453612
INFO:root:10 batches loss: 3.503253769874573
INFO:root:10 batches loss: 3.4882017612457275
INFO:root:10 batches loss: 3.4851328492164613
INFO:root:10 batches loss: 3.520580697059631
INFO:root:10 batches loss: 3.681160235404968
INFO:root:10 batches loss: 3.532523488998413
INFO:root:10 batches loss: 3.068641424179077
INFO:root:10 batches loss: 3.694076585769653
INFO:root:10 batches loss: 3.853828716278076
INFO:root:10 batches loss: 3.6160630226135253
INFO:root:10 batches loss: 3.582704710960388
INFO:root:10 batches loss: 3.4993873834609985
INFO:root:10 batches loss: 4.177035522460938
INFO:root:10 batches loss: 3.7090529680252073
INFO:root:10 batches loss: 3.687295985221863
INFO:root:10 batches loss: 3.9630467176437376
INFO:root:10 batches loss: 3.5965187311172486
INFO:root:10 batches loss: 3.676211357116699
INFO:root:10 batches loss: 3.3325927734375
INFO:root:10 batches loss: 3.905884790420532
INFO:root:10 batches loss: 3.350934100151062
INFO:root:10 batches loss: 3.5843286752700805
INFO:root:10 batches loss: 3.808456301689148
INFO:root:10 batches loss: 3.734537959098816
INFO:root:10 batches loss: 3.6768287897109984
INFO:root:10 batches loss: 3.3219460248947144
INFO:root:10 batches loss: 3.5443699836730955
INFO:root:10 batches loss: 3.867620313167572
INFO:root:10 batches loss: 3.299890232086182
INFO:root:10 batches loss: 3.413834571838379
INFO:root:10 batches loss: 3.6094847917556763
INFO:root:10 batches loss: 3.3946096658706666
INFO:root:10 batches loss: 4.217236590385437
INFO:root:10 batches loss: 3.819140338897705
INFO:root:10 batches loss: 3.62307345867157
INFO:root:10 batches loss: 3.7517558097839356
INFO:root:10 batches loss: 4.075366497039795
INFO:root:10 batches loss: 3.595360589027405
INFO:root:10 batches loss: 3.4416840076446533
INFO:root:10 batches loss: 3.4926201581954954
INFO:root:10 batches loss: 3.9646194219589233
INFO:root:10 batches loss: 3.4000936269760134
INFO:root:10 batches loss: 3.6086659908294676
INFO:root:10 batches loss: 3.0998966217041017
INFO:root:10 batches loss: 3.894308853149414
INFO:root:10 batches loss: 3.4178383588790893
INFO:root:10 batches loss: 3.432193565368652
INFO:root:10 batches loss: 3.3045948266983034
INFO:root:10 batches loss: 4.102357959747314
INFO:root:10 batches loss: 4.292146158218384
INFO:root:10 batches loss: 3.7328662633895875
INFO:root:10 batches loss: 3.3626813173294066
INFO:root:10 batches loss: 3.595586919784546
INFO:root:10 batches loss: 3.919004440307617
INFO:root:10 batches loss: 3.6070741176605225
INFO:root:10 batches loss: 3.595235991477966
INFO:root:10 batches loss: 3.696091413497925
INFO:root:10 batches loss: 3.290720522403717
INFO:root:10 batches loss: 3.662277412414551
INFO:root:10 batches loss: 3.4885634541511537
INFO:root:10 batches loss: 3.529885458946228
INFO:root:10 batches loss: 3.8769131183624266
INFO:root:10 batches loss: 3.759129047393799
INFO:root:10 batches loss: 3.6597939491271974
