INFO:root:===> Loading datasets
INFO:root:===> Building model
INFO:root:===> Training
INFO:root:Epoch 1
INFO:root:10 batches loss: 6.33237509727478
INFO:root:10 batches loss: 6.612853574752807
INFO:root:10 batches loss: 5.594029593467712
INFO:root:10 batches loss: 6.513071537017822
INFO:root:10 batches loss: 5.1365947246551515
INFO:root:10 batches loss: 6.1212972640991214
INFO:root:10 batches loss: 5.640832567214966
INFO:root:10 batches loss: 5.041020941734314
INFO:root:10 batches loss: 5.320845293998718
INFO:root:10 batches loss: 5.247940802574158
INFO:root:10 batches loss: 4.6902151823043825
INFO:root:10 batches loss: 3.949474203586578
INFO:root:10 batches loss: 4.961874651908874
INFO:root:10 batches loss: 4.238491153717041
INFO:root:10 batches loss: 4.82257821559906
INFO:root:10 batches loss: 4.412007737159729
INFO:root:10 batches loss: 4.075611782073975
INFO:root:10 batches loss: 4.39504644870758
INFO:root:10 batches loss: 4.113813900947571
INFO:root:10 batches loss: 4.520127940177917
INFO:root:10 batches loss: 4.357031464576721
INFO:root:10 batches loss: 4.279409122467041
INFO:root:10 batches loss: 4.380694794654846
INFO:root:10 batches loss: 4.326054859161377
INFO:root:10 batches loss: 4.061575651168823
INFO:root:10 batches loss: 4.284754705429077
INFO:root:10 batches loss: 4.0344463109970095
INFO:root:10 batches loss: 4.052377438545227
INFO:root:10 batches loss: 4.197504234313965
INFO:root:10 batches loss: 3.978990650177002
INFO:root:10 batches loss: 4.18073844909668
INFO:root:10 batches loss: 4.097473549842834
INFO:root:10 batches loss: 3.9921972513198853
INFO:root:10 batches loss: 4.106722187995911
INFO:root:10 batches loss: 3.8137823581695556
INFO:root:10 batches loss: 4.462176895141601
INFO:root:10 batches loss: 4.009342432022095
INFO:root:10 batches loss: 3.991270637512207
INFO:root:10 batches loss: 4.336487531661987
INFO:root:10 batches loss: 3.9585771560668945
INFO:root:10 batches loss: 4.125923609733581
INFO:root:10 batches loss: 4.237342047691345
INFO:root:10 batches loss: 4.320217156410218
INFO:root:10 batches loss: 4.321230936050415
INFO:root:10 batches loss: 3.8328978776931764
INFO:root:10 batches loss: 4.135375165939331
INFO:root:10 batches loss: 3.6935372591018676
INFO:root:10 batches loss: 4.037340831756592
INFO:root:10 batches loss: 3.6686288356781005
INFO:root:10 batches loss: 4.194571948051452
INFO:root:10 batches loss: 4.07074544429779
INFO:root:10 batches loss: 4.167556881904602
INFO:root:10 batches loss: 4.391017127037048
INFO:root:10 batches loss: 3.7789278268814086
INFO:root:10 batches loss: 3.72759153842926
INFO:root:10 batches loss: 3.866255855560303
INFO:root:10 batches loss: 3.808195209503174
INFO:root:10 batches loss: 3.7510989189147947
INFO:root:10 batches loss: 3.973424291610718
INFO:root:10 batches loss: 4.155767893791198
INFO:root:10 batches loss: 3.9051485300064086
INFO:root:10 batches loss: 3.9779853582382203
INFO:root:10 batches loss: 3.9289741277694703
INFO:root:10 batches loss: 4.074926280975342
INFO:root:10 batches loss: 3.628428053855896
INFO:root:10 batches loss: 4.1369763851165775
INFO:root:10 batches loss: 4.129573225975037
INFO:root:10 batches loss: 3.7380122184753417
INFO:root:10 batches loss: 4.057726955413818
INFO:root:10 batches loss: 4.289159107208252
INFO:root:10 batches loss: 3.858196997642517
INFO:root:10 batches loss: 4.059574580192566
INFO:root:10 batches loss: 3.9716214895248414
INFO:root:10 batches loss: 4.0279491424560545
INFO:root:10 batches loss: 4.062530422210694
INFO:root:10 batches loss: 4.014277386665344
INFO:root:10 batches loss: 3.8725633144378664
INFO:root:10 batches loss: 4.0565986156463625
INFO:root:10 batches loss: 4.13731803894043
INFO:root:10 batches loss: 3.8603404760360718
INFO:root:10 batches loss: 4.0775306224823
INFO:root:10 batches loss: 4.044716429710388
INFO:root:10 batches loss: 3.7901784658432005
INFO:root:10 batches loss: 3.7268557786941527
INFO:root:10 batches loss: 4.213940930366516
INFO:root:10 batches loss: 4.275809812545776
INFO:root:10 batches loss: 3.7742758989334106
INFO:root:10 batches loss: 4.099362516403199
INFO:root:10 batches loss: 4.14704430103302
INFO:root:10 batches loss: 4.224971890449524
INFO:root:10 batches loss: 4.062136316299439
INFO:root:10 batches loss: 4.150232243537903
INFO:root:10 batches loss: 3.9398067474365233
INFO:root:10 batches loss: 4.263336825370788
INFO:root:10 batches loss: 4.098050355911255
INFO:root:10 batches loss: 3.783830261230469
INFO:root:10 batches loss: 3.7718018531799316
INFO:root:10 batches loss: 3.9315101861953736
INFO:root:10 batches loss: 3.721176362037659
INFO:root:10 batches loss: 3.8612589597702027
INFO:root:10 batches loss: 4.131369400024414
INFO:root:10 batches loss: 4.004196262359619
INFO:root:10 batches loss: 3.7310367584228517
INFO:root:10 batches loss: 3.46503484249115
INFO:root:10 batches loss: 3.787327241897583
INFO:root:10 batches loss: 3.6407663345336916
INFO:root:10 batches loss: 3.7337668418884276
INFO:root:10 batches loss: 4.130391144752503
INFO:root:10 batches loss: 3.938586926460266
INFO:root:10 batches loss: 3.99071319103241
INFO:root:10 batches loss: 3.9945210933685305
INFO:root:10 batches loss: 3.8961031436920166
INFO:root:10 batches loss: 3.9514681339263915
INFO:root:10 batches loss: 3.7646106004714968
INFO:root:10 batches loss: 3.8820448875427247
INFO:root:10 batches loss: 3.861272358894348
INFO:root:10 batches loss: 4.305304980278015
INFO:root:10 batches loss: 3.9273367643356325
INFO:root:10 batches loss: 3.8303975105285644
INFO:root:10 batches loss: 4.180975818634034
INFO:root:10 batches loss: 3.5717167377471926
INFO:root:10 batches loss: 4.035439682006836
INFO:root:10 batches loss: 3.8781851053237917
INFO:root:10 batches loss: 3.9681957006454467
INFO:root:10 batches loss: 3.969580554962158
INFO:root:10 batches loss: 4.058454489707946
INFO:root:10 batches loss: 3.9019909143447875
INFO:root:10 batches loss: 4.480048060417175
INFO:root:10 batches loss: 3.574418783187866
INFO:root:10 batches loss: 4.073797512054443
INFO:root:10 batches loss: 4.061038780212402
INFO:root:10 batches loss: 3.779454565048218
INFO:root:10 batches loss: 3.8193411111831663
INFO:root:10 batches loss: 4.107172536849975
INFO:root:10 batches loss: 3.8344420909881594
INFO:root:10 batches loss: 4.036988353729248
INFO:root:10 batches loss: 4.033026933670044
INFO:root:10 batches loss: 3.6326072454452514
INFO:root:10 batches loss: 3.8496198415756226
INFO:root:10 batches loss: 3.918966364860535
INFO:root:10 batches loss: 3.9940383195877076
INFO:root:10 batches loss: 3.8778920650482176
INFO:root:10 batches loss: 3.948559522628784
INFO:root:10 batches loss: 4.099710464477539
INFO:root:10 batches loss: 3.9897027015686035
INFO:root:10 batches loss: 3.791704559326172
INFO:root:10 batches loss: 3.838703489303589
INFO:root:10 batches loss: 3.5891422986984254
INFO:root:10 batches loss: 4.004701614379883
INFO:root:10 batches loss: 3.643900489807129
INFO:root:10 batches loss: 3.724221181869507
INFO:root:10 batches loss: 4.110849285125733
INFO:root:10 batches loss: 3.718237352371216
INFO:root:10 batches loss: 3.8322628498077393
INFO:root:10 batches loss: 3.5635016202926635
INFO:root:10 batches loss: 4.212559008598328
INFO:root:10 batches loss: 3.6061105728149414
INFO:root:10 batches loss: 3.719127130508423
INFO:root:10 batches loss: 3.8320725917816163
INFO:root:10 batches loss: 3.8255335807800295
INFO:root:10 batches loss: 3.9513644695281984
INFO:root:10 batches loss: 3.8266842365264893
INFO:root:10 batches loss: 3.8361557006835936
INFO:root:10 batches loss: 3.7427039623260496
INFO:root:10 batches loss: 4.275513672828675
INFO:root:10 batches loss: 3.9925703763961793
INFO:root:10 batches loss: 4.202697491645813
INFO:root:10 batches loss: 3.9487119913101196
INFO:root:10 batches loss: 4.099032092094421
INFO:root:10 batches loss: 3.8361545324325563
INFO:root:10 batches loss: 3.9711883306503295
INFO:root:10 batches loss: 3.8959085941314697
INFO:root:10 batches loss: 3.7133475065231325
INFO:root:10 batches loss: 3.6350188970565798
INFO:root:10 batches loss: 3.619612693786621
INFO:root:10 batches loss: 3.4889349699020387
INFO:root:10 batches loss: 3.9090578079223635
INFO:root:10 batches loss: 4.102927947044373
INFO:root:10 batches loss: 3.671555733680725
INFO:root:10 batches loss: 3.9082252025604247
INFO:root:10 batches loss: 4.006458067893982
INFO:root:10 batches loss: 3.893101763725281
INFO:root:10 batches loss: 3.530383825302124
INFO:root:10 batches loss: 4.147471904754639
INFO:root:10 batches loss: 3.821810412406921
INFO:root:10 batches loss: 4.003922414779663
INFO:root:10 batches loss: 3.628905415534973
INFO:root:10 batches loss: 3.2127731800079347
INFO:root:10 batches loss: 4.186055302619934
INFO:root:10 batches loss: 4.218017983436584
INFO:root:10 batches loss: 3.531483221054077
INFO:root:10 batches loss: 3.9124182939529417
INFO:root:10 batches loss: 3.405048108100891
INFO:root:10 batches loss: 3.9389325380325317
INFO:root:10 batches loss: 4.211950016021729
INFO:root:10 batches loss: 3.8729699850082397
INFO:root:10 batches loss: 3.8436763048172
INFO:root:10 batches loss: 3.4771508455276487
INFO:root:10 batches loss: 3.8473793983459474
INFO:root:10 batches loss: 3.5323630571365356
INFO:root:10 batches loss: 3.985509252548218
INFO:root:10 batches loss: 3.972500967979431
INFO:root:10 batches loss: 3.74649293422699
INFO:root:10 batches loss: 3.879814624786377
INFO:root:10 batches loss: 3.695631217956543
INFO:root:10 batches loss: 4.1087236404418945
INFO:root:10 batches loss: 3.694144535064697
INFO:root:10 batches loss: 3.547607350349426
INFO:root:10 batches loss: 4.062581634521484
INFO:root:10 batches loss: 3.9876786947250364
INFO:root:10 batches loss: 3.7357251167297365
INFO:root:10 batches loss: 4.131203126907349
INFO:root:10 batches loss: 4.011281251907349
INFO:root:10 batches loss: 3.9688994169235228
INFO:root:10 batches loss: 3.8172765493392946
INFO:root:10 batches loss: 4.188100862503052
INFO:root:10 batches loss: 4.036545181274414
INFO:root:10 batches loss: 3.8715975522994994
INFO:root:10 batches loss: 3.713124704360962
INFO:root:10 batches loss: 4.074794816970825
INFO:root:10 batches loss: 3.8851339340209963
INFO:root:10 batches loss: 3.570209240913391
INFO:root:10 batches loss: 3.7322967767715456
INFO:root:10 batches loss: 3.798594069480896
INFO:root:10 batches loss: 4.037824511528015
INFO:root:10 batches loss: 3.8872369289398194
INFO:root:10 batches loss: 4.1123675346374515
INFO:root:10 batches loss: 3.921554136276245
INFO:root:10 batches loss: 3.9626224040985107
INFO:root:10 batches loss: 3.8865880966186523
INFO:root:10 batches loss: 3.884860134124756
INFO:root:10 batches loss: 3.5950030088424683
INFO:root:10 batches loss: 4.115197491645813
INFO:root:10 batches loss: 3.8253030300140383
INFO:root:10 batches loss: 3.856874942779541
INFO:root:10 batches loss: 3.462601590156555
INFO:root:10 batches loss: 4.097854351997375
INFO:root:10 batches loss: 4.067438292503357
INFO:root:10 batches loss: 3.844737148284912
INFO:root:10 batches loss: 3.8670711278915406
INFO:root:10 batches loss: 3.63455445766449
INFO:root:10 batches loss: 3.4103109359741213
INFO:root:10 batches loss: 3.9521804332733153
INFO:root:10 batches loss: 3.8588416814804076
INFO:root:10 batches loss: 3.713847041130066
INFO:root:10 batches loss: 3.838438105583191
INFO:root:10 batches loss: 3.824258303642273
INFO:root:10 batches loss: 3.601032590866089
INFO:root:10 batches loss: 3.7630501985549927
INFO:root:10 batches loss: 3.938797926902771
INFO:root:10 batches loss: 3.955499458312988
INFO:root:10 batches loss: 3.90229754447937
INFO:root:10 batches loss: 3.733461880683899
INFO:root:10 batches loss: 3.803922748565674
INFO:root:10 batches loss: 3.8526934385299683
INFO:root:10 batches loss: 3.715622401237488
INFO:root:10 batches loss: 3.7725833654403687
INFO:root:10 batches loss: 3.891012263298035
INFO:root:10 batches loss: 3.7087159633636473
INFO:root:10 batches loss: 3.588794004917145
INFO:root:10 batches loss: 3.983850932121277
INFO:root:10 batches loss: 4.142242908477783
INFO:root:10 batches loss: 3.9867655992507935
INFO:root:10 batches loss: 3.410169315338135
INFO:root:10 batches loss: 3.588896465301514
INFO:root:10 batches loss: 3.5284817695617674
INFO:root:10 batches loss: 3.7817089796066283
INFO:root:10 batches loss: 3.4032895088195803
INFO:root:10 batches loss: 3.9093904733657836
INFO:root:10 batches loss: 3.780607318878174
INFO:root:10 batches loss: 4.140898513793945
INFO:root:10 batches loss: 3.9269026041030886
INFO:root:10 batches loss: 3.7233397006988525
INFO:root:10 batches loss: 3.551714062690735
INFO:root:10 batches loss: 3.5060440063476563
INFO:root:10 batches loss: 4.232053351402283
INFO:root:10 batches loss: 3.8809293508529663
INFO:root:10 batches loss: 3.4949824810028076
INFO:root:10 batches loss: 3.6880786180496217
INFO:root:10 batches loss: 3.6739779472351075
INFO:root:10 batches loss: 3.8538530588150026
INFO:root:10 batches loss: 3.8641157388687133
INFO:root:10 batches loss: 4.094018054008484
INFO:root:10 batches loss: 4.086576581001282
INFO:root:10 batches loss: 3.918334937095642
INFO:root:10 batches loss: 3.7010088205337524
INFO:root:10 batches loss: 3.424748086929321
INFO:root:10 batches loss: 3.654821825027466
INFO:root:10 batches loss: 3.924387264251709
INFO:root:10 batches loss: 3.8702941656112673
INFO:root:10 batches loss: 3.685048460960388
INFO:root:10 batches loss: 4.0735643863677975
INFO:root:10 batches loss: 3.898804950714111
INFO:root:10 batches loss: 3.539257788658142
INFO:root:10 batches loss: 3.939933180809021
INFO:root:10 batches loss: 3.770967888832092
INFO:root:10 batches loss: 3.855472040176392
INFO:root:10 batches loss: 3.9629546403884888
INFO:root:10 batches loss: 3.5748321056365966
INFO:root:10 batches loss: 3.8398047924041747
INFO:root:10 batches loss: 3.767708969116211
INFO:root:10 batches loss: 3.9693310976028444
INFO:root:10 batches loss: 3.88517427444458
INFO:root:10 batches loss: 3.6918185234069822
INFO:root:10 batches loss: 3.6624001264572144
INFO:root:10 batches loss: 4.119403576850891
INFO:root:10 batches loss: 3.9571030855178835
INFO:root:10 batches loss: 3.417353296279907
INFO:root:10 batches loss: 3.8610755681991575
INFO:root:10 batches loss: 3.91821665763855
INFO:root:10 batches loss: 3.861892247200012
INFO:root:10 batches loss: 3.656186652183533
INFO:root:10 batches loss: 4.02340190410614
INFO:root:10 batches loss: 3.421443963050842
INFO:root:10 batches loss: 3.7291613101959227
INFO:root:10 batches loss: 4.0063886642456055
INFO:root:10 batches loss: 3.8829785346984864
INFO:root:10 batches loss: 3.6051721572875977
INFO:root:10 batches loss: 3.766090488433838
INFO:root:10 batches loss: 3.936147999763489
INFO:root:10 batches loss: 3.5222108602523803
INFO:root:10 batches loss: 3.6454159736633303
INFO:root:10 batches loss: 4.102275824546814
INFO:root:10 batches loss: 3.7511334657669066
INFO:root:10 batches loss: 3.6738544702529907
INFO:root:10 batches loss: 3.640325427055359
INFO:root:10 batches loss: 3.879788374900818
INFO:root:10 batches loss: 3.9774653196334837
INFO:root:10 batches loss: 4.1629788160324095
INFO:root:10 batches loss: 3.9042776584625245
INFO:root:10 batches loss: 3.5862590789794924
INFO:root:10 batches loss: 3.7061665058135986
INFO:root:10 batches loss: 3.7268497943878174
INFO:root:10 batches loss: 4.026825475692749
INFO:root:10 batches loss: 3.4565940141677856
INFO:root:10 batches loss: 3.53829140663147
INFO:root:10 batches loss: 4.036206984519959
INFO:root:10 batches loss: 3.8904714822769164
INFO:root:10 batches loss: 3.8938746452331543
INFO:root:10 batches loss: 3.973269820213318
INFO:root:10 batches loss: 3.7233791828155516
INFO:root:10 batches loss: 3.89496431350708
INFO:root:10 batches loss: 3.3064114332199095
INFO:root:10 batches loss: 3.860768365859985
INFO:root:10 batches loss: 3.8299444198608397
INFO:root:10 batches loss: 3.71729462146759
INFO:root:10 batches loss: 3.6789892673492433
INFO:root:10 batches loss: 3.9992200136184692
INFO:root:10 batches loss: 3.420279359817505
INFO:root:10 batches loss: 3.4816413164138793
INFO:root:10 batches loss: 3.6082753896713258
INFO:root:10 batches loss: 3.8920525550842284
INFO:root:10 batches loss: 4.128328847885132
INFO:root:10 batches loss: 3.7744426488876344
INFO:root:10 batches loss: 3.7477697849273683
INFO:root:10 batches loss: 3.9151609182357787
INFO:root:10 batches loss: 3.9963317632675173
INFO:root:10 batches loss: 3.868807792663574
INFO:root:10 batches loss: 3.792064833641052
INFO:root:10 batches loss: 4.006177997589111
INFO:root:10 batches loss: 4.009904861450195
INFO:root:10 batches loss: 4.244323968887329
INFO:root:10 batches loss: 3.8048166751861574
INFO:root:10 batches loss: 3.7092145681381226
INFO:root:10 batches loss: 3.684031915664673
INFO:root:10 batches loss: 3.8132125616073607
INFO:root:10 batches loss: 3.941207456588745
INFO:root:10 batches loss: 3.9542092084884644
INFO:root:10 batches loss: 3.598685646057129
INFO:root:10 batches loss: 4.182765698432922
INFO:root:10 batches loss: 3.891468334197998
INFO:root:10 batches loss: 3.800435996055603
INFO:root:10 batches loss: 3.8747409343719483
INFO:root:10 batches loss: 4.061853551864624
INFO:root:10 batches loss: 3.8296340703964233
INFO:root:10 batches loss: 3.7258517503738404
INFO:root:10 batches loss: 3.841790270805359
INFO:root:10 batches loss: 3.868450570106506
INFO:root:10 batches loss: 3.670429229736328
INFO:root:10 batches loss: 3.9096391916275026
INFO:root:10 batches loss: 3.9005549907684327
INFO:root:10 batches loss: 3.818890357017517
INFO:root:10 batches loss: 3.59864981174469
INFO:root:10 batches loss: 3.5399422645568848
INFO:root:10 batches loss: 3.347193193435669
INFO:root:10 batches loss: 3.1407618641853334
INFO:root:10 batches loss: 3.7410622596740724
INFO:root:10 batches loss: 3.586287569999695
INFO:root:10 batches loss: 3.622324252128601
INFO:root:10 batches loss: 3.8607101440429688
INFO:root:10 batches loss: 3.9139367580413817
INFO:root:10 batches loss: 3.7754363059997558
INFO:root:10 batches loss: 3.8408610105514525
INFO:root:10 batches loss: 3.737409973144531
INFO:root:10 batches loss: 3.7285588502883913
INFO:root:10 batches loss: 3.543400430679321
INFO:root:10 batches loss: 3.689754581451416
INFO:root:10 batches loss: 3.8947344064712524
INFO:root:10 batches loss: 3.7689321041107178
INFO:root:10 batches loss: 3.876344919204712
INFO:root:10 batches loss: 3.758343529701233
INFO:root:10 batches loss: 3.5955246448516847
INFO:root:10 batches loss: 4.297780466079712
INFO:root:10 batches loss: 3.6600786209106446
INFO:root:10 batches loss: 3.8819610357284544
INFO:root:10 batches loss: 3.6543205976486206
INFO:root:10 batches loss: 3.4733315229415895
INFO:root:10 batches loss: 3.545747423171997
INFO:root:10 batches loss: 3.8301796197891234
INFO:root:10 batches loss: 3.2538904905319215
INFO:root:10 batches loss: 3.6188984632492067
INFO:root:10 batches loss: 3.8775875568389893
INFO:root:10 batches loss: 3.645080876350403
INFO:root:10 batches loss: 4.144955968856811
INFO:root:10 batches loss: 3.5842599391937258
INFO:root:10 batches loss: 3.888092517852783
INFO:root:10 batches loss: 4.017587757110595
INFO:root:10 batches loss: 3.8650518894195556
INFO:root:10 batches loss: 3.3584604978561403
INFO:root:10 batches loss: 3.604355812072754
INFO:root:10 batches loss: 3.886090874671936
INFO:root:10 batches loss: 3.7501327276229857
INFO:root:10 batches loss: 3.903496742248535
INFO:root:10 batches loss: 3.53418653011322
INFO:root:10 batches loss: 3.3994625091552733
INFO:root:10 batches loss: 3.3751582860946656
INFO:root:10 batches loss: 3.3705032587051393
INFO:root:10 batches loss: 3.634589958190918
INFO:root:10 batches loss: 4.037609100341797
INFO:root:10 batches loss: 3.880065751075745
INFO:root:10 batches loss: 3.8086713790893554
INFO:root:10 batches loss: 3.771634554862976
INFO:root:10 batches loss: 3.757291555404663
INFO:root:10 batches loss: 3.731225824356079
INFO:root:10 batches loss: 3.2456219673156737
INFO:root:10 batches loss: 4.2264567613601685
INFO:root:10 batches loss: 3.7895370006561278
INFO:root:10 batches loss: 3.6053453207015993
INFO:root:10 batches loss: 3.3324305772781373
INFO:root:10 batches loss: 3.542007899284363
INFO:root:10 batches loss: 3.955938935279846
INFO:root:10 batches loss: 3.732744240760803
INFO:root:10 batches loss: 3.730829191207886
INFO:root:10 batches loss: 3.974199676513672
INFO:root:10 batches loss: 3.7926447868347166
INFO:root:10 batches loss: 3.9955370903015135
INFO:root:10 batches loss: 3.8266056060791014
INFO:root:10 batches loss: 4.006057715415954
INFO:root:10 batches loss: 3.882612371444702
INFO:root:10 batches loss: 3.5772598028182983
INFO:root:10 batches loss: 3.957621216773987
INFO:root:10 batches loss: 3.583997869491577
INFO:root:10 batches loss: 3.7420349597930906
INFO:root:10 batches loss: 4.0242246866226195
INFO:root:10 batches loss: 3.7553401947021485
INFO:root:10 batches loss: 4.016657161712646
INFO:root:10 batches loss: 3.2713289737701414
INFO:root:10 batches loss: 3.5970145225524903
INFO:root:10 batches loss: 3.4481346130371096
INFO:root:10 batches loss: 3.5079521894454957
INFO:root:10 batches loss: 3.9534775257110595
INFO:root:10 batches loss: 3.8458861112594604
INFO:root:10 batches loss: 3.6463834047317505
INFO:root:10 batches loss: 3.2327213883399963
INFO:root:10 batches loss: 3.6764835357666015
INFO:root:10 batches loss: 4.181912922859192
INFO:root:10 batches loss: 3.3229652762413027
INFO:root:10 batches loss: 3.303521013259888
INFO:root:10 batches loss: 3.9426176071166994
INFO:root:10 batches loss: 3.711432194709778
INFO:root:10 batches loss: 3.6027413606643677
INFO:root:10 batches loss: 3.3691741466522216
INFO:root:10 batches loss: 3.5170513868331907
INFO:root:10 batches loss: 3.4724127054214478
INFO:root:10 batches loss: 3.811288666725159
INFO:root:10 batches loss: 3.6410545110702515
INFO:root:10 batches loss: 3.329929780960083
INFO:root:10 batches loss: 3.622407245635986
INFO:root:10 batches loss: 3.404383659362793
INFO:root:10 batches loss: 3.864667296409607
INFO:root:10 batches loss: 3.368282103538513
INFO:root:10 batches loss: 3.802779698371887
INFO:root:10 batches loss: 4.165928149223328
INFO:root:10 batches loss: 4.036884355545044
INFO:root:10 batches loss: 3.6625693798065186
INFO:root:10 batches loss: 3.5100460052490234
INFO:root:10 batches loss: 3.860918474197388
INFO:root:10 batches loss: 3.8175848722457886
INFO:root:10 batches loss: 3.718518853187561
INFO:root:10 batches loss: 3.503945469856262
INFO:root:10 batches loss: 3.4001516580581663
INFO:root:10 batches loss: 3.6742608308792115
INFO:root:10 batches loss: 4.2183034181594845
INFO:root:10 batches loss: 3.5747662782669067
INFO:root:10 batches loss: 3.917018508911133
INFO:root:10 batches loss: 4.320579934120178
INFO:root:10 batches loss: 3.2926031827926634
INFO:root:10 batches loss: 3.5248186588287354
INFO:root:10 batches loss: 3.8360447883605957
INFO:root:10 batches loss: 3.9728261470794677
INFO:root:10 batches loss: 3.8704364776611326
INFO:root:10 batches loss: 3.6662965416908264
INFO:root:10 batches loss: 3.519758129119873
INFO:root:10 batches loss: 3.969277048110962
INFO:root:10 batches loss: 3.8493706226348876
INFO:root:10 batches loss: 3.5722580909729005
INFO:root:10 batches loss: 3.7269474029541017
INFO:root:10 batches loss: 3.7797417402267457
INFO:root:10 batches loss: 3.6756415367126465
INFO:root:10 batches loss: 3.132119917869568
INFO:root:10 batches loss: 3.3915159702301025
INFO:root:10 batches loss: 3.8632500171661377
INFO:root:10 batches loss: 3.5714403629302978
INFO:root:10 batches loss: 3.349103832244873
INFO:root:10 batches loss: 3.450471019744873
INFO:root:10 batches loss: 3.541017007827759
INFO:root:10 batches loss: 3.8425604343414306
INFO:root:10 batches loss: 3.2871937990188598
INFO:root:10 batches loss: 3.5364165782928465
INFO:root:10 batches loss: 3.6753174543380736
INFO:root:10 batches loss: 3.8249608993530275
INFO:root:10 batches loss: 3.647732710838318
INFO:root:10 batches loss: 3.9404578685760496
INFO:root:10 batches loss: 3.85518741607666
INFO:root:10 batches loss: 3.6781728267669678
INFO:root:10 batches loss: 3.825616645812988
INFO:root:10 batches loss: 3.7454066038131715
INFO:root:10 batches loss: 3.7176987290382386
INFO:root:10 batches loss: 3.69724326133728
INFO:root:10 batches loss: 3.8693813562393187
INFO:root:10 batches loss: 3.380866527557373
INFO:root:10 batches loss: 3.703746867179871
INFO:root:10 batches loss: 3.9077787160873414
INFO:root:10 batches loss: 3.6409777402877808
INFO:root:10 batches loss: 3.8740699768066404
INFO:root:10 batches loss: 3.6025384187698366
INFO:root:10 batches loss: 3.7564014434814452
INFO:root:10 batches loss: 3.6583529114723206
INFO:root:10 batches loss: 3.3420100688934324
INFO:root:10 batches loss: 3.5367196559906007
INFO:root:10 batches loss: 3.7122368812561035
INFO:root:10 batches loss: 3.4982990264892577
INFO:root:10 batches loss: 3.1221431493759155
INFO:root:10 batches loss: 3.669770050048828
INFO:root:10 batches loss: 3.520065951347351
INFO:root:10 batches loss: 4.297581624984741
INFO:root:10 batches loss: 3.425665020942688
INFO:root:10 batches loss: 4.072748374938965
INFO:root:10 batches loss: 3.550238537788391
INFO:root:10 batches loss: 4.131254696846009
INFO:root:10 batches loss: 3.8826606273651123
INFO:root:10 batches loss: 3.5284421920776365
INFO:root:10 batches loss: 3.5158849477767946
INFO:root:10 batches loss: 3.297495460510254
INFO:root:10 batches loss: 3.724304270744324
INFO:root:10 batches loss: 4.079425883293152
INFO:root:10 batches loss: 3.520293402671814
INFO:root:10 batches loss: 3.6489221096038817
INFO:root:10 batches loss: 3.8061962842941286
INFO:root:10 batches loss: 3.487384486198425
INFO:root:10 batches loss: 3.988925814628601
INFO:root:10 batches loss: 3.6268715858459473
INFO:root:10 batches loss: 3.891679573059082
INFO:root:10 batches loss: 3.668911504745483
INFO:root:10 batches loss: 3.6499834775924684
INFO:root:10 batches loss: 3.485144567489624
INFO:root:10 batches loss: 3.842464232444763
INFO:root:10 batches loss: 3.294752335548401
INFO:root:10 batches loss: 3.743860149383545
INFO:root:10 batches loss: 3.554658532142639
INFO:root:10 batches loss: 3.5387779474258423
INFO:root:10 batches loss: 3.656998562812805
INFO:root:10 batches loss: 3.9436580896377564
INFO:root:10 batches loss: 3.8130059003829957
INFO:root:10 batches loss: 3.840714526176453
INFO:root:10 batches loss: 3.7603134155273437
INFO:root:10 batches loss: 3.6164760828018188
INFO:root:10 batches loss: 3.9426962614059446
INFO:root:10 batches loss: 3.489562439918518
INFO:root:10 batches loss: 3.7013312339782716
INFO:root:10 batches loss: 4.0454699993133545
INFO:root:10 batches loss: 3.59004545211792
INFO:root:10 batches loss: 3.4843483924865724
INFO:root:10 batches loss: 3.576238584518433
INFO:root:10 batches loss: 3.4532270431518555
INFO:root:10 batches loss: 3.4414262771606445
INFO:root:10 batches loss: 3.729199707508087
INFO:root:10 batches loss: 3.6588531970977782
INFO:root:10 batches loss: 3.6150346994400024
INFO:root:10 batches loss: 3.680965209007263
INFO:root:10 batches loss: 4.085808300971985
INFO:root:10 batches loss: 3.721435785293579
INFO:root:10 batches loss: 3.5596834421157837
INFO:root:10 batches loss: 3.451188826560974
INFO:root:10 batches loss: 3.39763400554657
INFO:root:10 batches loss: 3.1519429445266725
INFO:root:10 batches loss: 3.4623900771141054
INFO:root:10 batches loss: 3.4452840805053713
INFO:root:10 batches loss: 3.585410404205322
INFO:root:10 batches loss: 3.4117258310317995
INFO:root:10 batches loss: 4.262684607505799
INFO:root:10 batches loss: 3.5941970586776733
INFO:root:10 batches loss: 3.3474993467330934
INFO:root:10 batches loss: 3.1552022457122804
INFO:root:10 batches loss: 3.880507206916809
INFO:root:10 batches loss: 3.3526739358901976
INFO:root:10 batches loss: 3.6533107280731203
INFO:root:10 batches loss: 3.787650489807129
INFO:root:10 batches loss: 3.5620611190795897
INFO:root:10 batches loss: 3.546785807609558
INFO:root:10 batches loss: 3.64183669090271
INFO:root:10 batches loss: 3.689357542991638
INFO:root:10 batches loss: 3.5047104597091674
INFO:root:10 batches loss: 3.6465126991271974
INFO:root:10 batches loss: 3.0560477018356322
INFO:root:10 batches loss: 3.4565412044525146
INFO:root:10 batches loss: 3.4053454279899595
INFO:root:10 batches loss: 3.936770296096802
INFO:root:10 batches loss: 3.707968020439148
INFO:root:10 batches loss: 3.774427032470703
INFO:root:10 batches loss: 3.5337692737579345
INFO:root:10 batches loss: 3.540787696838379
INFO:root:10 batches loss: 3.725314497947693
INFO:root:Train loss at the end of the epoch: 23938.078976988792
INFO:root:Validation accuracy: 9.23076923076923
INFO:root:Epoch 2
INFO:root:10 batches loss: 3.9277541399002076
INFO:root:10 batches loss: 3.0312989950180054
INFO:root:10 batches loss: 3.6536343812942507
INFO:root:10 batches loss: 3.5528987407684327
INFO:root:10 batches loss: 3.210555624961853
INFO:root:10 batches loss: 3.898280644416809
INFO:root:10 batches loss: 3.619015169143677
INFO:root:10 batches loss: 3.5002623796463013
INFO:root:10 batches loss: 3.355025029182434
INFO:root:10 batches loss: 3.46593691110611
INFO:root:10 batches loss: 3.67622766494751
INFO:root:10 batches loss: 3.3224828243255615
INFO:root:10 batches loss: 3.3112313508987428
INFO:root:10 batches loss: 2.930780839920044
INFO:root:10 batches loss: 3.506696617603302
INFO:root:10 batches loss: 2.8813061714172363
INFO:root:10 batches loss: 3.7015410661697388
INFO:root:10 batches loss: 3.6271437883377073
INFO:root:10 batches loss: 3.3145376443862915
INFO:root:10 batches loss: 3.259666681289673
INFO:root:10 batches loss: 3.6976844549179075
INFO:root:10 batches loss: 3.623074841499329
INFO:root:10 batches loss: 3.5530179262161257
INFO:root:10 batches loss: 3.3413991689682008
INFO:root:10 batches loss: 3.3239386558532713
INFO:root:10 batches loss: 3.002624142169952
INFO:root:10 batches loss: 3.3662290930747987
INFO:root:10 batches loss: 3.6877743721008303
INFO:root:10 batches loss: 3.0515371441841124
INFO:root:10 batches loss: 3.802122640609741
INFO:root:10 batches loss: 2.9969959020614625
INFO:root:10 batches loss: 3.1563714504241944
INFO:root:10 batches loss: 3.343756008148193
INFO:root:10 batches loss: 3.4281457901000976
INFO:root:10 batches loss: 3.591737389564514
INFO:root:10 batches loss: 3.0061431407928465
INFO:root:10 batches loss: 3.522063505649567
INFO:root:10 batches loss: 3.5092777490615843
INFO:root:10 batches loss: 3.963161301612854
INFO:root:10 batches loss: 3.2383864164352416
INFO:root:10 batches loss: 3.929874634742737
INFO:root:10 batches loss: 3.016297936439514
INFO:root:10 batches loss: 3.2558666586875917
INFO:root:10 batches loss: 3.5935373067855836
INFO:root:10 batches loss: 3.1184463262557984
INFO:root:10 batches loss: 3.4564954042434692
INFO:root:10 batches loss: 3.433417093753815
INFO:root:10 batches loss: 3.3037723779678343
INFO:root:10 batches loss: 3.312430572509766
INFO:root:10 batches loss: 2.753931665420532
INFO:root:10 batches loss: 2.954046869277954
INFO:root:10 batches loss: 3.172724747657776
INFO:root:10 batches loss: 3.2232720494270324
INFO:root:10 batches loss: 3.09809832572937
INFO:root:10 batches loss: 3.5774343252182006
INFO:root:10 batches loss: 4.069807457923889
INFO:root:10 batches loss: 3.6298529624938967
INFO:root:10 batches loss: 3.743879866600037
INFO:root:10 batches loss: 3.407059359550476
INFO:root:10 batches loss: 3.302808403968811
INFO:root:10 batches loss: 3.2314623832702636
INFO:root:10 batches loss: 3.294905686378479
INFO:root:10 batches loss: 3.5922188997268676
INFO:root:10 batches loss: 3.7284729719161986
INFO:root:10 batches loss: 4.030369281768799
INFO:root:10 batches loss: 3.215070629119873
INFO:root:10 batches loss: 3.417473554611206
INFO:root:10 batches loss: 3.6249852895736696
INFO:root:10 batches loss: 2.9908928632736207
INFO:root:10 batches loss: 3.4927194833755495
INFO:root:10 batches loss: 2.866388666629791
INFO:root:10 batches loss: 3.4141074895858763
INFO:root:10 batches loss: 3.6796993732452394
INFO:root:10 batches loss: 3.3506716966629027
INFO:root:10 batches loss: 3.600291037559509
INFO:root:10 batches loss: 3.566603899002075
INFO:root:10 batches loss: 3.402309465408325
INFO:root:10 batches loss: 3.1359634399414062
INFO:root:10 batches loss: 3.718496537208557
INFO:root:10 batches loss: 3.8151090860366823
INFO:root:10 batches loss: 3.2425974130630495
INFO:root:10 batches loss: 3.5356666088104247
INFO:root:10 batches loss: 3.350333535671234
INFO:root:10 batches loss: 2.9189064502716064
INFO:root:10 batches loss: 3.4373605251312256
INFO:root:10 batches loss: 3.601375198364258
INFO:root:10 batches loss: 3.5582386016845704
INFO:root:10 batches loss: 3.861404371261597
INFO:root:10 batches loss: 3.293530797958374
INFO:root:10 batches loss: 3.245488095283508
INFO:root:10 batches loss: 3.2754775047302247
INFO:root:10 batches loss: 3.0838355302810667
INFO:root:10 batches loss: 3.2681450724601744
INFO:root:10 batches loss: 3.2668110847473146
INFO:root:10 batches loss: 3.8397687673568726
INFO:root:10 batches loss: 3.2863901615142823
INFO:root:10 batches loss: 3.6332030296325684
INFO:root:10 batches loss: 3.669912552833557
INFO:root:10 batches loss: 3.693211483955383
INFO:root:10 batches loss: 3.2990333795547486
INFO:root:10 batches loss: 3.1327285885810854
INFO:root:10 batches loss: 3.6252620697021483
INFO:root:10 batches loss: 2.841819906234741
INFO:root:10 batches loss: 3.7047564029693603
INFO:root:10 batches loss: 3.7663931369781496
INFO:root:10 batches loss: 3.2497119665145875
INFO:root:10 batches loss: 3.1192039489746093
INFO:root:10 batches loss: 3.469946765899658
INFO:root:10 batches loss: 3.3802756786346437
INFO:root:10 batches loss: 3.3826619386672974
INFO:root:10 batches loss: 3.2255625486373902
INFO:root:10 batches loss: 3.6107562303543093
INFO:root:10 batches loss: 3.0065109491348267
INFO:root:10 batches loss: 3.100689423084259
INFO:root:10 batches loss: 3.056843638420105
INFO:root:10 batches loss: 3.5258769512176515
INFO:root:10 batches loss: 3.693874454498291
INFO:root:10 batches loss: 3.442089080810547
INFO:root:10 batches loss: 3.2910977244377135
INFO:root:10 batches loss: 3.0247053146362304
INFO:root:10 batches loss: 3.5342156052589417
INFO:root:10 batches loss: 3.004586863517761
INFO:root:10 batches loss: 3.1818793058395385
INFO:root:10 batches loss: 3.3396081209182737
INFO:root:10 batches loss: 3.573254871368408
INFO:root:10 batches loss: 3.549795985221863
INFO:root:10 batches loss: 3.537923049926758
INFO:root:10 batches loss: 3.6104596495628356
INFO:root:10 batches loss: 3.485154461860657
INFO:root:10 batches loss: 3.876427721977234
INFO:root:10 batches loss: 3.117038834095001
INFO:root:10 batches loss: 3.397456479072571
INFO:root:10 batches loss: 3.7029325008392333
INFO:root:10 batches loss: 3.5225457191467284
INFO:root:10 batches loss: 3.6005454540252684
INFO:root:10 batches loss: 3.698459100723267
INFO:root:10 batches loss: 3.0205642938613892
INFO:root:10 batches loss: 2.8925204634666444
INFO:root:10 batches loss: 3.268630874156952
INFO:root:10 batches loss: 3.2101696848869326
INFO:root:10 batches loss: 3.8278791904449463
INFO:root:10 batches loss: 3.5691301822662354
INFO:root:10 batches loss: 3.545220136642456
INFO:root:10 batches loss: 3.738916039466858
INFO:root:10 batches loss: 3.6875515460968016
INFO:root:10 batches loss: 3.5116463184356688
INFO:root:10 batches loss: 3.1199047803878783
INFO:root:10 batches loss: 3.1914404153823854
INFO:root:10 batches loss: 2.8561638593673706
INFO:root:10 batches loss: 3.2139753103256226
INFO:root:10 batches loss: 3.295512926578522
INFO:root:10 batches loss: 3.370545268058777
INFO:root:10 batches loss: 3.7043089866638184
INFO:root:10 batches loss: 3.2007766485214235
INFO:root:10 batches loss: 3.091168236732483
INFO:root:10 batches loss: 3.327737236022949
INFO:root:10 batches loss: 3.1932833671569822
INFO:root:10 batches loss: 3.416048288345337
INFO:root:10 batches loss: 3.6599892377853394
INFO:root:10 batches loss: 3.6175521850585937
INFO:root:10 batches loss: 3.368239462375641
INFO:root:10 batches loss: 3.3690058469772337
INFO:root:10 batches loss: 3.7331533432006836
INFO:root:10 batches loss: 3.1659287929534914
INFO:root:10 batches loss: 2.8035957336425783
INFO:root:10 batches loss: 3.131621265411377
INFO:root:10 batches loss: 3.0592129468917846
INFO:root:10 batches loss: 4.19812388420105
INFO:root:10 batches loss: 3.3336190462112425
INFO:root:10 batches loss: 3.5268314599990847
INFO:root:10 batches loss: 4.012924647331237
INFO:root:10 batches loss: 3.6336278915405273
INFO:root:10 batches loss: 3.187811779975891
INFO:root:10 batches loss: 3.57173867225647
INFO:root:10 batches loss: 3.586024045944214
INFO:root:10 batches loss: 3.2297255992889404
INFO:root:10 batches loss: 3.485971975326538
INFO:root:10 batches loss: 3.2174291610717773
INFO:root:10 batches loss: 3.0846334218978884
INFO:root:10 batches loss: 3.604211115837097
INFO:root:10 batches loss: 2.982142782211304
INFO:root:10 batches loss: 3.3793785214424132
INFO:root:10 batches loss: 3.722642421722412
INFO:root:10 batches loss: 3.494098591804504
INFO:root:10 batches loss: 3.3095796585083006
INFO:root:10 batches loss: 3.3607619047164916
INFO:root:10 batches loss: 3.215534734725952
INFO:root:10 batches loss: 3.1573253750801085
INFO:root:10 batches loss: 3.172466254234314
INFO:root:10 batches loss: 3.2820642709732057
INFO:root:10 batches loss: 3.7013517379760743
INFO:root:10 batches loss: 3.387884557247162
INFO:root:10 batches loss: 3.535624146461487
INFO:root:10 batches loss: 3.169918990135193
INFO:root:10 batches loss: 3.359097146987915
INFO:root:10 batches loss: 3.1526984572410583
INFO:root:10 batches loss: 3.2330156803131103
INFO:root:10 batches loss: 3.1160048723220823
INFO:root:10 batches loss: 2.922119665145874
INFO:root:10 batches loss: 3.423135983943939
INFO:root:10 batches loss: 2.8004475355148317
INFO:root:10 batches loss: 3.0491028308868406
INFO:root:10 batches loss: 3.5995803236961366
INFO:root:10 batches loss: 3.874091148376465
INFO:root:10 batches loss: 3.1699785232543944
INFO:root:10 batches loss: 2.7202365517616274
INFO:root:10 batches loss: 3.2977712154388428
INFO:root:10 batches loss: 3.3951651453971863
INFO:root:10 batches loss: 3.3145801782608033
INFO:root:10 batches loss: 3.7299341917037965
INFO:root:10 batches loss: 3.3945464134216308
INFO:root:10 batches loss: 3.494397234916687
INFO:root:10 batches loss: 3.463789463043213
INFO:root:10 batches loss: 3.135046291351318
INFO:root:10 batches loss: 3.1974186420440676
INFO:root:10 batches loss: 3.336918497085571
INFO:root:10 batches loss: 3.261778783798218
INFO:root:10 batches loss: 3.3997982025146483
INFO:root:10 batches loss: 3.1906333923339845
INFO:root:10 batches loss: 3.752086317539215
INFO:root:10 batches loss: 3.1784873962402345
INFO:root:10 batches loss: 3.7004794597625734
INFO:root:10 batches loss: 3.110058903694153
INFO:root:10 batches loss: 3.200509524345398
INFO:root:10 batches loss: 3.4179564476013184
INFO:root:10 batches loss: 3.5954213619232176
INFO:root:10 batches loss: 3.660296368598938
INFO:root:10 batches loss: 3.669913983345032
INFO:root:10 batches loss: 3.4392549276351927
INFO:root:10 batches loss: 3.156241750717163
INFO:root:10 batches loss: 3.4596596002578734
INFO:root:10 batches loss: 2.958187294006348
INFO:root:10 batches loss: 3.6496522665023803
INFO:root:10 batches loss: 3.5085766315460205
INFO:root:10 batches loss: 2.8537431240081785
INFO:root:10 batches loss: 3.0640973329544066
INFO:root:10 batches loss: 3.699089455604553
INFO:root:10 batches loss: 3.1572245955467224
INFO:root:10 batches loss: 3.5558764576911925
INFO:root:10 batches loss: 3.2697131872177123
INFO:root:10 batches loss: 3.636564326286316
INFO:root:10 batches loss: 3.1749843835830687
INFO:root:10 batches loss: 3.472020077705383
INFO:root:10 batches loss: 2.8629741787910463
INFO:root:10 batches loss: 3.2413370251655578
INFO:root:10 batches loss: 3.860858201980591
INFO:root:10 batches loss: 4.135063099861145
INFO:root:10 batches loss: 3.1605891942977906
INFO:root:10 batches loss: 3.347623586654663
INFO:root:10 batches loss: 3.4945151090621946
INFO:root:10 batches loss: 3.371152567863464
INFO:root:10 batches loss: 3.3469311356544496
INFO:root:10 batches loss: 3.957447862625122
INFO:root:10 batches loss: 3.3638204097747804
INFO:root:10 batches loss: 3.4994322538375853
INFO:root:10 batches loss: 3.6449989318847655
INFO:root:10 batches loss: 2.6059089303016663
INFO:root:10 batches loss: 3.7884759187698362
INFO:root:10 batches loss: 3.3040095448493956
INFO:root:10 batches loss: 3.808971953392029
INFO:root:10 batches loss: 3.0179216623306275
INFO:root:10 batches loss: 3.5291066408157348
INFO:root:10 batches loss: 3.412138342857361
INFO:root:10 batches loss: 3.143364953994751
INFO:root:10 batches loss: 3.3226195335388184
INFO:root:10 batches loss: 3.5047022104263306
INFO:root:10 batches loss: 3.6811176776885985
INFO:root:10 batches loss: 3.078718066215515
INFO:root:10 batches loss: 3.6751431941986086
INFO:root:10 batches loss: 3.7501564025878906
INFO:root:10 batches loss: 3.611816108226776
INFO:root:10 batches loss: 3.6338147044181826
INFO:root:10 batches loss: 3.744707441329956
INFO:root:10 batches loss: 3.409399938583374
INFO:root:10 batches loss: 3.086828517913818
INFO:root:10 batches loss: 3.5502661943435667
INFO:root:10 batches loss: 3.355227327346802
INFO:root:10 batches loss: 3.6845661997795105
INFO:root:10 batches loss: 3.7984304189682008
INFO:root:10 batches loss: 3.2458222627639772
INFO:root:10 batches loss: 3.384951424598694
INFO:root:10 batches loss: 3.2115485668182373
INFO:root:10 batches loss: 3.2227103471755982
INFO:root:10 batches loss: 3.310546898841858
INFO:root:10 batches loss: 3.033633530139923
INFO:root:10 batches loss: 2.7223007321357726
INFO:root:10 batches loss: 3.5903140544891357
INFO:root:10 batches loss: 2.8553183555603026
INFO:root:10 batches loss: 2.778404700756073
INFO:root:10 batches loss: 3.8257185935974123
INFO:root:10 batches loss: 3.280973029136658
INFO:root:10 batches loss: 3.317165219783783
INFO:root:10 batches loss: 3.7775017738342287
INFO:root:10 batches loss: 3.2249494910240175
INFO:root:10 batches loss: 3.054410791397095
INFO:root:10 batches loss: 3.4286359190940856
INFO:root:10 batches loss: 3.0087258577346803
INFO:root:10 batches loss: 3.968342089653015
INFO:root:10 batches loss: 3.5567203998565673
INFO:root:10 batches loss: 3.37145094871521
INFO:root:10 batches loss: 3.246624255180359
INFO:root:10 batches loss: 3.9115829467773438
INFO:root:10 batches loss: 3.493107461929321
INFO:root:10 batches loss: 3.2895078301429748
INFO:root:10 batches loss: 3.3540592432022094
INFO:root:10 batches loss: 3.633984363079071
INFO:root:10 batches loss: 3.404155230522156
INFO:root:10 batches loss: 3.616846203804016
INFO:root:10 batches loss: 3.612480044364929
INFO:root:10 batches loss: 3.663749325275421
INFO:root:10 batches loss: 3.157510685920715
INFO:root:10 batches loss: 2.991164743900299
INFO:root:10 batches loss: 3.8752409696578978
INFO:root:10 batches loss: 3.506569576263428
INFO:root:10 batches loss: 3.458217167854309
INFO:root:10 batches loss: 3.0075385570526123
INFO:root:10 batches loss: 3.1407026052474976
INFO:root:10 batches loss: 3.5172664165496825
INFO:root:10 batches loss: 3.256527543067932
INFO:root:10 batches loss: 3.450774669647217
INFO:root:10 batches loss: 3.0435363054275513
INFO:root:10 batches loss: 2.906129789352417
INFO:root:10 batches loss: 3.2297468304634096
INFO:root:10 batches loss: 3.9071860671043397
INFO:root:10 batches loss: 3.662381446361542
INFO:root:10 batches loss: 3.7553931713104247
INFO:root:10 batches loss: 3.044527196884155
INFO:root:10 batches loss: 3.163270139694214
INFO:root:10 batches loss: 3.1559749841690063
INFO:root:10 batches loss: 3.7360607624053954
INFO:root:10 batches loss: 3.7302628993988036
INFO:root:10 batches loss: 3.5384891986846925
INFO:root:10 batches loss: 3.989255666732788
INFO:root:10 batches loss: 3.70347683429718
INFO:root:10 batches loss: 3.2876933097839354
INFO:root:10 batches loss: 3.2841768980026247
INFO:root:10 batches loss: 3.153995490074158
INFO:root:10 batches loss: 2.953622007369995
INFO:root:10 batches loss: 3.5085516452789305
INFO:root:10 batches loss: 3.3484553575515745
INFO:root:10 batches loss: 3.2474079608917235
INFO:root:10 batches loss: 3.6211058378219603
INFO:root:10 batches loss: 3.6876607179641723
INFO:root:10 batches loss: 3.7292348384857177
INFO:root:10 batches loss: 3.7632686138153075
INFO:root:10 batches loss: 3.6113841056823732
INFO:root:10 batches loss: 3.411181998252869
INFO:root:10 batches loss: 3.3504637479782104
INFO:root:10 batches loss: 3.4845962047576906
INFO:root:10 batches loss: 3.296987807750702
INFO:root:10 batches loss: 3.2074798583984374
INFO:root:10 batches loss: 3.269634652137756
INFO:root:10 batches loss: 3.210019814968109
INFO:root:10 batches loss: 3.74427193403244
INFO:root:10 batches loss: 2.9617106795310972
INFO:root:10 batches loss: 3.6069371938705443
INFO:root:10 batches loss: 3.1835197687149046
INFO:root:10 batches loss: 3.140740394592285
INFO:root:10 batches loss: 2.934101104736328
INFO:root:10 batches loss: 2.8344202518463133
INFO:root:10 batches loss: 3.699408483505249
INFO:root:10 batches loss: 3.06790554523468
INFO:root:10 batches loss: 3.692224073410034
INFO:root:10 batches loss: 2.8335298180580137
INFO:root:10 batches loss: 3.3883414268493652
INFO:root:10 batches loss: 3.410490345954895
INFO:root:10 batches loss: 3.6995694160461428
INFO:root:10 batches loss: 3.115095353126526
INFO:root:10 batches loss: 3.2970041275024413
INFO:root:10 batches loss: 3.5481138229370117
INFO:root:10 batches loss: 3.8672029256820677
INFO:root:10 batches loss: 3.050837850570679
INFO:root:10 batches loss: 3.0311681747436525
INFO:root:10 batches loss: 3.674768877029419
INFO:root:10 batches loss: 3.091578686237335
INFO:root:10 batches loss: 3.1996127367019653
INFO:root:10 batches loss: 3.410704493522644
INFO:root:10 batches loss: 3.717159962654114
INFO:root:10 batches loss: 3.152471435070038
INFO:root:10 batches loss: 3.5925944566726686
INFO:root:10 batches loss: 3.364361882209778
INFO:root:10 batches loss: 2.882639455795288
INFO:root:10 batches loss: 3.1220101833343508
INFO:root:10 batches loss: 3.3989339590072634
INFO:root:10 batches loss: 3.429561173915863
INFO:root:10 batches loss: 3.1286586046218874
INFO:root:10 batches loss: 3.386780524253845
INFO:root:10 batches loss: 3.6624905109405517
INFO:root:10 batches loss: 3.887615203857422
INFO:root:10 batches loss: 3.5504822731018066
INFO:root:10 batches loss: 3.2370140314102174
INFO:root:10 batches loss: 3.3242858171463014
INFO:root:10 batches loss: 2.9130287051200865
INFO:root:10 batches loss: 3.9905612468719482
INFO:root:10 batches loss: 3.446659600734711
INFO:root:10 batches loss: 3.3299562454223635
INFO:root:10 batches loss: 3.4458048343658447
INFO:root:10 batches loss: 3.513231325149536
INFO:root:10 batches loss: 3.2637666702270507
INFO:root:10 batches loss: 2.940242874622345
INFO:root:10 batches loss: 3.1841344356536867
INFO:root:10 batches loss: 3.5412967443466186
INFO:root:10 batches loss: 3.403900384902954
INFO:root:10 batches loss: 3.5091570019721985
INFO:root:10 batches loss: 3.3794566869735716
INFO:root:10 batches loss: 3.0210174322128296
INFO:root:10 batches loss: 3.6507601499557496
INFO:root:10 batches loss: 3.6269600987434387
INFO:root:10 batches loss: 3.4522315740585325
INFO:root:10 batches loss: 2.8598323702812194
INFO:root:10 batches loss: 3.2344696521759033
INFO:root:10 batches loss: 3.644275975227356
INFO:root:10 batches loss: 3.6052499294281004
INFO:root:10 batches loss: 3.737258052825928
INFO:root:10 batches loss: 3.058646333217621
INFO:root:10 batches loss: 3.0908734440803527
INFO:root:10 batches loss: 3.167388343811035
INFO:root:10 batches loss: 3.4158371686935425
INFO:root:10 batches loss: 3.2848501920700075
INFO:root:10 batches loss: 3.233089327812195
INFO:root:10 batches loss: 3.42910897731781
INFO:root:10 batches loss: 3.3318594694137573
INFO:root:10 batches loss: 3.023506724834442
INFO:root:10 batches loss: 3.775395226478577
INFO:root:10 batches loss: 3.555716812610626
INFO:root:10 batches loss: 3.400889348983765
INFO:root:10 batches loss: 3.5491751432418823
INFO:root:10 batches loss: 3.3396108627319334
INFO:root:10 batches loss: 3.42256019115448
INFO:root:10 batches loss: 3.5958059310913084
INFO:root:10 batches loss: 3.184739875793457
INFO:root:10 batches loss: 3.6949187517166138
INFO:root:10 batches loss: 3.435931372642517
INFO:root:10 batches loss: 3.1498300790786744
INFO:root:10 batches loss: 2.9757790565490723
INFO:root:10 batches loss: 3.4845685601234435
INFO:root:10 batches loss: 3.5856520414352415
INFO:root:10 batches loss: 3.1168705224990845
INFO:root:10 batches loss: 3.473310399055481
INFO:root:10 batches loss: 3.2700119733810427
INFO:root:10 batches loss: 3.041164755821228
INFO:root:10 batches loss: 3.577394151687622
INFO:root:10 batches loss: 3.5641448497772217
INFO:root:10 batches loss: 3.141532266139984
INFO:root:10 batches loss: 3.234500324726105
INFO:root:10 batches loss: 3.2389771342277527
INFO:root:10 batches loss: 3.4062737226486206
INFO:root:10 batches loss: 3.5075445652008055
INFO:root:10 batches loss: 3.5769707441329954
INFO:root:10 batches loss: 3.696877646446228
INFO:root:10 batches loss: 3.4147793889045714
INFO:root:10 batches loss: 3.2275784254074096
INFO:root:10 batches loss: 2.770695519447327
INFO:root:10 batches loss: 3.7044515132904055
INFO:root:10 batches loss: 3.7330473184585573
INFO:root:10 batches loss: 3.471614933013916
INFO:root:10 batches loss: 3.369135022163391
INFO:root:10 batches loss: 3.620059633255005
INFO:root:10 batches loss: 3.3760199308395387
INFO:root:10 batches loss: 3.7077216148376464
INFO:root:10 batches loss: 3.4462186694145203
INFO:root:10 batches loss: 2.973789060115814
INFO:root:10 batches loss: 3.4218149423599242
INFO:root:10 batches loss: 3.6398675441741943
INFO:root:10 batches loss: 3.3529955625534056
INFO:root:10 batches loss: 2.647045004367828
INFO:root:10 batches loss: 3.203309416770935
INFO:root:10 batches loss: 3.472129988670349
INFO:root:10 batches loss: 3.0171299457550047
INFO:root:10 batches loss: 4.074732875823974
INFO:root:10 batches loss: 3.399695706367493
INFO:root:10 batches loss: 3.6160906076431276
INFO:root:10 batches loss: 3.327903079986572
INFO:root:10 batches loss: 3.4570039033889772
INFO:root:10 batches loss: 3.199191522598267
INFO:root:10 batches loss: 3.0295103907585146
INFO:root:10 batches loss: 2.7789519906044005
INFO:root:10 batches loss: 3.6577347040176393
INFO:root:10 batches loss: 3.7950758218765257
INFO:root:10 batches loss: 3.550990128517151
INFO:root:10 batches loss: 3.218562865257263
INFO:root:10 batches loss: 2.88069269657135
INFO:root:10 batches loss: 2.8942051410675047
INFO:root:10 batches loss: 3.2834049463272095
INFO:root:10 batches loss: 3.710967445373535
INFO:root:10 batches loss: 3.2399834632873534
INFO:root:10 batches loss: 2.891773688793182
INFO:root:10 batches loss: 3.566583251953125
INFO:root:10 batches loss: 3.273589301109314
INFO:root:10 batches loss: 3.6641375064849853
INFO:root:10 batches loss: 3.0913271427154543
INFO:root:10 batches loss: 3.811293625831604
INFO:root:10 batches loss: 3.225229811668396
INFO:root:10 batches loss: 3.39929621219635
INFO:root:10 batches loss: 3.3509691953659058
INFO:root:10 batches loss: 3.1897024393081663
INFO:root:10 batches loss: 3.733222413063049
INFO:root:10 batches loss: 3.4696691274642943
INFO:root:10 batches loss: 2.926882815361023
INFO:root:10 batches loss: 3.6587448358535766
INFO:root:10 batches loss: 2.9439651727676392
INFO:root:10 batches loss: 3.33232045173645
INFO:root:10 batches loss: 3.8060046911239622
INFO:root:10 batches loss: 3.3028128266334535
INFO:root:10 batches loss: 2.9368770241737367
INFO:root:10 batches loss: 3.195757031440735
INFO:root:10 batches loss: 3.831015920639038
INFO:root:10 batches loss: 3.6408710718154906
INFO:root:10 batches loss: 3.5772008419036867
INFO:root:10 batches loss: 3.15819776058197
INFO:root:10 batches loss: 2.598147654533386
INFO:root:10 batches loss: 3.2459022402763367
INFO:root:10 batches loss: 2.9056059956550597
INFO:root:10 batches loss: 3.661881136894226
INFO:root:10 batches loss: 3.4260688543319704
INFO:root:10 batches loss: 3.5049005508422852
INFO:root:10 batches loss: 2.959279203414917
INFO:root:10 batches loss: 2.8380776166915895
INFO:root:10 batches loss: 3.8422858238220217
INFO:root:10 batches loss: 3.8015830755233764
INFO:root:10 batches loss: 3.588629949092865
INFO:root:10 batches loss: 3.109600532054901
INFO:root:10 batches loss: 3.2392571330070496
INFO:root:10 batches loss: 3.456053137779236
INFO:root:10 batches loss: 3.1187172174453734
INFO:root:10 batches loss: 3.496063160896301
INFO:root:10 batches loss: 3.3015695214271545
INFO:root:10 batches loss: 3.351528561115265
INFO:root:10 batches loss: 2.925734806060791
INFO:root:10 batches loss: 3.686206412315369
INFO:root:10 batches loss: 3.3025855660438537
INFO:root:10 batches loss: 3.3410124659538267
INFO:root:10 batches loss: 2.8852153778076173
INFO:root:10 batches loss: 3.1564027070999146
INFO:root:10 batches loss: 3.0987601041793824
INFO:root:10 batches loss: 2.9985491752624513
INFO:root:10 batches loss: 3.5447195768356323
INFO:root:10 batches loss: 3.024912989139557
INFO:root:10 batches loss: 3.482897138595581
INFO:root:10 batches loss: 3.093478500843048
INFO:root:10 batches loss: 3.288262939453125
INFO:root:10 batches loss: 3.7091614961624146
INFO:root:10 batches loss: 3.3100813388824464
INFO:root:10 batches loss: 3.3193039417266847
INFO:root:10 batches loss: 3.5490434646606444
INFO:root:10 batches loss: 3.154706287384033
INFO:root:10 batches loss: 2.928963100910187
INFO:root:10 batches loss: 2.7762911915779114
INFO:root:10 batches loss: 3.576775074005127
INFO:root:10 batches loss: 3.2621305704116823
INFO:root:10 batches loss: 3.235734152793884
INFO:root:10 batches loss: 3.0581345677375795
INFO:root:10 batches loss: 3.3787511944770814
INFO:root:10 batches loss: 3.7114354610443114
INFO:root:10 batches loss: 3.2539419293403626
INFO:root:10 batches loss: 3.4589802622795105
INFO:root:10 batches loss: 3.6516385078430176
INFO:root:10 batches loss: 3.45854971408844
INFO:root:10 batches loss: 3.1785882472991944
INFO:root:10 batches loss: 3.6179629802703857
INFO:root:10 batches loss: 3.1667968392372132
INFO:root:10 batches loss: 3.057381296157837
INFO:root:10 batches loss: 3.120039391517639
INFO:root:10 batches loss: 3.343496870994568
INFO:root:10 batches loss: 3.0308889389038085
INFO:root:10 batches loss: 3.509651803970337
INFO:root:10 batches loss: 3.504282259941101
INFO:root:10 batches loss: 3.5149841785430906
INFO:root:10 batches loss: 3.302526926994324
INFO:root:10 batches loss: 3.234692645072937
INFO:root:10 batches loss: 3.162220096588135
INFO:root:10 batches loss: 3.552800703048706
INFO:root:10 batches loss: 3.3208893060684206
INFO:root:10 batches loss: 3.7270217299461366
INFO:root:10 batches loss: 3.451884365081787
INFO:root:10 batches loss: 3.582771420478821
INFO:root:10 batches loss: 3.474319505691528
INFO:root:10 batches loss: 3.414429712295532
INFO:root:10 batches loss: 3.186164140701294
INFO:root:10 batches loss: 3.1559181213378906
INFO:root:10 batches loss: 3.2895650982856752
INFO:root:10 batches loss: 3.6597921371459963
INFO:root:10 batches loss: 3.300048518180847
INFO:root:10 batches loss: 3.5736729502677917
INFO:root:10 batches loss: 3.1081252336502074
INFO:root:10 batches loss: 3.0567819118499755
INFO:root:10 batches loss: 3.3898643136024473
INFO:root:10 batches loss: 3.4898364782333373
INFO:root:10 batches loss: 3.4785504817962645
INFO:root:10 batches loss: 2.959446358680725
INFO:root:10 batches loss: 3.0634307146072386
INFO:root:10 batches loss: 3.1824909448623657
INFO:root:10 batches loss: 3.656215715408325
INFO:root:10 batches loss: 3.1340641736984254
INFO:root:10 batches loss: 2.7397165536880492
INFO:root:10 batches loss: 3.4500962018966677
INFO:root:10 batches loss: 3.2624709606170654
INFO:root:10 batches loss: 3.934432554244995
INFO:root:10 batches loss: 3.7372733116149903
INFO:root:10 batches loss: 3.010448145866394
INFO:root:10 batches loss: 3.613476371765137
INFO:root:10 batches loss: 3.5171478986740112
INFO:root:10 batches loss: 3.607388997077942
INFO:root:10 batches loss: 3.526414680480957
INFO:root:10 batches loss: 3.430510330200195
INFO:root:10 batches loss: 3.1810732960700987
INFO:root:10 batches loss: 3.044878387451172
INFO:root:10 batches loss: 2.9775778889656066
INFO:root:10 batches loss: 3.0927582502365114
INFO:root:10 batches loss: 2.8548304796218873
INFO:root:10 batches loss: 4.126874399185181
INFO:root:10 batches loss: 3.380698895454407
INFO:root:10 batches loss: 3.0911739349365233
INFO:root:10 batches loss: 3.5287246704101562
INFO:root:10 batches loss: 3.4266400814056395
INFO:root:10 batches loss: 3.1314515590667726
INFO:root:10 batches loss: 2.6653873562812804
INFO:root:10 batches loss: 3.109215497970581
INFO:root:10 batches loss: 3.0387990355491636
INFO:root:10 batches loss: 3.6471847772598265
INFO:root:10 batches loss: 4.05618646144867
INFO:root:10 batches loss: 3.3606139421463013
INFO:root:10 batches loss: 3.340064549446106
INFO:root:Train loss at the end of the epoch: 21014.365054130554
INFO:root:Validation accuracy: 12.5
INFO:root:Epoch 3
INFO:root:10 batches loss: 3.2915505290031435
INFO:root:10 batches loss: 2.651217317581177
INFO:root:10 batches loss: 2.6483707189559937
INFO:root:10 batches loss: 3.2911890268325807
INFO:root:10 batches loss: 2.4449201822280884
INFO:root:10 batches loss: 2.6072906613349915
INFO:root:10 batches loss: 2.6195139408111574
INFO:root:10 batches loss: 2.6072086930274962
INFO:root:10 batches loss: 3.3112786769866944
INFO:root:10 batches loss: 2.965887665748596
INFO:root:10 batches loss: 2.713368308544159
INFO:root:10 batches loss: 2.4955764770507813
INFO:root:10 batches loss: 2.474587857723236
INFO:root:10 batches loss: 2.643350529670715
INFO:root:10 batches loss: 2.7385351181030275
INFO:root:10 batches loss: 3.1209057927131654
INFO:root:10 batches loss: 2.4019479036331175
INFO:root:10 batches loss: 2.214138317108154
INFO:root:10 batches loss: 2.876884877681732
INFO:root:10 batches loss: 2.701711452007294
INFO:root:10 batches loss: 2.6828192234039308
INFO:root:10 batches loss: 3.0660412311553955
INFO:root:10 batches loss: 2.849586534500122
INFO:root:10 batches loss: 2.442387080192566
INFO:root:10 batches loss: 2.869139218330383
INFO:root:10 batches loss: 3.0067342281341554
INFO:root:10 batches loss: 2.906075143814087
INFO:root:10 batches loss: 2.3943569540977476
INFO:root:10 batches loss: 2.5820780754089356
INFO:root:10 batches loss: 3.232937383651733
INFO:root:10 batches loss: 2.940791964530945
INFO:root:10 batches loss: 2.9984219312667846
INFO:root:10 batches loss: 2.9978018283843992
INFO:root:10 batches loss: 2.01769597530365
INFO:root:10 batches loss: 2.4547634601593016
INFO:root:10 batches loss: 3.706613802909851
INFO:root:10 batches loss: 2.4970215797424316
INFO:root:10 batches loss: 2.3281760215759277
INFO:root:10 batches loss: 2.417062246799469
INFO:root:10 batches loss: 2.9171233892440798
INFO:root:10 batches loss: 2.9027021884918214
INFO:root:10 batches loss: 3.0512836575508118
INFO:root:10 batches loss: 2.6814939975738525
INFO:root:10 batches loss: 2.924014759063721
INFO:root:10 batches loss: 2.8374542951583863
INFO:root:10 batches loss: 2.7906381726264953
INFO:root:10 batches loss: 2.9405281782150268
INFO:root:10 batches loss: 3.1320451378822325
INFO:root:10 batches loss: 2.9629560828208925
INFO:root:10 batches loss: 2.7087486505508425
INFO:root:10 batches loss: 3.1702117681503297
INFO:root:10 batches loss: 2.7621379494667053
INFO:root:10 batches loss: 2.855441415309906
INFO:root:10 batches loss: 3.2366064548492433
INFO:root:10 batches loss: 2.920028567314148
INFO:root:10 batches loss: 2.204278552532196
INFO:root:10 batches loss: 2.6134292244911195
INFO:root:10 batches loss: 2.477363395690918
INFO:root:10 batches loss: 3.2503294944763184
INFO:root:10 batches loss: 2.5817138075828554
INFO:root:10 batches loss: 3.006257927417755
INFO:root:10 batches loss: 2.841123139858246
INFO:root:10 batches loss: 2.9799370884895326
INFO:root:10 batches loss: 2.4056192278862
INFO:root:10 batches loss: 2.7057598352432253
INFO:root:10 batches loss: 2.7396341800689696
INFO:root:10 batches loss: 2.67978253364563
INFO:root:10 batches loss: 2.4801056146621705
INFO:root:10 batches loss: 2.8298800110816957
INFO:root:10 batches loss: 2.8979995012283326
INFO:root:10 batches loss: 3.006319785118103
INFO:root:10 batches loss: 2.3331780195236207
INFO:root:10 batches loss: 2.3073747038841246
INFO:root:10 batches loss: 2.227526879310608
INFO:root:10 batches loss: 3.0712579607963564
INFO:root:10 batches loss: 2.5318764448165894
INFO:root:10 batches loss: 3.442295551300049
INFO:root:10 batches loss: 2.48858505487442
INFO:root:10 batches loss: 2.4958648443222047
INFO:root:10 batches loss: 2.5614113092422484
INFO:root:10 batches loss: 2.7587932348251343
INFO:root:10 batches loss: 2.36170836687088
INFO:root:10 batches loss: 3.0538021445274355
INFO:root:10 batches loss: 2.429941248893738
INFO:root:10 batches loss: 2.84242262840271
INFO:root:10 batches loss: 2.602932798862457
INFO:root:10 batches loss: 2.635910892486572
INFO:root:10 batches loss: 2.6640172004699707
INFO:root:10 batches loss: 3.178801941871643
INFO:root:10 batches loss: 2.2445093393325806
INFO:root:10 batches loss: 2.9165956735610963
INFO:root:10 batches loss: 3.028525638580322
INFO:root:10 batches loss: 2.7693123698234556
INFO:root:10 batches loss: 2.640847313404083
INFO:root:10 batches loss: 3.0059428334236147
INFO:root:10 batches loss: 2.4648097157478333
INFO:root:10 batches loss: 2.6385459661483766
INFO:root:10 batches loss: 3.1015768170356752
INFO:root:10 batches loss: 3.102004647254944
INFO:root:10 batches loss: 3.106702506542206
INFO:root:10 batches loss: 2.7582449555397033
INFO:root:10 batches loss: 3.3289299964904786
INFO:root:10 batches loss: 3.060578942298889
INFO:root:10 batches loss: 2.7377073764801025
INFO:root:10 batches loss: 2.7594250321388243
INFO:root:10 batches loss: 2.6805040717124937
INFO:root:10 batches loss: 2.7242781639099123
INFO:root:10 batches loss: 2.7136504530906675
INFO:root:10 batches loss: 2.545587944984436
INFO:root:10 batches loss: 2.6796380639076234
INFO:root:10 batches loss: 3.176669120788574
INFO:root:10 batches loss: 2.719140315055847
INFO:root:10 batches loss: 2.735140788555145
INFO:root:10 batches loss: 2.6900885462760926
INFO:root:10 batches loss: 2.8451797485351564
INFO:root:10 batches loss: 2.466983664035797
INFO:root:10 batches loss: 2.459529960155487
INFO:root:10 batches loss: 3.3113244771957397
INFO:root:10 batches loss: 3.2557794570922853
INFO:root:10 batches loss: 2.3916351556777955
INFO:root:10 batches loss: 2.808993411064148
INFO:root:10 batches loss: 2.7901530861854553
INFO:root:10 batches loss: 2.6915778517723083
INFO:root:10 batches loss: 3.192937934398651
INFO:root:10 batches loss: 3.14156756401062
INFO:root:10 batches loss: 2.699136126041412
INFO:root:10 batches loss: 2.4573808908462524
INFO:root:10 batches loss: 2.812004005908966
INFO:root:10 batches loss: 2.907106864452362
INFO:root:10 batches loss: 2.436186146736145
INFO:root:10 batches loss: 2.673939597606659
INFO:root:10 batches loss: 2.745882534980774
INFO:root:10 batches loss: 2.8707356691360473
INFO:root:10 batches loss: 2.5842134952545166
INFO:root:10 batches loss: 2.898109221458435
INFO:root:10 batches loss: 2.8461291074752806
INFO:root:10 batches loss: 3.33661071062088
INFO:root:10 batches loss: 2.5723474264144897
INFO:root:10 batches loss: 2.7311182737350466
INFO:root:10 batches loss: 3.4741451740264893
INFO:root:10 batches loss: 3.216870427131653
INFO:root:10 batches loss: 2.816644036769867
INFO:root:10 batches loss: 2.551564168930054
INFO:root:10 batches loss: 2.6401712894439697
INFO:root:10 batches loss: 2.821015441417694
INFO:root:10 batches loss: 2.704644763469696
INFO:root:10 batches loss: 3.2781288385391236
INFO:root:10 batches loss: 3.214107346534729
INFO:root:10 batches loss: 2.6380016088485716
INFO:root:10 batches loss: 3.371640717983246
INFO:root:10 batches loss: 3.17234548330307
INFO:root:10 batches loss: 3.0691280364990234
INFO:root:10 batches loss: 3.2985802412033083
INFO:root:10 batches loss: 2.7828583240509035
INFO:root:10 batches loss: 2.7434928894042967
INFO:root:10 batches loss: 2.7545421361923217
INFO:root:10 batches loss: 2.938875198364258
INFO:root:10 batches loss: 2.74217027425766
INFO:root:10 batches loss: 3.0862048149108885
INFO:root:10 batches loss: 2.7553089380264284
INFO:root:10 batches loss: 2.7923785924911497
INFO:root:10 batches loss: 3.167446160316467
INFO:root:10 batches loss: 2.971273326873779
INFO:root:10 batches loss: 2.514258825778961
INFO:root:10 batches loss: 3.0169363498687742
INFO:root:10 batches loss: 2.562517726421356
INFO:root:10 batches loss: 2.223399555683136
INFO:root:10 batches loss: 2.816112768650055
INFO:root:10 batches loss: 3.3140125274658203
INFO:root:10 batches loss: 2.5066137075424195
INFO:root:10 batches loss: 2.6700203657150268
INFO:root:10 batches loss: 2.7706794500350953
INFO:root:10 batches loss: 3.4529165267944335
INFO:root:10 batches loss: 2.68830943107605
INFO:root:10 batches loss: 2.3668720006942747
INFO:root:10 batches loss: 2.1751157999038697
INFO:root:10 batches loss: 2.8378061413764955
INFO:root:10 batches loss: 2.76935418844223
INFO:root:10 batches loss: 3.1894368290901185
INFO:root:10 batches loss: 2.9597274899482726
INFO:root:10 batches loss: 2.4414893865585325
INFO:root:10 batches loss: 2.8584197402000426
INFO:root:10 batches loss: 2.9449046850204468
INFO:root:10 batches loss: 3.0284342765808105
INFO:root:10 batches loss: 2.609926760196686
INFO:root:10 batches loss: 2.469698405265808
INFO:root:10 batches loss: 2.844885838031769
INFO:root:10 batches loss: 2.8470712542533874
INFO:root:10 batches loss: 2.9210849046707152
INFO:root:10 batches loss: 2.823927974700928
INFO:root:10 batches loss: 2.6768063426017763
INFO:root:10 batches loss: 2.565976059436798
INFO:root:10 batches loss: 2.44575856924057
INFO:root:10 batches loss: 2.8978796720504763
INFO:root:10 batches loss: 3.0788164019584654
INFO:root:10 batches loss: 2.451031279563904
INFO:root:10 batches loss: 2.8557687044143676
INFO:root:10 batches loss: 2.523093271255493
INFO:root:10 batches loss: 2.921834421157837
INFO:root:10 batches loss: 3.5287126779556273
INFO:root:10 batches loss: 2.4828184962272646
INFO:root:10 batches loss: 2.9444689035415648
INFO:root:10 batches loss: 2.991517698764801
INFO:root:10 batches loss: 2.7574777364730836
INFO:root:10 batches loss: 3.0062046527862547
INFO:root:10 batches loss: 3.009657251834869
INFO:root:10 batches loss: 3.2248926877975466
INFO:root:10 batches loss: 2.898911881446838
INFO:root:10 batches loss: 2.800115442276001
INFO:root:10 batches loss: 3.3095608830451964
INFO:root:10 batches loss: 2.551446855068207
INFO:root:10 batches loss: 2.9332937836647033
INFO:root:10 batches loss: 2.8326981544494627
INFO:root:10 batches loss: 3.164445161819458
INFO:root:10 batches loss: 2.8094832420349123
INFO:root:10 batches loss: 3.016012990474701
INFO:root:10 batches loss: 3.133866381645203
INFO:root:10 batches loss: 2.802958905696869
INFO:root:10 batches loss: 3.0315551280975344
INFO:root:10 batches loss: 2.7033293724060057
INFO:root:10 batches loss: 3.041463255882263
INFO:root:10 batches loss: 3.3771712303161623
INFO:root:10 batches loss: 2.830364465713501
INFO:root:10 batches loss: 2.0498960256576537
INFO:root:10 batches loss: 3.4514945268630983
INFO:root:10 batches loss: 2.848352241516113
INFO:root:10 batches loss: 2.7581603288650514
INFO:root:10 batches loss: 2.914439487457275
INFO:root:10 batches loss: 2.2900015234947206
INFO:root:10 batches loss: 3.1090988159179687
INFO:root:10 batches loss: 2.8406277894973755
INFO:root:10 batches loss: 3.004743242263794
INFO:root:10 batches loss: 3.2500311374664306
INFO:root:10 batches loss: 2.724255359172821
INFO:root:10 batches loss: 3.1484952688217165
INFO:root:10 batches loss: 2.939917039871216
INFO:root:10 batches loss: 2.7337653756141664
INFO:root:10 batches loss: 2.4788393497467043
INFO:root:10 batches loss: 2.9408909559249876
INFO:root:10 batches loss: 2.854314613342285
INFO:root:10 batches loss: 2.735996925830841
INFO:root:10 batches loss: 2.7735682249069216
INFO:root:10 batches loss: 3.274078893661499
INFO:root:10 batches loss: 3.2450191974639893
INFO:root:10 batches loss: 2.8611131429672243
INFO:root:10 batches loss: 3.3348865151405334
INFO:root:10 batches loss: 3.297279977798462
INFO:root:10 batches loss: 2.5966036558151244
INFO:root:10 batches loss: 2.5706536889076235
INFO:root:10 batches loss: 2.778923439979553
INFO:root:10 batches loss: 3.022554337978363
INFO:root:10 batches loss: 1.7756552219390869
INFO:root:10 batches loss: 2.244280230998993
INFO:root:10 batches loss: 2.801726770401001
INFO:root:10 batches loss: 2.6809427976608275
INFO:root:10 batches loss: 3.254258894920349
INFO:root:10 batches loss: 3.072293984889984
INFO:root:10 batches loss: 2.5049410700798034
INFO:root:10 batches loss: 2.19004510641098
INFO:root:10 batches loss: 2.4478090047836303
INFO:root:10 batches loss: 3.275986075401306
INFO:root:10 batches loss: 2.6639362812042235
INFO:root:10 batches loss: 3.404567098617554
INFO:root:10 batches loss: 2.7834681153297423
INFO:root:10 batches loss: 2.917262542247772
INFO:root:10 batches loss: 2.719043517112732
INFO:root:10 batches loss: 3.688361144065857
INFO:root:10 batches loss: 3.5093114137649537
INFO:root:10 batches loss: 3.2367833137512205
INFO:root:10 batches loss: 2.86373827457428
INFO:root:10 batches loss: 2.9375659823417664
INFO:root:10 batches loss: 2.9801087617874145
INFO:root:10 batches loss: 3.057677161693573
INFO:root:10 batches loss: 2.8686754941940307
INFO:root:10 batches loss: 2.8569602966308594
INFO:root:10 batches loss: 2.8608194231987
INFO:root:10 batches loss: 2.897578978538513
INFO:root:10 batches loss: 2.438230872154236
INFO:root:10 batches loss: 3.409566044807434
INFO:root:10 batches loss: 3.0998629570007323
INFO:root:10 batches loss: 3.209188365936279
INFO:root:10 batches loss: 2.494784641265869
INFO:root:10 batches loss: 2.668730926513672
INFO:root:10 batches loss: 2.88682701587677
INFO:root:10 batches loss: 2.900166940689087
INFO:root:10 batches loss: 3.1000877618789673
INFO:root:10 batches loss: 2.9180396795272827
INFO:root:10 batches loss: 3.17385196685791
INFO:root:10 batches loss: 2.8701446294784545
INFO:root:10 batches loss: 2.407206630706787
INFO:root:10 batches loss: 3.1950292587280273
INFO:root:10 batches loss: 2.9113296031951905
INFO:root:10 batches loss: 2.8430143713951113
INFO:root:10 batches loss: 2.5694096207618715
INFO:root:10 batches loss: 2.9242633104324343
INFO:root:10 batches loss: 2.812916171550751
INFO:root:10 batches loss: 2.9257973313331602
INFO:root:10 batches loss: 3.352349078655243
INFO:root:10 batches loss: 2.7546440601348876
INFO:root:10 batches loss: 2.668316352367401
INFO:root:10 batches loss: 2.782567834854126
INFO:root:10 batches loss: 2.7231045722961427
INFO:root:10 batches loss: 2.873533511161804
INFO:root:10 batches loss: 3.02613822221756
INFO:root:10 batches loss: 2.9719876766204836
INFO:root:10 batches loss: 3.6791258454322815
INFO:root:10 batches loss: 3.674934482574463
INFO:root:10 batches loss: 2.4886587977409365
INFO:root:10 batches loss: 3.1811108112335207
INFO:root:10 batches loss: 2.6428559541702272
INFO:root:10 batches loss: 2.4996927976608276
INFO:root:10 batches loss: 3.074430453777313
INFO:root:10 batches loss: 3.1989443778991697
INFO:root:10 batches loss: 2.526360535621643
INFO:root:10 batches loss: 2.982599472999573
INFO:root:10 batches loss: 2.342622721195221
INFO:root:10 batches loss: 3.053336191177368
INFO:root:10 batches loss: 2.8697988986968994
INFO:root:10 batches loss: 3.1060739517211915
INFO:root:10 batches loss: 2.815552282333374
INFO:root:10 batches loss: 2.5464587569236756
INFO:root:10 batches loss: 2.4531851053237914
INFO:root:10 batches loss: 2.5694627285003664
INFO:root:10 batches loss: 1.9688259363174438
INFO:root:10 batches loss: 2.532311201095581
INFO:root:10 batches loss: 2.64845724105835
INFO:root:10 batches loss: 2.9970804691314696
INFO:root:10 batches loss: 2.7138543009757994
INFO:root:10 batches loss: 2.960369384288788
INFO:root:10 batches loss: 3.2193315744400026
INFO:root:10 batches loss: 2.5310017824172975
INFO:root:10 batches loss: 2.9914388775825502
INFO:root:10 batches loss: 2.7954150319099424
INFO:root:10 batches loss: 2.569425356388092
INFO:root:10 batches loss: 3.2079306125640867
INFO:root:10 batches loss: 2.3607702612876893
INFO:root:10 batches loss: 3.420253503322601
INFO:root:10 batches loss: 2.7746473789215087
INFO:root:10 batches loss: 3.202359342575073
INFO:root:10 batches loss: 3.2391740679740906
INFO:root:10 batches loss: 2.160243570804596
INFO:root:10 batches loss: 2.6822326302528383
INFO:root:10 batches loss: 2.4858020544052124
INFO:root:10 batches loss: 3.036384916305542
INFO:root:10 batches loss: 2.668754553794861
INFO:root:10 batches loss: 3.308543825149536
INFO:root:10 batches loss: 2.3339237451553343
INFO:root:10 batches loss: 2.814481508731842
INFO:root:10 batches loss: 2.8047733068466187
INFO:root:10 batches loss: 3.0002031207084654
INFO:root:10 batches loss: 2.98020281791687
INFO:root:10 batches loss: 3.283678436279297
INFO:root:10 batches loss: 2.440144431591034
INFO:root:10 batches loss: 2.590244674682617
INFO:root:10 batches loss: 3.317744791507721
INFO:root:10 batches loss: 2.8939863562583925
INFO:root:10 batches loss: 2.974013018608093
INFO:root:10 batches loss: 2.7387015581130982
INFO:root:10 batches loss: 2.815392279624939
INFO:root:10 batches loss: 3.1450106382369993
INFO:root:10 batches loss: 3.064853346347809
INFO:root:10 batches loss: 2.706245851516724
INFO:root:10 batches loss: 2.89636515378952
INFO:root:10 batches loss: 2.620190680027008
INFO:root:10 batches loss: 3.1266309022903442
INFO:root:10 batches loss: 3.3440318942070006
INFO:root:10 batches loss: 2.732959234714508
INFO:root:10 batches loss: 2.9770549058914186
INFO:root:10 batches loss: 3.7108680963516236
INFO:root:10 batches loss: 3.1430540561676024
INFO:root:10 batches loss: 3.2538578033447267
INFO:root:10 batches loss: 2.6778702259063722
INFO:root:10 batches loss: 3.1044345617294313
INFO:root:10 batches loss: 2.918385934829712
INFO:root:10 batches loss: 2.753048062324524
INFO:root:10 batches loss: 3.2065550446510316
INFO:root:10 batches loss: 2.9617435932159424
INFO:root:10 batches loss: 2.930229938030243
INFO:root:10 batches loss: 2.185811448097229
INFO:root:10 batches loss: 2.950234580039978
INFO:root:10 batches loss: 2.898074674606323
INFO:root:10 batches loss: 2.686029613018036
INFO:root:10 batches loss: 3.323252034187317
INFO:root:10 batches loss: 2.4868505358695985
INFO:root:10 batches loss: 2.5432990908622743
INFO:root:10 batches loss: 2.3676650643348696
INFO:root:10 batches loss: 2.5969740629196165
INFO:root:10 batches loss: 2.7961622953414915
INFO:root:10 batches loss: 2.90152370929718
INFO:root:10 batches loss: 3.1094999074935914
INFO:root:10 batches loss: 2.864885854721069
INFO:root:10 batches loss: 2.6620917916297913
INFO:root:10 batches loss: 3.3870500326156616
INFO:root:10 batches loss: 2.713773214817047
INFO:root:10 batches loss: 3.4851205706596375
INFO:root:10 batches loss: 3.0028159618377686
INFO:root:10 batches loss: 2.6376819372177125
INFO:root:10 batches loss: 2.7994288921356203
INFO:root:10 batches loss: 2.530992341041565
INFO:root:10 batches loss: 2.852695906162262
INFO:root:10 batches loss: 3.217625045776367
INFO:root:10 batches loss: 2.7146905660629272
INFO:root:10 batches loss: 3.3241572737693788
INFO:root:10 batches loss: 2.5795344948768615
INFO:root:10 batches loss: 3.1410947322845457
INFO:root:10 batches loss: 3.1696733117103575
INFO:root:10 batches loss: 2.3509788036346437
INFO:root:10 batches loss: 3.1743847608566282
INFO:root:10 batches loss: 3.0946123242378234
INFO:root:10 batches loss: 2.7945297598838805
INFO:root:10 batches loss: 3.2559967994689942
INFO:root:10 batches loss: 3.319106388092041
INFO:root:10 batches loss: 2.7564177989959715
INFO:root:10 batches loss: 2.782959461212158
INFO:root:10 batches loss: 2.9317752599716185
INFO:root:10 batches loss: 3.171080708503723
INFO:root:10 batches loss: 3.176237416267395
INFO:root:10 batches loss: 3.1301878690719604
INFO:root:10 batches loss: 2.798665726184845
INFO:root:10 batches loss: 2.723091447353363
INFO:root:10 batches loss: 3.0475586891174316
INFO:root:10 batches loss: 3.1253873825073244
INFO:root:10 batches loss: 3.2753051280975343
INFO:root:10 batches loss: 3.0346320986747743
INFO:root:10 batches loss: 3.0482694029808046
INFO:root:10 batches loss: 2.6857971072196962
INFO:root:10 batches loss: 3.216923975944519
INFO:root:10 batches loss: 2.992761158943176
INFO:root:10 batches loss: 2.6158052325248717
INFO:root:10 batches loss: 2.8767247080802916
INFO:root:10 batches loss: 2.443016529083252
INFO:root:10 batches loss: 3.2510784029960633
INFO:root:10 batches loss: 2.800845575332642
INFO:root:10 batches loss: 2.748580718040466
INFO:root:10 batches loss: 2.525198590755463
INFO:root:10 batches loss: 2.8091805577278137
INFO:root:10 batches loss: 2.4767821073532104
INFO:root:10 batches loss: 2.8197677612304686
INFO:root:10 batches loss: 2.8534359455108644
INFO:root:10 batches loss: 3.0549268245697023
INFO:root:10 batches loss: 3.5261682629585267
INFO:root:10 batches loss: 3.46762330532074
INFO:root:10 batches loss: 2.4431727290153504
INFO:root:10 batches loss: 3.2524222850799562
INFO:root:10 batches loss: 3.1600240230560304
INFO:root:10 batches loss: 3.216261637210846
INFO:root:10 batches loss: 3.3057162165641785
INFO:root:10 batches loss: 2.4875589489936827
INFO:root:10 batches loss: 2.810802233219147
INFO:root:10 batches loss: 2.66741623878479
INFO:root:10 batches loss: 2.0679479598999024
INFO:root:10 batches loss: 3.602314901351929
INFO:root:10 batches loss: 3.2145292282104494
INFO:root:10 batches loss: 3.228565037250519
INFO:root:10 batches loss: 2.493059504032135
INFO:root:10 batches loss: 2.8673923015594482
INFO:root:10 batches loss: 3.540527331829071
INFO:root:10 batches loss: 3.325917863845825
INFO:root:10 batches loss: 3.2530718803405763
INFO:root:10 batches loss: 2.5555379390716553
INFO:root:10 batches loss: 3.15237557888031
INFO:root:10 batches loss: 2.9805410146713256
INFO:root:10 batches loss: 2.528415834903717
INFO:root:10 batches loss: 2.3932939648628233
INFO:root:10 batches loss: 2.953315091133118
INFO:root:10 batches loss: 3.5702080607414244
INFO:root:10 batches loss: 2.885603833198547
INFO:root:10 batches loss: 3.0011587142944336
INFO:root:10 batches loss: 2.9589130759239195
INFO:root:10 batches loss: 2.4311116099357606
INFO:root:10 batches loss: 3.0571717858314513
INFO:root:10 batches loss: 3.6774204850196837
INFO:root:10 batches loss: 2.626316010951996
INFO:root:10 batches loss: 3.142771816253662
INFO:root:10 batches loss: 3.305179512500763
INFO:root:10 batches loss: 2.8215206146240233
INFO:root:10 batches loss: 2.776848113536835
INFO:root:10 batches loss: 3.5735682249069214
INFO:root:10 batches loss: 2.904866909980774
INFO:root:10 batches loss: 2.7058672308921814
INFO:root:10 batches loss: 3.2428781747817994
INFO:root:10 batches loss: 2.922105085849762
INFO:root:10 batches loss: 3.224062776565552
INFO:root:10 batches loss: 2.8836350202560426
INFO:root:10 batches loss: 2.987029552459717
INFO:root:10 batches loss: 3.0664921402931213
INFO:root:10 batches loss: 2.5908316493034365
INFO:root:10 batches loss: 2.5505746841430663
INFO:root:10 batches loss: 3.1216451644897463
INFO:root:10 batches loss: 3.124711775779724
INFO:root:10 batches loss: 2.9179083108901978
INFO:root:10 batches loss: 3.251309323310852
INFO:root:10 batches loss: 3.36017427444458
INFO:root:10 batches loss: 3.153255820274353
INFO:root:10 batches loss: 2.883354151248932
INFO:root:10 batches loss: 2.618155097961426
INFO:root:10 batches loss: 3.010038375854492
INFO:root:10 batches loss: 3.2580689430236816
INFO:root:10 batches loss: 3.238532030582428
INFO:root:10 batches loss: 2.681409204006195
INFO:root:10 batches loss: 3.1124895095825194
INFO:root:10 batches loss: 3.013417625427246
INFO:root:10 batches loss: 3.0539603352546694
INFO:root:10 batches loss: 3.488799214363098
INFO:root:10 batches loss: 2.9912870645523073
INFO:root:10 batches loss: 2.9327259421348573
INFO:root:10 batches loss: 3.1803747415542603
INFO:root:10 batches loss: 2.2428523182868956
INFO:root:10 batches loss: 3.2189979553222656
INFO:root:10 batches loss: 2.7562882900238037
INFO:root:10 batches loss: 2.9688132762908936
INFO:root:10 batches loss: 2.724709713459015
INFO:root:10 batches loss: 3.449353313446045
INFO:root:10 batches loss: 2.745557188987732
INFO:root:10 batches loss: 2.9565500974655152
INFO:root:10 batches loss: 3.2532999753952025
INFO:root:10 batches loss: 2.9088762164115907
INFO:root:10 batches loss: 2.601740097999573
INFO:root:10 batches loss: 2.8175158143043517
INFO:root:10 batches loss: 2.863185429573059
INFO:root:10 batches loss: 2.8270867705345153
INFO:root:10 batches loss: 2.8781027674674986
INFO:root:10 batches loss: 2.7795589089393617
INFO:root:10 batches loss: 3.8924017190933227
INFO:root:10 batches loss: 2.7826505422592165
INFO:root:10 batches loss: 2.9538805961608885
INFO:root:10 batches loss: 3.070352578163147
INFO:root:10 batches loss: 3.3345129251480103
INFO:root:10 batches loss: 2.3404881358146667
INFO:root:10 batches loss: 2.994114935398102
INFO:root:10 batches loss: 3.0065809011459352
INFO:root:10 batches loss: 2.780327558517456
INFO:root:10 batches loss: 2.703280520439148
INFO:root:10 batches loss: 2.630882000923157
INFO:root:10 batches loss: 2.99590322971344
INFO:root:10 batches loss: 2.6717686533927916
INFO:root:10 batches loss: 3.4838980555534365
INFO:root:10 batches loss: 2.64079270362854
INFO:root:10 batches loss: 3.37820417881012
INFO:root:10 batches loss: 2.51095210313797
INFO:root:10 batches loss: 2.9700942397117616
INFO:root:10 batches loss: 2.1531588196754456
INFO:root:10 batches loss: 3.555657911300659
INFO:root:10 batches loss: 2.518097937107086
INFO:root:10 batches loss: 3.147537910938263
INFO:root:10 batches loss: 2.6313965797424315
INFO:root:10 batches loss: 2.767030918598175
INFO:root:10 batches loss: 3.2429498195648194
INFO:root:10 batches loss: 2.858456325531006
INFO:root:10 batches loss: 3.2898653984069823
INFO:root:10 batches loss: 3.2839306592941284
INFO:root:10 batches loss: 2.63838050365448
INFO:root:10 batches loss: 3.0712822675704956
INFO:root:10 batches loss: 3.1149988889694216
INFO:root:10 batches loss: 2.628062117099762
INFO:root:10 batches loss: 2.6534258365631103
INFO:root:10 batches loss: 3.0208690643310545
INFO:root:10 batches loss: 2.534760630130768
INFO:root:10 batches loss: 3.0995582342147827
INFO:root:10 batches loss: 3.3598328113555906
INFO:root:10 batches loss: 2.912029838562012
INFO:root:10 batches loss: 2.722660994529724
INFO:root:10 batches loss: 3.511043465137482
INFO:root:10 batches loss: 3.1437956571578978
INFO:root:10 batches loss: 2.898814582824707
INFO:root:10 batches loss: 3.148478615283966
INFO:root:10 batches loss: 3.265735459327698
INFO:root:10 batches loss: 2.6141488909721375
INFO:root:10 batches loss: 2.904507279396057
INFO:root:10 batches loss: 3.2091544389724733
INFO:root:10 batches loss: 2.9657458066940308
INFO:root:10 batches loss: 2.322279155254364
INFO:root:10 batches loss: 2.483807718753815
INFO:root:10 batches loss: 2.6802643060684206
INFO:root:10 batches loss: 2.4047760367393494
INFO:root:10 batches loss: 2.864252543449402
INFO:root:10 batches loss: 2.734535503387451
INFO:root:10 batches loss: 2.4521902799606323
INFO:root:10 batches loss: 2.7543833374977114
INFO:root:10 batches loss: 2.6174619436264037
INFO:root:10 batches loss: 3.084599804878235
INFO:root:10 batches loss: 2.580890393257141
INFO:root:10 batches loss: 2.2603743076324463
INFO:root:10 batches loss: 2.5479745984077455
INFO:root:10 batches loss: 3.3055655002593993
INFO:root:10 batches loss: 2.9027868032455446
INFO:root:10 batches loss: 3.40527548789978
INFO:root:10 batches loss: 2.888361382484436
INFO:root:10 batches loss: 2.8387975692749023
INFO:root:10 batches loss: 2.8866992235183715
INFO:root:10 batches loss: 2.701510190963745
INFO:root:10 batches loss: 2.9585592985153197
INFO:root:10 batches loss: 2.8724972724914553
INFO:root:10 batches loss: 3.1439985752105715
INFO:root:10 batches loss: 3.3504233598709106
INFO:root:10 batches loss: 3.160328376293182
INFO:root:10 batches loss: 3.1113146424293516
INFO:root:10 batches loss: 3.056748104095459
INFO:root:10 batches loss: 2.708681070804596
INFO:root:10 batches loss: 3.0450488567352294
INFO:root:10 batches loss: 2.506367599964142
INFO:root:10 batches loss: 2.405923092365265
INFO:root:10 batches loss: 3.1958477020263674
INFO:root:10 batches loss: 2.2058709621429444
INFO:root:10 batches loss: 2.858458065986633
INFO:root:10 batches loss: 3.0720645904541017
INFO:root:10 batches loss: 3.3603465080261232
INFO:root:10 batches loss: 2.9398043632507322
INFO:root:10 batches loss: 2.4506616950035096
INFO:root:10 batches loss: 2.731341814994812
INFO:root:10 batches loss: 3.323130524158478
INFO:root:10 batches loss: 3.054193413257599
INFO:root:10 batches loss: 3.353093183040619
INFO:root:10 batches loss: 2.7261627435684206
INFO:root:10 batches loss: 2.5650055050849914
INFO:root:10 batches loss: 2.6693589091300964
INFO:root:10 batches loss: 2.70190052986145
INFO:root:10 batches loss: 2.7677649021148683
INFO:root:10 batches loss: 3.560678768157959
INFO:root:10 batches loss: 3.36447194814682
INFO:root:10 batches loss: 2.7779573440551757
INFO:root:10 batches loss: 3.0397912502288817
INFO:root:10 batches loss: 3.1280531883239746
INFO:root:Train loss at the end of the epoch: 17916.085389494896
INFO:root:Validation accuracy: 13.974358974358974
INFO:root:==> Test
